704 1744
1 236
2 237
3 238
4 239
5 240
6 241
7 242
8 243
9 244
10 245
11 246
12 247
13 248
14 249
15 250
16 251
17 252
18 253
19 254
20 255
21 256
22 257
23 258
24 259
25 260
26 261
27 262
28 263
29 264
30 265
31 236
32 237
33 238
34 239
35 240
36 241
37 242
38 243
39 244
40 245
41 246
42 247
43 248
44 249
45 250
46 251
47 252
48 253
49 254
50 255
51 256
52 257
53 258
54 259
55 260
56 261
57 262
58 263
59 264
60 265
61 236
62 237
63 238
64 239
65 240
66 241
67 242
68 243
69 244
70 245
71 246
72 247
73 248
74 249
75 250
76 251
77 252
78 253
79 254
80 255
81 256
82 257
83 258
84 259
85 260
86 261
87 262
88 263
89 264
90 265
91 236
92 237
93 238
94 239
95 240
96 241
97 242
98 243
99 244
100 245
101 246
102 247
103 248
104 249
105 250
106 251
107 252
108 253
109 254
110 255
111 256
112 257
113 258
114 259
115 260
116 261
117 262
118 263
237 266
238 267
239 268
240 269
241 270
242 271
243 272
244 273
245 266
246 267
247 268
248 269
249 270
250 271
251 272
252 273
253 266
254 267
255 268
256 269
257 270
258 271
259 272
260 273
261 266
262 267
263 268
264 269
265 270
266 271
267 274
268 275
269 274
270 275
271 274
272 275
273 274
274 275
275 276
276 276
277 119
275 277
276 277
278 120
267 278
268 279
269 278
270 279
271 278
272 279
273 278
274 279
279 280
280 280
281 121
279 281
280 281
282 122
267 282
268 283
269 282
270 283
271 282
272 283
273 282
274 283
283 284
284 284
285 123
283 285
284 285
286 124
267 286
268 287
269 286
270 287
271 286
272 287
273 286
274 287
287 288
288 288
289 125
287 289
288 289
290 126
237 290
238 291
239 292
240 293
241 294
242 295
243 296
244 297
245 290
246 291
247 292
248 293
249 294
250 295
251 296
252 297
253 290
254 291
255 292
256 293
257 294
258 295
259 296
260 297
261 290
262 291
263 292
264 293
265 294
266 295
291 298
292 299
293 298
294 299
295 298
296 299
297 298
298 299
299 300
300 300
301 127
299 301
300 301
302 128
291 302
292 303
293 302
294 303
295 302
296 303
297 302
298 303
303 304
304 304
305 129
303 305
304 305
306 130
291 306
292 307
293 306
294 307
295 306
296 307
297 306
298 307
307 308
308 308
309 131
307 309
308 309
310 132
291 310
292 311
293 310
294 311
295 310
296 311
297 310
298 311
311 312
312 312
313 133
311 313
312 313
314 134
237 314
238 315
239 316
240 317
241 318
242 319
243 320
244 321
245 314
246 315
247 316
248 317
249 318
250 319
251 320
252 321
253 314
254 315
255 316
256 317
257 318
258 319
259 320
260 321
261 314
262 315
263 316
264 317
265 318
266 319
315 322
316 323
317 322
318 323
319 322
320 323
321 322
322 323
323 324
324 324
325 135
323 325
324 325
326 136
315 326
316 327
317 326
318 327
319 326
320 327
321 326
322 327
327 328
328 328
329 137
327 329
328 329
330 138
315 330
316 331
317 330
318 331
319 330
320 331
321 330
322 331
331 332
332 332
333 139
331 333
332 333
334 140
315 334
316 335
317 334
318 335
319 334
320 335
321 334
322 335
335 336
336 336
337 141
335 337
336 337
338 142
237 338
238 339
239 340
240 341
241 342
242 343
243 338
244 339
245 340
246 341
247 342
248 343
249 338
250 339
251 340
252 341
253 342
254 343
255 338
256 339
257 340
258 341
259 342
260 343
261 338
262 339
263 340
264 341
265 342
266 343
339 344
340 345
341 344
342 345
343 344
344 345
345 346
346 346
347 143
345 347
346 347
348 144
339 348
340 349
341 348
342 349
343 348
344 349
349 350
350 350
351 145
349 351
350 351
352 146
339 352
340 353
341 352
342 353
343 352
344 353
353 354
354 354
355 147
353 355
354 355
356 148
1 356
2 357
3 358
4 359
5 360
6 361
7 362
8 363
9 364
10 365
11 366
12 367
13 368
14 369
15 370
16 371
17 372
18 373
19 374
20 375
21 376
22 377
23 378
24 379
25 380
26 381
27 382
28 383
29 384
30 385
31 356
32 357
33 358
34 359
35 360
36 361
37 362
38 363
39 364
40 365
41 366
42 367
43 368
44 369
45 370
46 371
47 372
48 373
49 374
50 375
51 376
52 377
53 378
54 379
55 380
56 381
57 382
58 383
59 384
60 385
61 356
62 357
63 358
64 359
65 360
66 361
67 362
68 363
69 364
70 365
71 366
72 367
73 368
74 369
75 370
76 371
77 372
78 373
79 374
80 375
81 376
82 377
83 378
84 379
85 380
86 381
87 382
88 383
89 384
90 385
91 356
92 357
93 358
94 359
95 360
96 361
97 362
98 363
99 364
100 365
101 366
102 367
103 368
104 369
105 370
106 371
107 372
108 373
109 374
110 375
111 376
112 377
113 378
114 379
115 380
116 381
117 382
118 383
357 386
358 387
359 388
360 389
361 390
362 391
363 392
364 393
365 386
366 387
367 388
368 389
369 390
370 391
371 392
372 393
373 386
374 387
375 388
376 389
377 390
378 391
379 392
380 393
381 386
382 387
383 388
384 389
385 390
386 391
387 394
388 395
389 394
390 395
391 394
392 395
393 394
394 395
395 396
396 396
397 149
395 397
396 397
398 150
387 398
388 399
389 398
390 399
391 398
392 399
393 398
394 399
399 400
400 400
401 151
399 401
400 401
402 152
387 402
388 403
389 402
390 403
391 402
392 403
393 402
394 403
403 404
404 404
405 153
403 405
404 405
406 154
387 406
388 407
389 406
390 407
391 406
392 407
393 406
394 407
407 408
408 408
409 155
407 409
408 409
410 156
357 410
358 411
359 412
360 413
361 414
362 415
363 416
364 417
365 410
366 411
367 412
368 413
369 414
370 415
371 416
372 417
373 410
374 411
375 412
376 413
377 414
378 415
379 416
380 417
381 410
382 411
383 412
384 413
385 414
386 415
411 418
412 419
413 418
414 419
415 418
416 419
417 418
418 419
419 420
420 420
421 157
419 421
420 421
422 158
411 422
412 423
413 422
414 423
415 422
416 423
417 422
418 423
423 424
424 424
425 159
423 425
424 425
426 160
411 426
412 427
413 426
414 427
415 426
416 427
417 426
418 427
427 428
428 428
429 161
427 429
428 429
430 162
411 430
412 431
413 430
414 431
415 430
416 431
417 430
418 431
431 432
432 432
433 163
431 433
432 433
434 164
357 434
358 435
359 436
360 437
361 438
362 439
363 440
364 441
365 434
366 435
367 436
368 437
369 438
370 439
371 440
372 441
373 434
374 435
375 436
376 437
377 438
378 439
379 440
380 441
381 434
382 435
383 436
384 437
385 438
386 439
435 442
436 443
437 442
438 443
439 442
440 443
441 442
442 443
443 444
444 444
445 165
443 445
444 445
446 166
435 446
436 447
437 446
438 447
439 446
440 447
441 446
442 447
447 448
448 448
449 167
447 449
448 449
450 168
435 450
436 451
437 450
438 451
439 450
440 451
441 450
442 451
451 452
452 452
453 169
451 453
452 453
454 170
435 454
436 455
437 454
438 455
439 454
440 455
441 454
442 455
455 456
456 456
457 171
455 457
456 457
458 172
357 458
358 459
359 460
360 461
361 462
362 463
363 458
364 459
365 460
366 461
367 462
368 463
369 458
370 459
371 460
372 461
373 462
374 463
375 458
376 459
377 460
378 461
379 462
380 463
381 458
382 459
383 460
384 461
385 462
386 463
459 464
460 465
461 464
462 465
463 464
464 465
465 466
466 466
467 173
465 467
466 467
468 174
459 468
460 469
461 468
462 469
463 468
464 469
469 470
470 470
471 175
469 471
470 471
472 176
459 472
460 473
461 472
462 473
463 472
464 473
473 474
474 474
475 177
473 475
474 475
476 178
1 476
2 477
3 478
4 479
5 480
6 481
7 482
8 483
9 484
10 485
11 486
12 487
13 488
14 489
15 490
16 491
17 492
18 493
19 494
20 495
21 496
22 497
23 498
24 499
25 500
26 501
27 502
28 503
29 504
30 505
31 476
32 477
33 478
34 479
35 480
36 481
37 482
38 483
39 484
40 485
41 486
42 487
43 488
44 489
45 490
46 491
47 492
48 493
49 494
50 495
51 496
52 497
53 498
54 499
55 500
56 501
57 502
58 503
59 504
60 505
61 476
62 477
63 478
64 479
65 480
66 481
67 482
68 483
69 484
70 485
71 486
72 487
73 488
74 489
75 490
76 491
77 492
78 493
79 494
80 495
81 496
82 497
83 498
84 499
85 500
86 501
87 502
88 503
89 504
90 505
91 476
92 477
93 478
94 479
95 480
96 481
97 482
98 483
99 484
100 485
101 486
102 487
103 488
104 489
105 490
106 491
107 492
108 493
109 494
110 495
111 496
112 497
113 498
114 499
115 500
116 501
117 502
118 503
477 506
478 507
479 508
480 509
481 510
482 511
483 512
484 513
485 506
486 507
487 508
488 509
489 510
490 511
491 512
492 513
493 506
494 507
495 508
496 509
497 510
498 511
499 512
500 513
501 506
502 507
503 508
504 509
505 510
506 511
507 514
508 515
509 514
510 515
511 514
512 515
513 514
514 515
515 516
516 516
517 179
515 517
516 517
518 180
507 518
508 519
509 518
510 519
511 518
512 519
513 518
514 519
519 520
520 520
521 181
519 521
520 521
522 182
507 522
508 523
509 522
510 523
511 522
512 523
513 522
514 523
523 524
524 524
525 183
523 525
524 525
526 184
507 526
508 527
509 526
510 527
511 526
512 527
513 526
514 527
527 528
528 528
529 185
527 529
528 529
530 186
477 530
478 531
479 532
480 533
481 534
482 535
483 536
484 537
485 530
486 531
487 532
488 533
489 534
490 535
491 536
492 537
493 530
494 531
495 532
496 533
497 534
498 535
499 536
500 537
501 530
502 531
503 532
504 533
505 534
506 535
531 538
532 539
533 538
534 539
535 538
536 539
537 538
538 539
539 540
540 540
541 187
539 541
540 541
542 188
531 542
532 543
533 542
534 543
535 542
536 543
537 542
538 543
543 544
544 544
545 189
543 545
544 545
546 190
531 546
532 547
533 546
534 547
535 546
536 547
537 546
538 547
547 548
548 548
549 191
547 549
548 549
550 192
531 550
532 551
533 550
534 551
535 550
536 551
537 550
538 551
551 552
552 552
553 193
551 553
552 553
554 194
477 554
478 555
479 556
480 557
481 558
482 559
483 560
484 561
485 554
486 555
487 556
488 557
489 558
490 559
491 560
492 561
493 554
494 555
495 556
496 557
497 558
498 559
499 560
500 561
501 554
502 555
503 556
504 557
505 558
506 559
555 562
556 563
557 562
558 563
559 562
560 563
561 562
562 563
563 564
564 564
565 195
563 565
564 565
566 196
555 566
556 567
557 566
558 567
559 566
560 567
561 566
562 567
567 568
568 568
569 197
567 569
568 569
570 198
555 570
556 571
557 570
558 571
559 570
560 571
561 570
562 571
571 572
572 572
573 199
571 573
572 573
574 200
555 574
556 575
557 574
558 575
559 574
560 575
561 574
562 575
575 576
576 576
577 201
575 577
576 577
578 202
477 578
478 579
479 580
480 581
481 582
482 583
483 578
484 579
485 580
486 581
487 582
488 583
489 578
490 579
491 580
492 581
493 582
494 583
495 578
496 579
497 580
498 581
499 582
500 583
501 578
502 579
503 580
504 581
505 582
506 583
579 584
580 585
581 584
582 585
583 584
584 585
585 586
586 586
587 203
585 587
586 587
588 204
579 588
580 589
581 588
582 589
583 588
584 589
589 590
590 590
591 205
589 591
590 591
592 206
579 592
580 593
581 592
582 593
583 592
584 593
593 594
594 594
595 207
593 595
594 595
596 208
1 596
2 597
3 598
4 599
5 600
6 601
7 602
8 603
9 604
10 605
11 606
12 607
13 608
14 609
15 610
16 611
17 612
18 613
19 614
20 615
21 616
22 617
23 618
24 619
25 620
26 621
27 622
28 623
29 596
30 597
31 598
32 599
33 600
34 601
35 602
36 603
37 604
38 605
39 606
40 607
41 608
42 609
43 610
44 611
45 612
46 613
47 614
48 615
49 616
50 617
51 618
52 619
53 620
54 621
55 622
56 623
57 596
58 597
59 598
60 599
61 600
62 601
63 602
64 603
65 604
66 605
67 606
68 607
69 608
70 609
71 610
72 611
73 612
74 613
75 614
76 615
77 616
78 617
79 618
80 619
81 620
82 621
83 622
84 623
85 596
86 597
87 598
88 599
89 600
90 601
91 602
92 603
93 604
94 605
95 606
96 607
97 608
98 609
99 610
100 611
101 612
102 613
103 614
104 615
105 616
106 617
107 618
108 619
109 620
110 621
111 622
112 623
113 596
114 597
115 598
116 599
117 600
118 601
597 624
598 625
599 626
600 627
601 628
602 629
603 630
604 624
605 625
606 626
607 627
608 628
609 629
610 630
611 624
612 625
613 626
614 627
615 628
616 629
617 630
618 624
619 625
620 626
621 627
622 628
623 629
624 630
625 631
626 632
627 631
628 632
629 631
630 632
631 631
632 633
633 633
634 209
632 634
633 634
635 210
625 635
626 636
627 635
628 636
629 635
630 636
631 635
636 637
637 637
638 211
636 638
637 638
639 212
625 639
626 640
627 639
628 640
629 639
630 640
631 639
640 641
641 641
642 213
640 642
641 642
643 214
625 643
626 643
627 643
628 643
629 643
630 643
631 643
644 215
597 644
598 645
599 646
600 647
601 648
602 649
603 650
604 644
605 645
606 646
607 647
608 648
609 649
610 650
611 644
612 645
613 646
614 647
615 648
616 649
617 650
618 644
619 645
620 646
621 647
622 648
623 649
624 650
645 651
646 652
647 651
648 652
649 651
650 652
651 651
652 653
653 653
654 216
652 654
653 654
655 217
645 655
646 656
647 655
648 656
649 655
650 656
651 655
656 657
657 657
658 218
656 658
657 658
659 219
645 659
646 660
647 659
648 660
649 659
650 660
651 659
660 661
661 661
662 220
660 662
661 662
663 221
645 663
646 663
647 663
648 663
649 663
650 663
651 663
664 222
597 664
598 665
599 666
600 667
601 668
602 669
603 670
604 664
605 665
606 666
607 667
608 668
609 669
610 670
611 664
612 665
613 666
614 667
615 668
616 669
617 670
618 664
619 665
620 666
621 667
622 668
623 669
624 670
665 671
666 672
667 671
668 672
669 671
670 672
671 671
672 673
673 673
674 223
672 674
673 674
675 224
665 675
666 676
667 675
668 676
669 675
670 676
671 675
676 677
677 677
678 225
676 678
677 678
679 226
665 679
666 680
667 679
668 680
669 679
670 680
671 679
680 681
681 681
682 227
680 682
681 682
683 228
665 683
666 683
667 683
668 683
669 683
670 683
671 683
684 229
597 684
598 685
599 686
600 687
601 688
602 689
603 690
604 684
605 685
606 686
607 687
608 688
609 689
610 690
611 684
612 685
613 686
614 687
615 688
616 689
617 690
618 684
619 685
620 686
621 687
622 688
623 689
624 690
685 691
686 692
687 691
688 692
689 691
690 692
691 691
692 693
693 693
694 230
692 694
693 694
695 231
685 695
686 696
687 695
688 696
689 695
690 696
691 695
696 697
697 697
698 232
696 698
697 698
699 233
685 699
686 700
687 699
688 700
689 699
690 700
691 699
700 701
701 701
702 234
700 702
701 702
703 235
685 703
686 703
687 703
688 703
689 703
690 703
691 703
704 236
