1337 3727
1 446
2 447
3 448
4 449
5 450
6 451
7 452
8 453
9 454
10 455
11 456
12 457
13 458
14 459
15 460
16 461
17 462
18 463
19 464
20 465
21 466
22 467
23 468
24 469
25 470
26 471
27 472
28 473
29 474
30 475
31 476
32 477
33 478
34 479
35 480
36 481
37 482
38 483
39 484
40 485
41 486
42 487
43 488
44 489
45 490
46 491
47 492
48 493
49 494
50 495
51 496
52 497
53 498
54 499
55 500
56 501
57 446
58 447
59 448
60 449
61 450
62 451
63 452
64 453
65 454
66 455
67 456
68 457
69 458
70 459
71 460
72 461
73 462
74 463
75 464
76 465
77 466
78 467
79 468
80 469
81 470
82 471
83 472
84 473
85 474
86 475
87 476
88 477
89 478
90 479
91 480
92 481
93 482
94 483
95 484
96 485
97 486
98 487
99 488
100 489
101 490
102 491
103 492
104 493
105 494
106 495
107 496
108 497
109 498
110 499
111 500
112 501
113 446
114 447
115 448
116 449
117 450
118 451
119 452
120 453
121 454
122 455
123 456
124 457
125 458
126 459
127 460
128 461
129 462
130 463
131 464
132 465
133 466
134 467
135 468
136 469
137 470
138 471
139 472
140 473
141 474
142 475
143 476
144 477
145 478
146 479
147 480
148 481
149 482
150 483
151 484
152 485
153 486
154 487
155 488
156 489
157 490
158 491
159 492
160 493
161 494
162 495
163 496
164 497
165 498
166 499
167 500
168 501
169 446
170 447
171 448
172 449
173 450
174 451
175 452
176 453
177 454
178 455
179 456
180 457
181 458
182 459
183 460
184 461
185 462
186 463
187 464
188 465
189 466
190 467
191 468
192 469
193 470
194 471
195 472
196 473
197 474
198 475
199 476
200 477
201 478
202 479
203 480
204 481
205 482
206 483
207 484
208 485
209 486
210 487
211 488
212 489
213 490
214 491
215 492
216 493
217 494
218 495
219 496
220 497
221 498
222 499
223 500
447 502
448 503
449 504
450 505
451 506
452 507
453 508
454 509
455 510
456 511
457 512
458 513
459 514
460 515
461 502
462 503
463 504
464 505
465 506
466 507
467 508
468 509
469 510
470 511
471 512
472 513
473 514
474 515
475 502
476 503
477 504
478 505
479 506
480 507
481 508
482 509
483 510
484 511
485 512
486 513
487 514
488 515
489 502
490 503
491 504
492 505
493 506
494 507
495 508
496 509
497 510
498 511
499 512
500 513
501 514
502 515
503 516
504 517
505 518
506 519
507 516
508 517
509 518
510 519
511 516
512 517
513 518
514 519
515 516
516 517
517 520
518 520
519 520
520 520
521 224
517 521
518 521
519 521
520 521
522 225
517 522
518 522
519 522
520 522
523 226
517 523
518 523
519 523
520 523
524 227
503 524
504 525
505 526
506 527
507 524
508 525
509 526
510 527
511 524
512 525
513 526
514 527
515 524
516 525
525 528
526 528
527 528
528 528
529 228
525 529
526 529
527 529
528 529
530 229
525 530
526 530
527 530
528 530
531 230
525 531
526 531
527 531
528 531
532 231
503 532
504 533
505 534
506 535
507 532
508 533
509 534
510 535
511 532
512 533
513 534
514 535
515 532
516 533
533 536
534 536
535 536
536 536
537 232
533 537
534 537
535 537
536 537
538 233
533 538
534 538
535 538
536 538
539 234
533 539
534 539
535 539
536 539
540 235
503 540
504 541
505 540
506 541
507 540
508 541
509 540
510 541
511 540
512 541
513 540
514 541
515 540
516 541
541 542
542 542
543 236
541 543
542 543
544 237
447 544
448 545
449 546
450 547
451 548
452 549
453 550
454 551
455 552
456 553
457 554
458 555
459 556
460 557
461 544
462 545
463 546
464 547
465 548
466 549
467 550
468 551
469 552
470 553
471 554
472 555
473 556
474 557
475 544
476 545
477 546
478 547
479 548
480 549
481 550
482 551
483 552
484 553
485 554
486 555
487 556
488 557
489 544
490 545
491 546
492 547
493 548
494 549
495 550
496 551
497 552
498 553
499 554
500 555
501 556
502 557
545 558
546 559
547 560
548 561
549 558
550 559
551 560
552 561
553 558
554 559
555 560
556 561
557 558
558 559
559 562
560 562
561 562
562 562
563 238
559 563
560 563
561 563
562 563
564 239
559 564
560 564
561 564
562 564
565 240
559 565
560 565
561 565
562 565
566 241
545 566
546 567
547 568
548 569
549 566
550 567
551 568
552 569
553 566
554 567
555 568
556 569
557 566
558 567
567 570
568 570
569 570
570 570
571 242
567 571
568 571
569 571
570 571
572 243
567 572
568 572
569 572
570 572
573 244
567 573
568 573
569 573
570 573
574 245
545 574
546 575
547 576
548 577
549 574
550 575
551 576
552 577
553 574
554 575
555 576
556 577
557 574
558 575
575 578
576 578
577 578
578 578
579 246
575 579
576 579
577 579
578 579
580 247
575 580
576 580
577 580
578 580
581 248
575 581
576 581
577 581
578 581
582 249
545 582
546 583
547 582
548 583
549 582
550 583
551 582
552 583
553 582
554 583
555 582
556 583
557 582
558 583
583 584
584 584
585 250
583 585
584 585
586 251
447 586
448 587
449 588
450 589
451 590
452 591
453 592
454 593
455 594
456 595
457 596
458 597
459 598
460 599
461 586
462 587
463 588
464 589
465 590
466 591
467 592
468 593
469 594
470 595
471 596
472 597
473 598
474 599
475 586
476 587
477 588
478 589
479 590
480 591
481 592
482 593
483 594
484 595
485 596
486 597
487 598
488 599
489 586
490 587
491 588
492 589
493 590
494 591
495 592
496 593
497 594
498 595
499 596
500 597
501 598
502 599
587 600
588 601
589 602
590 603
591 600
592 601
593 602
594 603
595 600
596 601
597 602
598 603
599 600
600 601
601 604
602 604
603 604
604 604
605 252
601 605
602 605
603 605
604 605
606 253
601 606
602 606
603 606
604 606
607 254
601 607
602 607
603 607
604 607
608 255
587 608
588 609
589 610
590 611
591 608
592 609
593 610
594 611
595 608
596 609
597 610
598 611
599 608
600 609
609 612
610 612
611 612
612 612
613 256
609 613
610 613
611 613
612 613
614 257
609 614
610 614
611 614
612 614
615 258
609 615
610 615
611 615
612 615
616 259
587 616
588 617
589 618
590 619
591 616
592 617
593 618
594 619
595 616
596 617
597 618
598 619
599 616
600 617
617 620
618 620
619 620
620 620
621 260
617 621
618 621
619 621
620 621
622 261
617 622
618 622
619 622
620 622
623 262
617 623
618 623
619 623
620 623
624 263
587 624
588 625
589 624
590 625
591 624
592 625
593 624
594 625
595 624
596 625
597 624
598 625
599 624
600 625
625 626
626 626
627 264
625 627
626 627
628 265
447 628
448 629
449 630
450 631
451 632
452 633
453 634
454 635
455 636
456 637
457 638
458 639
459 640
460 641
461 628
462 629
463 630
464 631
465 632
466 633
467 634
468 635
469 636
470 637
471 638
472 639
473 640
474 641
475 628
476 629
477 630
478 631
479 632
480 633
481 634
482 635
483 636
484 637
485 638
486 639
487 640
488 641
489 628
490 629
491 630
492 631
493 632
494 633
495 634
496 635
497 636
498 637
499 638
500 639
501 640
502 641
629 642
630 643
631 644
632 645
633 642
634 643
635 644
636 645
637 642
638 643
639 644
640 645
641 642
642 643
643 646
644 646
645 646
646 646
647 266
643 647
644 647
645 647
646 647
648 267
643 648
644 648
645 648
646 648
649 268
643 649
644 649
645 649
646 649
650 269
629 650
630 651
631 652
632 653
633 650
634 651
635 652
636 653
637 650
638 651
639 652
640 653
641 650
642 651
651 654
652 654
653 654
654 654
655 270
651 655
652 655
653 655
654 655
656 271
651 656
652 656
653 656
654 656
657 272
651 657
652 657
653 657
654 657
658 273
629 658
630 659
631 660
632 661
633 658
634 659
635 660
636 661
637 658
638 659
639 660
640 661
641 658
642 659
659 662
660 662
661 662
662 662
663 274
659 663
660 663
661 663
662 663
664 275
659 664
660 664
661 664
662 664
665 276
659 665
660 665
661 665
662 665
666 277
629 666
630 667
631 666
632 667
633 666
634 667
635 666
636 667
637 666
638 667
639 666
640 667
641 666
642 667
667 668
668 668
669 278
667 669
668 669
670 279
1 670
2 671
3 672
4 673
5 674
6 675
7 676
8 677
9 678
10 679
11 680
12 681
13 682
14 683
15 684
16 685
17 686
18 687
19 688
20 689
21 690
22 691
23 692
24 693
25 694
26 695
27 696
28 697
29 698
30 699
31 700
32 701
33 702
34 703
35 704
36 705
37 706
38 707
39 708
40 709
41 710
42 711
43 712
44 713
45 714
46 715
47 716
48 717
49 718
50 719
51 720
52 721
53 722
54 723
55 724
56 725
57 670
58 671
59 672
60 673
61 674
62 675
63 676
64 677
65 678
66 679
67 680
68 681
69 682
70 683
71 684
72 685
73 686
74 687
75 688
76 689
77 690
78 691
79 692
80 693
81 694
82 695
83 696
84 697
85 698
86 699
87 700
88 701
89 702
90 703
91 704
92 705
93 706
94 707
95 708
96 709
97 710
98 711
99 712
100 713
101 714
102 715
103 716
104 717
105 718
106 719
107 720
108 721
109 722
110 723
111 724
112 725
113 670
114 671
115 672
116 673
117 674
118 675
119 676
120 677
121 678
122 679
123 680
124 681
125 682
126 683
127 684
128 685
129 686
130 687
131 688
132 689
133 690
134 691
135 692
136 693
137 694
138 695
139 696
140 697
141 698
142 699
143 700
144 701
145 702
146 703
147 704
148 705
149 706
150 707
151 708
152 709
153 710
154 711
155 712
156 713
157 714
158 715
159 716
160 717
161 718
162 719
163 720
164 721
165 722
166 723
167 724
168 725
169 670
170 671
171 672
172 673
173 674
174 675
175 676
176 677
177 678
178 679
179 680
180 681
181 682
182 683
183 684
184 685
185 686
186 687
187 688
188 689
189 690
190 691
191 692
192 693
193 694
194 695
195 696
196 697
197 698
198 699
199 700
200 701
201 702
202 703
203 704
204 705
205 706
206 707
207 708
208 709
209 710
210 711
211 712
212 713
213 714
214 715
215 716
216 717
217 718
218 719
219 720
220 721
221 722
222 723
223 724
671 726
672 727
673 728
674 729
675 730
676 731
677 732
678 733
679 734
680 735
681 736
682 737
683 738
684 739
685 726
686 727
687 728
688 729
689 730
690 731
691 732
692 733
693 734
694 735
695 736
696 737
697 738
698 739
699 726
700 727
701 728
702 729
703 730
704 731
705 732
706 733
707 734
708 735
709 736
710 737
711 738
712 739
713 726
714 727
715 728
716 729
717 730
718 731
719 732
720 733
721 734
722 735
723 736
724 737
725 738
726 739
727 740
728 741
729 742
730 743
731 740
732 741
733 742
734 743
735 740
736 741
737 742
738 743
739 740
740 741
741 744
742 744
743 744
744 744
745 280
741 745
742 745
743 745
744 745
746 281
741 746
742 746
743 746
744 746
747 282
741 747
742 747
743 747
744 747
748 283
727 748
728 749
729 750
730 751
731 748
732 749
733 750
734 751
735 748
736 749
737 750
738 751
739 748
740 749
749 752
750 752
751 752
752 752
753 284
749 753
750 753
751 753
752 753
754 285
749 754
750 754
751 754
752 754
755 286
749 755
750 755
751 755
752 755
756 287
727 756
728 757
729 758
730 759
731 756
732 757
733 758
734 759
735 756
736 757
737 758
738 759
739 756
740 757
757 760
758 760
759 760
760 760
761 288
757 761
758 761
759 761
760 761
762 289
757 762
758 762
759 762
760 762
763 290
757 763
758 763
759 763
760 763
764 291
727 764
728 765
729 764
730 765
731 764
732 765
733 764
734 765
735 764
736 765
737 764
738 765
739 764
740 765
765 766
766 766
767 292
765 767
766 767
768 293
671 768
672 769
673 770
674 771
675 772
676 773
677 774
678 775
679 776
680 777
681 778
682 779
683 780
684 781
685 768
686 769
687 770
688 771
689 772
690 773
691 774
692 775
693 776
694 777
695 778
696 779
697 780
698 781
699 768
700 769
701 770
702 771
703 772
704 773
705 774
706 775
707 776
708 777
709 778
710 779
711 780
712 781
713 768
714 769
715 770
716 771
717 772
718 773
719 774
720 775
721 776
722 777
723 778
724 779
725 780
726 781
769 782
770 783
771 784
772 785
773 782
774 783
775 784
776 785
777 782
778 783
779 784
780 785
781 782
782 783
783 786
784 786
785 786
786 786
787 294
783 787
784 787
785 787
786 787
788 295
783 788
784 788
785 788
786 788
789 296
783 789
784 789
785 789
786 789
790 297
769 790
770 791
771 792
772 793
773 790
774 791
775 792
776 793
777 790
778 791
779 792
780 793
781 790
782 791
791 794
792 794
793 794
794 794
795 298
791 795
792 795
793 795
794 795
796 299
791 796
792 796
793 796
794 796
797 300
791 797
792 797
793 797
794 797
798 301
769 798
770 799
771 800
772 801
773 798
774 799
775 800
776 801
777 798
778 799
779 800
780 801
781 798
782 799
799 802
800 802
801 802
802 802
803 302
799 803
800 803
801 803
802 803
804 303
799 804
800 804
801 804
802 804
805 304
799 805
800 805
801 805
802 805
806 305
769 806
770 807
771 806
772 807
773 806
774 807
775 806
776 807
777 806
778 807
779 806
780 807
781 806
782 807
807 808
808 808
809 306
807 809
808 809
810 307
671 810
672 811
673 812
674 813
675 814
676 815
677 816
678 817
679 818
680 819
681 820
682 821
683 822
684 823
685 810
686 811
687 812
688 813
689 814
690 815
691 816
692 817
693 818
694 819
695 820
696 821
697 822
698 823
699 810
700 811
701 812
702 813
703 814
704 815
705 816
706 817
707 818
708 819
709 820
710 821
711 822
712 823
713 810
714 811
715 812
716 813
717 814
718 815
719 816
720 817
721 818
722 819
723 820
724 821
725 822
726 823
811 824
812 825
813 826
814 827
815 824
816 825
817 826
818 827
819 824
820 825
821 826
822 827
823 824
824 825
825 828
826 828
827 828
828 828
829 308
825 829
826 829
827 829
828 829
830 309
825 830
826 830
827 830
828 830
831 310
825 831
826 831
827 831
828 831
832 311
811 832
812 833
813 834
814 835
815 832
816 833
817 834
818 835
819 832
820 833
821 834
822 835
823 832
824 833
833 836
834 836
835 836
836 836
837 312
833 837
834 837
835 837
836 837
838 313
833 838
834 838
835 838
836 838
839 314
833 839
834 839
835 839
836 839
840 315
811 840
812 841
813 842
814 843
815 840
816 841
817 842
818 843
819 840
820 841
821 842
822 843
823 840
824 841
841 844
842 844
843 844
844 844
845 316
841 845
842 845
843 845
844 845
846 317
841 846
842 846
843 846
844 846
847 318
841 847
842 847
843 847
844 847
848 319
811 848
812 849
813 848
814 849
815 848
816 849
817 848
818 849
819 848
820 849
821 848
822 849
823 848
824 849
849 850
850 850
851 320
849 851
850 851
852 321
671 852
672 853
673 854
674 855
675 856
676 857
677 858
678 859
679 860
680 861
681 862
682 863
683 864
684 865
685 852
686 853
687 854
688 855
689 856
690 857
691 858
692 859
693 860
694 861
695 862
696 863
697 864
698 865
699 852
700 853
701 854
702 855
703 856
704 857
705 858
706 859
707 860
708 861
709 862
710 863
711 864
712 865
713 852
714 853
715 854
716 855
717 856
718 857
719 858
720 859
721 860
722 861
723 862
724 863
725 864
726 865
853 866
854 867
855 868
856 869
857 866
858 867
859 868
860 869
861 866
862 867
863 868
864 869
865 866
866 867
867 870
868 870
869 870
870 870
871 322
867 871
868 871
869 871
870 871
872 323
867 872
868 872
869 872
870 872
873 324
867 873
868 873
869 873
870 873
874 325
853 874
854 875
855 876
856 877
857 874
858 875
859 876
860 877
861 874
862 875
863 876
864 877
865 874
866 875
875 878
876 878
877 878
878 878
879 326
875 879
876 879
877 879
878 879
880 327
875 880
876 880
877 880
878 880
881 328
875 881
876 881
877 881
878 881
882 329
853 882
854 883
855 884
856 885
857 882
858 883
859 884
860 885
861 882
862 883
863 884
864 885
865 882
866 883
883 886
884 886
885 886
886 886
887 330
883 887
884 887
885 887
886 887
888 331
883 888
884 888
885 888
886 888
889 332
883 889
884 889
885 889
886 889
890 333
853 890
854 891
855 890
856 891
857 890
858 891
859 890
860 891
861 890
862 891
863 890
864 891
865 890
866 891
891 892
892 892
893 334
891 893
892 893
894 335
1 894
2 895
3 896
4 897
5 898
6 899
7 900
8 901
9 902
10 903
11 904
12 905
13 906
14 907
15 908
16 909
17 910
18 911
19 912
20 913
21 914
22 915
23 916
24 917
25 918
26 919
27 920
28 921
29 922
30 923
31 924
32 925
33 926
34 927
35 928
36 929
37 930
38 931
39 932
40 933
41 934
42 935
43 936
44 937
45 938
46 939
47 940
48 941
49 942
50 943
51 944
52 945
53 946
54 947
55 948
56 949
57 894
58 895
59 896
60 897
61 898
62 899
63 900
64 901
65 902
66 903
67 904
68 905
69 906
70 907
71 908
72 909
73 910
74 911
75 912
76 913
77 914
78 915
79 916
80 917
81 918
82 919
83 920
84 921
85 922
86 923
87 924
88 925
89 926
90 927
91 928
92 929
93 930
94 931
95 932
96 933
97 934
98 935
99 936
100 937
101 938
102 939
103 940
104 941
105 942
106 943
107 944
108 945
109 946
110 947
111 948
112 949
113 894
114 895
115 896
116 897
117 898
118 899
119 900
120 901
121 902
122 903
123 904
124 905
125 906
126 907
127 908
128 909
129 910
130 911
131 912
132 913
133 914
134 915
135 916
136 917
137 918
138 919
139 920
140 921
141 922
142 923
143 924
144 925
145 926
146 927
147 928
148 929
149 930
150 931
151 932
152 933
153 934
154 935
155 936
156 937
157 938
158 939
159 940
160 941
161 942
162 943
163 944
164 945
165 946
166 947
167 948
168 949
169 894
170 895
171 896
172 897
173 898
174 899
175 900
176 901
177 902
178 903
179 904
180 905
181 906
182 907
183 908
184 909
185 910
186 911
187 912
188 913
189 914
190 915
191 916
192 917
193 918
194 919
195 920
196 921
197 922
198 923
199 924
200 925
201 926
202 927
203 928
204 929
205 930
206 931
207 932
208 933
209 934
210 935
211 936
212 937
213 938
214 939
215 940
216 941
217 942
218 943
219 944
220 945
221 946
222 947
223 948
895 950
896 951
897 952
898 953
899 954
900 955
901 956
902 957
903 958
904 959
905 960
906 961
907 962
908 963
909 950
910 951
911 952
912 953
913 954
914 955
915 956
916 957
917 958
918 959
919 960
920 961
921 962
922 963
923 950
924 951
925 952
926 953
927 954
928 955
929 956
930 957
931 958
932 959
933 960
934 961
935 962
936 963
937 950
938 951
939 952
940 953
941 954
942 955
943 956
944 957
945 958
946 959
947 960
948 961
949 962
950 963
951 964
952 965
953 966
954 967
955 964
956 965
957 966
958 967
959 964
960 965
961 966
962 967
963 964
964 965
965 968
966 968
967 968
968 968
969 336
965 969
966 969
967 969
968 969
970 337
965 970
966 970
967 970
968 970
971 338
965 971
966 971
967 971
968 971
972 339
951 972
952 973
953 974
954 975
955 972
956 973
957 974
958 975
959 972
960 973
961 974
962 975
963 972
964 973
973 976
974 976
975 976
976 976
977 340
973 977
974 977
975 977
976 977
978 341
973 978
974 978
975 978
976 978
979 342
973 979
974 979
975 979
976 979
980 343
951 980
952 981
953 982
954 983
955 980
956 981
957 982
958 983
959 980
960 981
961 982
962 983
963 980
964 981
981 984
982 984
983 984
984 984
985 344
981 985
982 985
983 985
984 985
986 345
981 986
982 986
983 986
984 986
987 346
981 987
982 987
983 987
984 987
988 347
951 988
952 989
953 988
954 989
955 988
956 989
957 988
958 989
959 988
960 989
961 988
962 989
963 988
964 989
989 990
990 990
991 348
989 991
990 991
992 349
895 992
896 993
897 994
898 995
899 996
900 997
901 998
902 999
903 1000
904 1001
905 1002
906 1003
907 1004
908 1005
909 992
910 993
911 994
912 995
913 996
914 997
915 998
916 999
917 1000
918 1001
919 1002
920 1003
921 1004
922 1005
923 992
924 993
925 994
926 995
927 996
928 997
929 998
930 999
931 1000
932 1001
933 1002
934 1003
935 1004
936 1005
937 992
938 993
939 994
940 995
941 996
942 997
943 998
944 999
945 1000
946 1001
947 1002
948 1003
949 1004
950 1005
993 1006
994 1007
995 1008
996 1009
997 1006
998 1007
999 1008
1000 1009
1001 1006
1002 1007
1003 1008
1004 1009
1005 1006
1006 1007
1007 1010
1008 1010
1009 1010
1010 1010
1011 350
1007 1011
1008 1011
1009 1011
1010 1011
1012 351
1007 1012
1008 1012
1009 1012
1010 1012
1013 352
1007 1013
1008 1013
1009 1013
1010 1013
1014 353
993 1014
994 1015
995 1016
996 1017
997 1014
998 1015
999 1016
1000 1017
1001 1014
1002 1015
1003 1016
1004 1017
1005 1014
1006 1015
1015 1018
1016 1018
1017 1018
1018 1018
1019 354
1015 1019
1016 1019
1017 1019
1018 1019
1020 355
1015 1020
1016 1020
1017 1020
1018 1020
1021 356
1015 1021
1016 1021
1017 1021
1018 1021
1022 357
993 1022
994 1023
995 1024
996 1025
997 1022
998 1023
999 1024
1000 1025
1001 1022
1002 1023
1003 1024
1004 1025
1005 1022
1006 1023
1023 1026
1024 1026
1025 1026
1026 1026
1027 358
1023 1027
1024 1027
1025 1027
1026 1027
1028 359
1023 1028
1024 1028
1025 1028
1026 1028
1029 360
1023 1029
1024 1029
1025 1029
1026 1029
1030 361
993 1030
994 1031
995 1030
996 1031
997 1030
998 1031
999 1030
1000 1031
1001 1030
1002 1031
1003 1030
1004 1031
1005 1030
1006 1031
1031 1032
1032 1032
1033 362
1031 1033
1032 1033
1034 363
895 1034
896 1035
897 1036
898 1037
899 1038
900 1039
901 1040
902 1041
903 1042
904 1043
905 1044
906 1045
907 1046
908 1047
909 1034
910 1035
911 1036
912 1037
913 1038
914 1039
915 1040
916 1041
917 1042
918 1043
919 1044
920 1045
921 1046
922 1047
923 1034
924 1035
925 1036
926 1037
927 1038
928 1039
929 1040
930 1041
931 1042
932 1043
933 1044
934 1045
935 1046
936 1047
937 1034
938 1035
939 1036
940 1037
941 1038
942 1039
943 1040
944 1041
945 1042
946 1043
947 1044
948 1045
949 1046
950 1047
1035 1048
1036 1049
1037 1050
1038 1051
1039 1048
1040 1049
1041 1050
1042 1051
1043 1048
1044 1049
1045 1050
1046 1051
1047 1048
1048 1049
1049 1052
1050 1052
1051 1052
1052 1052
1053 364
1049 1053
1050 1053
1051 1053
1052 1053
1054 365
1049 1054
1050 1054
1051 1054
1052 1054
1055 366
1049 1055
1050 1055
1051 1055
1052 1055
1056 367
1035 1056
1036 1057
1037 1058
1038 1059
1039 1056
1040 1057
1041 1058
1042 1059
1043 1056
1044 1057
1045 1058
1046 1059
1047 1056
1048 1057
1057 1060
1058 1060
1059 1060
1060 1060
1061 368
1057 1061
1058 1061
1059 1061
1060 1061
1062 369
1057 1062
1058 1062
1059 1062
1060 1062
1063 370
1057 1063
1058 1063
1059 1063
1060 1063
1064 371
1035 1064
1036 1065
1037 1066
1038 1067
1039 1064
1040 1065
1041 1066
1042 1067
1043 1064
1044 1065
1045 1066
1046 1067
1047 1064
1048 1065
1065 1068
1066 1068
1067 1068
1068 1068
1069 372
1065 1069
1066 1069
1067 1069
1068 1069
1070 373
1065 1070
1066 1070
1067 1070
1068 1070
1071 374
1065 1071
1066 1071
1067 1071
1068 1071
1072 375
1035 1072
1036 1073
1037 1072
1038 1073
1039 1072
1040 1073
1041 1072
1042 1073
1043 1072
1044 1073
1045 1072
1046 1073
1047 1072
1048 1073
1073 1074
1074 1074
1075 376
1073 1075
1074 1075
1076 377
895 1076
896 1077
897 1078
898 1079
899 1080
900 1081
901 1082
902 1083
903 1084
904 1085
905 1086
906 1087
907 1088
908 1089
909 1076
910 1077
911 1078
912 1079
913 1080
914 1081
915 1082
916 1083
917 1084
918 1085
919 1086
920 1087
921 1088
922 1089
923 1076
924 1077
925 1078
926 1079
927 1080
928 1081
929 1082
930 1083
931 1084
932 1085
933 1086
934 1087
935 1088
936 1089
937 1076
938 1077
939 1078
940 1079
941 1080
942 1081
943 1082
944 1083
945 1084
946 1085
947 1086
948 1087
949 1088
950 1089
1077 1090
1078 1091
1079 1092
1080 1093
1081 1090
1082 1091
1083 1092
1084 1093
1085 1090
1086 1091
1087 1092
1088 1093
1089 1090
1090 1091
1091 1094
1092 1094
1093 1094
1094 1094
1095 378
1091 1095
1092 1095
1093 1095
1094 1095
1096 379
1091 1096
1092 1096
1093 1096
1094 1096
1097 380
1091 1097
1092 1097
1093 1097
1094 1097
1098 381
1077 1098
1078 1099
1079 1100
1080 1101
1081 1098
1082 1099
1083 1100
1084 1101
1085 1098
1086 1099
1087 1100
1088 1101
1089 1098
1090 1099
1099 1102
1100 1102
1101 1102
1102 1102
1103 382
1099 1103
1100 1103
1101 1103
1102 1103
1104 383
1099 1104
1100 1104
1101 1104
1102 1104
1105 384
1099 1105
1100 1105
1101 1105
1102 1105
1106 385
1077 1106
1078 1107
1079 1108
1080 1109
1081 1106
1082 1107
1083 1108
1084 1109
1085 1106
1086 1107
1087 1108
1088 1109
1089 1106
1090 1107
1107 1110
1108 1110
1109 1110
1110 1110
1111 386
1107 1111
1108 1111
1109 1111
1110 1111
1112 387
1107 1112
1108 1112
1109 1112
1110 1112
1113 388
1107 1113
1108 1113
1109 1113
1110 1113
1114 389
1077 1114
1078 1115
1079 1114
1080 1115
1081 1114
1082 1115
1083 1114
1084 1115
1085 1114
1086 1115
1087 1114
1088 1115
1089 1114
1090 1115
1115 1116
1116 1116
1117 390
1115 1117
1116 1117
1118 391
1 1118
2 1119
3 1120
4 1121
5 1122
6 1123
7 1124
8 1125
9 1126
10 1127
11 1128
12 1129
13 1130
14 1131
15 1132
16 1133
17 1134
18 1135
19 1136
20 1137
21 1138
22 1139
23 1140
24 1141
25 1142
26 1143
27 1144
28 1145
29 1146
30 1147
31 1148
32 1149
33 1150
34 1151
35 1152
36 1153
37 1154
38 1155
39 1156
40 1157
41 1158
42 1159
43 1160
44 1161
45 1162
46 1163
47 1164
48 1165
49 1166
50 1167
51 1168
52 1169
53 1170
54 1171
55 1172
56 1118
57 1119
58 1120
59 1121
60 1122
61 1123
62 1124
63 1125
64 1126
65 1127
66 1128
67 1129
68 1130
69 1131
70 1132
71 1133
72 1134
73 1135
74 1136
75 1137
76 1138
77 1139
78 1140
79 1141
80 1142
81 1143
82 1144
83 1145
84 1146
85 1147
86 1148
87 1149
88 1150
89 1151
90 1152
91 1153
92 1154
93 1155
94 1156
95 1157
96 1158
97 1159
98 1160
99 1161
100 1162
101 1163
102 1164
103 1165
104 1166
105 1167
106 1168
107 1169
108 1170
109 1171
110 1172
111 1118
112 1119
113 1120
114 1121
115 1122
116 1123
117 1124
118 1125
119 1126
120 1127
121 1128
122 1129
123 1130
124 1131
125 1132
126 1133
127 1134
128 1135
129 1136
130 1137
131 1138
132 1139
133 1140
134 1141
135 1142
136 1143
137 1144
138 1145
139 1146
140 1147
141 1148
142 1149
143 1150
144 1151
145 1152
146 1153
147 1154
148 1155
149 1156
150 1157
151 1158
152 1159
153 1160
154 1161
155 1162
156 1163
157 1164
158 1165
159 1166
160 1167
161 1168
162 1169
163 1170
164 1171
165 1172
166 1118
167 1119
168 1120
169 1121
170 1122
171 1123
172 1124
173 1125
174 1126
175 1127
176 1128
177 1129
178 1130
179 1131
180 1132
181 1133
182 1134
183 1135
184 1136
185 1137
186 1138
187 1139
188 1140
189 1141
190 1142
191 1143
192 1144
193 1145
194 1146
195 1147
196 1148
197 1149
198 1150
199 1151
200 1152
201 1153
202 1154
203 1155
204 1156
205 1157
206 1158
207 1159
208 1160
209 1161
210 1162
211 1163
212 1164
213 1165
214 1166
215 1167
216 1168
217 1169
218 1170
219 1171
220 1172
221 1118
222 1119
223 1120
1119 1173
1120 1174
1121 1175
1122 1176
1123 1177
1124 1178
1125 1179
1126 1180
1127 1181
1128 1182
1129 1183
1130 1184
1131 1185
1132 1186
1133 1173
1134 1174
1135 1175
1136 1176
1137 1177
1138 1178
1139 1179
1140 1180
1141 1181
1142 1182
1143 1183
1144 1184
1145 1185
1146 1186
1147 1173
1148 1174
1149 1175
1150 1176
1151 1177
1152 1178
1153 1179
1154 1180
1155 1181
1156 1182
1157 1183
1158 1184
1159 1185
1160 1186
1161 1173
1162 1174
1163 1175
1164 1176
1165 1177
1166 1178
1167 1179
1168 1180
1169 1181
1170 1182
1171 1183
1172 1184
1173 1185
1174 1187
1175 1188
1176 1189
1177 1190
1178 1187
1179 1188
1180 1189
1181 1190
1182 1187
1183 1188
1184 1189
1185 1190
1186 1187
1187 1188
1188 1191
1189 1191
1190 1191
1191 1191
1192 392
1188 1192
1189 1192
1190 1192
1191 1192
1193 393
1188 1193
1189 1193
1190 1193
1191 1193
1194 394
1188 1194
1189 1194
1190 1194
1191 1194
1195 395
1174 1195
1175 1196
1176 1197
1177 1198
1178 1195
1179 1196
1180 1197
1181 1198
1182 1195
1183 1196
1184 1197
1185 1198
1186 1195
1187 1196
1196 1199
1197 1199
1198 1199
1199 1199
1200 396
1196 1200
1197 1200
1198 1200
1199 1200
1201 397
1196 1201
1197 1201
1198 1201
1199 1201
1202 398
1196 1202
1197 1202
1198 1202
1199 1202
1203 399
1174 1203
1175 1204
1176 1205
1177 1206
1178 1203
1179 1204
1180 1205
1181 1206
1182 1203
1183 1204
1184 1205
1185 1206
1186 1203
1187 1204
1204 1207
1205 1207
1206 1207
1207 1207
1208 400
1204 1208
1205 1208
1206 1208
1207 1208
1209 401
1204 1209
1205 1209
1206 1209
1207 1209
1210 402
1204 1210
1205 1210
1206 1210
1207 1210
1211 403
1174 1211
1175 1212
1176 1211
1177 1212
1178 1211
1179 1212
1180 1211
1181 1212
1182 1211
1183 1212
1184 1211
1185 1212
1186 1211
1187 1212
1212 1213
1213 1213
1214 404
1212 1214
1213 1214
1215 405
1119 1215
1120 1216
1121 1217
1122 1218
1123 1219
1124 1220
1125 1221
1126 1222
1127 1223
1128 1224
1129 1225
1130 1226
1131 1227
1132 1228
1133 1215
1134 1216
1135 1217
1136 1218
1137 1219
1138 1220
1139 1221
1140 1222
1141 1223
1142 1224
1143 1225
1144 1226
1145 1227
1146 1228
1147 1215
1148 1216
1149 1217
1150 1218
1151 1219
1152 1220
1153 1221
1154 1222
1155 1223
1156 1224
1157 1225
1158 1226
1159 1227
1160 1228
1161 1215
1162 1216
1163 1217
1164 1218
1165 1219
1166 1220
1167 1221
1168 1222
1169 1223
1170 1224
1171 1225
1172 1226
1173 1227
1216 1229
1217 1230
1218 1231
1219 1232
1220 1229
1221 1230
1222 1231
1223 1232
1224 1229
1225 1230
1226 1231
1227 1232
1228 1229
1229 1230
1230 1233
1231 1233
1232 1233
1233 1233
1234 406
1230 1234
1231 1234
1232 1234
1233 1234
1235 407
1230 1235
1231 1235
1232 1235
1233 1235
1236 408
1230 1236
1231 1236
1232 1236
1233 1236
1237 409
1216 1237
1217 1238
1218 1239
1219 1240
1220 1237
1221 1238
1222 1239
1223 1240
1224 1237
1225 1238
1226 1239
1227 1240
1228 1237
1229 1238
1238 1241
1239 1241
1240 1241
1241 1241
1242 410
1238 1242
1239 1242
1240 1242
1241 1242
1243 411
1238 1243
1239 1243
1240 1243
1241 1243
1244 412
1238 1244
1239 1244
1240 1244
1241 1244
1245 413
1216 1245
1217 1246
1218 1247
1219 1248
1220 1245
1221 1246
1222 1247
1223 1248
1224 1245
1225 1246
1226 1247
1227 1248
1228 1245
1229 1246
1246 1249
1247 1249
1248 1249
1249 1249
1250 414
1246 1250
1247 1250
1248 1250
1249 1250
1251 415
1246 1251
1247 1251
1248 1251
1249 1251
1252 416
1246 1252
1247 1252
1248 1252
1249 1252
1253 417
1216 1253
1217 1254
1218 1253
1219 1254
1220 1253
1221 1254
1222 1253
1223 1254
1224 1253
1225 1254
1226 1253
1227 1254
1228 1253
1229 1254
1254 1255
1255 1255
1256 418
1254 1256
1255 1256
1257 419
1119 1257
1120 1258
1121 1259
1122 1260
1123 1261
1124 1262
1125 1263
1126 1264
1127 1265
1128 1266
1129 1267
1130 1268
1131 1269
1132 1270
1133 1257
1134 1258
1135 1259
1136 1260
1137 1261
1138 1262
1139 1263
1140 1264
1141 1265
1142 1266
1143 1267
1144 1268
1145 1269
1146 1270
1147 1257
1148 1258
1149 1259
1150 1260
1151 1261
1152 1262
1153 1263
1154 1264
1155 1265
1156 1266
1157 1267
1158 1268
1159 1269
1160 1270
1161 1257
1162 1258
1163 1259
1164 1260
1165 1261
1166 1262
1167 1263
1168 1264
1169 1265
1170 1266
1171 1267
1172 1268
1173 1269
1258 1271
1259 1272
1260 1273
1261 1274
1262 1271
1263 1272
1264 1273
1265 1274
1266 1271
1267 1272
1268 1273
1269 1274
1270 1271
1271 1272
1272 1275
1273 1275
1274 1275
1275 1275
1276 420
1272 1276
1273 1276
1274 1276
1275 1276
1277 421
1272 1277
1273 1277
1274 1277
1275 1277
1278 422
1272 1278
1273 1278
1274 1278
1275 1278
1279 423
1258 1279
1259 1280
1260 1281
1261 1282
1262 1279
1263 1280
1264 1281
1265 1282
1266 1279
1267 1280
1268 1281
1269 1282
1270 1279
1271 1280
1280 1283
1281 1283
1282 1283
1283 1283
1284 424
1280 1284
1281 1284
1282 1284
1283 1284
1285 425
1280 1285
1281 1285
1282 1285
1283 1285
1286 426
1280 1286
1281 1286
1282 1286
1283 1286
1287 427
1258 1287
1259 1288
1260 1289
1261 1290
1262 1287
1263 1288
1264 1289
1265 1290
1266 1287
1267 1288
1268 1289
1269 1290
1270 1287
1271 1288
1288 1291
1289 1291
1290 1291
1291 1291
1292 428
1288 1292
1289 1292
1290 1292
1291 1292
1293 429
1288 1293
1289 1293
1290 1293
1291 1293
1294 430
1288 1294
1289 1294
1290 1294
1291 1294
1295 431
1258 1295
1259 1296
1260 1295
1261 1296
1262 1295
1263 1296
1264 1295
1265 1296
1266 1295
1267 1296
1268 1295
1269 1296
1270 1295
1271 1296
1296 1297
1297 1297
1298 432
1296 1298
1297 1298
1299 433
1119 1299
1120 1300
1121 1301
1122 1302
1123 1303
1124 1304
1125 1305
1126 1306
1127 1307
1128 1308
1129 1309
1130 1310
1131 1311
1132 1299
1133 1300
1134 1301
1135 1302
1136 1303
1137 1304
1138 1305
1139 1306
1140 1307
1141 1308
1142 1309
1143 1310
1144 1311
1145 1299
1146 1300
1147 1301
1148 1302
1149 1303
1150 1304
1151 1305
1152 1306
1153 1307
1154 1308
1155 1309
1156 1310
1157 1311
1158 1299
1159 1300
1160 1301
1161 1302
1162 1303
1163 1304
1164 1305
1165 1306
1166 1307
1167 1308
1168 1309
1169 1310
1170 1311
1171 1299
1172 1300
1173 1301
1300 1312
1301 1313
1302 1314
1303 1315
1304 1312
1305 1313
1306 1314
1307 1315
1308 1312
1309 1313
1310 1314
1311 1315
1312 1312
1313 1316
1314 1316
1315 1316
1316 1316
1317 434
1313 1317
1314 1317
1315 1317
1316 1317
1318 435
1313 1318
1314 1318
1315 1318
1316 1318
1319 436
1313 1319
1314 1319
1315 1319
1316 1319
1320 437
1300 1320
1301 1321
1302 1322
1303 1323
1304 1320
1305 1321
1306 1322
1307 1323
1308 1320
1309 1321
1310 1322
1311 1323
1312 1320
1321 1324
1322 1324
1323 1324
1324 1324
1325 438
1321 1325
1322 1325
1323 1325
1324 1325
1326 439
1321 1326
1322 1326
1323 1326
1324 1326
1327 440
1321 1327
1322 1327
1323 1327
1324 1327
1328 441
1300 1328
1301 1329
1302 1330
1303 1331
1304 1328
1305 1329
1306 1330
1307 1331
1308 1328
1309 1329
1310 1330
1311 1331
1312 1328
1329 1332
1330 1332
1331 1332
1332 1332
1333 442
1329 1333
1330 1333
1331 1333
1332 1333
1334 443
1329 1334
1330 1334
1331 1334
1332 1334
1335 444
1329 1335
1330 1335
1331 1335
1332 1335
1336 445
1300 1336
1301 1336
1302 1336
1303 1336
1304 1336
1305 1336
1306 1336
1307 1336
1308 1336
1309 1336
1310 1336
1311 1336
1312 1336
1337 446
