.X.X.XXX.XXX.X.XXX.X.XXX.X.XXX.X.XXX.X.XXX.X.XXX.X.XXX.X.XXX.X.X
......X...X.....X.....X.....X.....X.....X.....X.....X.....X.....
.X.X.X.X.X.X.X.X.X.X.X.X.X.X.X.X.X.X.X.X.X.X.X.X.X.X.X.X.X.X.X.X
X...X.......X.....X.....X.....X.....X.....X.....X.....X.....X...
.X.X.X.X.X.X.X.X.X.X.X.X.X.X.X.X.X.X.X.X.X.X.X.X.X.X.X.X.X.X.X.X
......X...X.....X.....X.....X.....X.....X.....X.....X.....X.....
.X.X.X.X.X.X.X.X.X.X.X.X.X.X.X.X.X.X.X.X.X.X.X.X.X.X.X.X.X.X.X.X
X...X.......X.....X.....X.....X.....X.....X.....X.....X.....X...
.X.X.X.X.X.X.X.X.X.X.X.X.X.X.X.X.X.X.X.X.X.X.X.X.X.X.X.X.X.X.X.X
......X...X.....X.....X.....X.....X.....X.....X.....X.....X.....
.X.X.X.X.X.X.X.X.X.X.X.X.X.X.X.X.X.X.X.X.X.X.X.X.X.X.X.X.X.X.X.X
X...X.......X.....X.....X.....X.....X.....X.....X.....X.....X...
.X.X.X.X.X.X.X.X.X.X.X.X.X.X.X.X.X.X.X.X.X.X.X.X.X.X.X.X.X.X.X.X
......X...X.....X.....X.....X.....X.....X.....X.....X.....X.....
.X.X.X.X.X.X.X.X.X.X.X.X.X.X.X.X.X.X.X.X.X.X.X.X.X.X.X.X.X.X.X.X
X...X.......X.....X.....X.....X.....X.....X.....X.....X.....X...
.X.X.X.X.X.X.X.X.X.X.X.X.X.X.X.X.X.X.X.X.X.X.X.X.X.X.X.X.X.X.X.X
......X...X.....X.....X.....X.....X.....X.....X.....X.....X.....
.X.X.X.X.X.X.X.X.X.X.X.X.X.X.X.X.X.X.X.X.X.X.X.X.X.X.X.X.X.X.X.X
X...X.......X.....X.....X.....X.....X.....X.....X.....X.....X...
.X.X.X.X.X.X.X.X.X.X.X.X.X.X.X.X.X.X.X.X.X.X.X.X.X.X.X.X.X.X.X.X
......X...X.....X.....X.....X.....X.....X.....X.....X.....X.....
.X.X.X.X.X.X.X.X.X.X.X.X.X.X.X.X.X.X.X.X.X.X.X.X.X.X.X.X.X.X.X.X
X...X.......X.....X.....X.....X.....X.....X.....X.....X.....X...
.X.X.X.X.X.X.X.X.X.X.X.X.X.X.X.X.X.X.X.X.X.X.X.X.X.X.X.X.X.X.X.X
......X...X.....X.....X.....X.....X.....X.....X.....X.....X.....
.X.X.X.X.X.X.X.X.X.X.X.X.X.X.X.X.X.X.X.X.X.X.X.X.X.X.X.X.X.X.X.X
X...X.......X.....X.....X.....X.....X.....X.....X.....X.....X...
.X.X.X.X.X.X.X.X.X.X.X.X.X.X.X.X.X.X.X.X.X.X.X.X.X.X.X.X.X.X.X.X
......X...X.....X.....X.....X.....X.....X.....X.....X.....X.....
.X.X.X.X.X.X.X.X.X.X.X.X.X.X.X.X.X.X.X.X.X.X.X.X.X.X.X.X.X.X.X.X
X...X.......X.....X.....X.....X.....X.....X.....X.....X.....X...
.X.X.X.X.X.X.X.X.X.X.X.X.X.X.X.X.X.X.X.X.X.X.X.X.X.X.X.X.X.X.X.X
......X...X.....X.....X.....X.....X.....X.....X.....X.....X.....
.X.X.X.X.X.X.X.X.X.X.X.X.X.X.X.X.X.X.X.X.X.X.X.X.X.X.X.X.X.X.X.X
X...X.......X.....X.....X.....X.....X.....X.....X.....X.....X...
.X.X.X.X.X.X.X.X.X.X.X.X.X.X.X.X.X.X.X.X.X.X.X.X.X.X.X.X.X.X.X.X
......X...X.....X.....X.....X.....X.....X.....X.....X.....X.....
.X.X.X.X.X.X.X.X.X.X.X.X.X.X.X.X.X.X.X.X.X.X.X.X.X.X.X.X.X.X.X.X
X...X.......X.....X.....X.....X.....X.....X.....X.....X.....X...
.X.X.X.X.X.X.X.X.X.X.X.X.X.X.X.X.X.X.X.X.X.X.X.X.X.X.X.X.X.X.X.X
......X...X.....X.....X.....X.....X.....X.....X.....X.....X.....
.X.X.X.X.X.X.X.X.X.X.X.X.X.X.X.X.X.X.X.X.X.X.X.X.X.X.X.X.X.X.X.X
X...X.......X.....X.....X.....X.....X.....X.....X.....X.....X...
.X.X.X.X.X.X.X.X.X.X.X.X.X.X.X.X.X.X.X.X.X.X.X.X.X.X.X.X.X.X.X.X
......X...X.....X.....X.....X.....X.....X.....X.....X.....X.....
.X.X.X.X.X.X.X.X.X.X.X.X.X.X.X.X.X.X.X.X.X.X.X.X.X.X.X.X.X.X.X.X
X...X.......X.....X.....X.....X.....X.....X.....X.....X.....X...
.X.X.X.X.X.X.X.X.X.X.X.X.X.X.X.X.X.X.X.X.X.X.X.X.X.X.X.X.X.X.X.X
......X...X.....X.....X.....X.....X.....X.....X.....X.....X.....
.X.X.X.X.X.X.X.X.X.X.X.X.X.X.X.X.X.X.X.X.X.X.X.X.X.X.X.X.X.X.X.X
X...X.......X.....X.....X.....X.....X.....X.....X.....X.....X...
.X.XXX.X.X.X.X.X.X.X.X.X.X.X.X.X.X.X.X.X.X.X.X.X.X.X.X.X.X.X.X.X
....X...X.....X.....X.....X.......X.....X.....X.....X.....X.....
.X.X.X.X.X.X.X.X.X.X.X.X.X.X.X.X.X.X.X.X.X.X.X.X.X.X.X.X.X.X.X.X
X.....X.....X...X.....X.....X...X.....X.....X...X.....X.....X...
.X.X.X.X.X.X.X.X.X.X.X.X.X.X.X.X.X.X.X.X.X.X.X.X.X.X.X.X.X.X.X.X
....X.....X.......X.......X.......X.......X.......X.......X.....
.X.XXX.X.X.X.X.X.X.X.X.X.X.X.X.X.X.X.X.X.X.X.X.X.X.X.X.X.X.X.X.X
X...X...X...X...X...X...X...X...X...X...X...X...X...X...X...X...
.X.X.X.X.X.X.X.X.X.X.X.X.X.X.X.X.X.X.X.X.X.X.X.X.X.X.X.X.X.X.X.X
................................................................
.X.X.X.X.X.X.X.X.X.X.X.X.X.X.X.X.X.X.X.X.X.X.X.X.X.X.X.X.X.X.X.X
X...X...X...X...X...X...X...X...X...X...X...X...X...X...X...X...
