..X....X...X..XX#X..#....X..X....X.....X..X..X#..X..#...#.X..X..
X..X.#X.X.X.X..X..X.X.X.X..X.X.X..X.X.X..X.X....X..X.X.X...#..X.
.X...X........X.X......X.X.X....X#...X.X.....#.X..X.....#.X..X..
..XX..X.X.X.X#...#X.X.#....#.X.X..X.X....X.X#.X#.#..#.XX..#.X..X
X.X..X...X...#.X...X..#X.#..X...X.#.X#.X..#....X.X.X..X.#.....X.
...X...X#.X.X.X..#X.X.XXX..X.#.XX.....#..#.X.XX.....XX...X.#.X..
.X...X#....X...X.......X.X.X.X...X.X.X.X......X.X.XX.X##.X..X..X
X.X#....#.X.XX..X.X.X.X....X...XX...X....X.#.X...#XX...#.X.#.#..
..#X.X.X.X..X.X..#XX..X.##.#.#...X.X.X.X#.XXX..X#.X..XX..X.....X
X.X...X...#.....X.X.X..##...X..XX..........XXX..X..X..#.X..X##X.
...X.#.XX..XX.X.......X..X.X..X..X#X.X.#.XX.#..#..X..X...#..#.X.
.X...X.X.X.XXX.XX.X.X.X.X...X...X#..X...#XX..X...#..#..XX..X....
#.#X........#..X...X..X..XX...#X...X.X.X.X..X..XX..X..X.X#...#X.
..X.XX.X.X.X.X..#.X.X..X.#.#X..#.X........#...X.#.X.X....#.X...#
X...XX#XX......XXX....X....X.X.X#.XX.X.X.X..X#..#.....X.X...##..
.XX..X.X.#X.#X..X.X.X.XX#X........#X#...#..X.X.X..X.XX.X..XX.X#.
.X..#......X...X...X....X.#X.X.X.X.X.X.X.X.......X.#.X..X..X..X.
..X.X.X.X.X.XX..X.X.X.X#...##...X....X.....X.X.X#..#.X.X..X..X.X
X....XXX....#.X........X.#...X.X.X.##..X.XX.XX#.X.X..#..X...#...
.XX.X.#.X.X.X..XXX.#X.XXX..X#........X..XXX..X.....X...X..X.X.#.
.X....#.##...X.#..X....X..#..X.#X.X.X..X.X..X.X.X.X.#.X.X..#...X
..X.X.X..X.X.....X.XX.X.X...X....X....X...X....X........#.X.X.X.
X....X.X..X.X.X.X..X......X#..#.#.X.X#..#X..X#X.X.X.X.XXX.......
.XX.X....X...X...X..X.X.X..##..#.....X.X.X.X.X.....X##....X.X.X.
.X...X#X..X.X.XX..X..XXX..X..#.#.##.X.........X.X.X..#.##..XX#X#
..#X.X..X.....X.#...X#X.X...X.X.XXX...X.X.X.XX...X..#XX.X.X.X.XX
X.....X..XX.X...X.#..#....X#.....X..#X.XX#..X#.XX.X..X.........X
.XX.X..X...X.XX.X.X.X.X.X..#X.X.X.#.X...XX#X....X..X..X.X#.X.XX.
.XXX.X...#X..X...X.....X..#.#X..X.X..X.X.X.X.#.X..X..#....#..#X.
..#...#X...#..#.X.X.#.X.X.X.X.#.X...X.......X....#.X...#XX.XX...
.X..X...X#..X.#......#...........XX...#XXXXX..X.X..#.X...X..X.X.
.X.#.X#..X.X...X.X.X..X.XX.X.#X.X#..X#X....X.X.XXX.X..#.X..X.X..
..X...X.X...X#..X.#..#X#..X..X....#..X..#.X.....X..X.X.XXX....X.
.X.X.X...XX.X..X#..X.X#..XX.X.X.#X..X.X..XXX.X.X.X.X....X..X##..
......XX.X...X....X...X.X..#....X..X...X..X...X....X.#.X.X.....X
X.X.X.X...X#...#.X.#.X....X.X.X..X...XX..X.X.X.X.X.X.X.X...X#.X.
...X...X#.X.XX..X.....X.X#...#.X...X#.X.X.........X...X..XX.###.
X.X.X#.X....X.#..XX.#....X.#X...XX........#XXXX.XX.X.X.X..X.X...
XX...X..X.X....X...X.XX.#..X.X#.X..##.X.X......#XX.X.....X....#.
#.X.X.#..X.X.X...#X..X....X...X..X..X..X#.X.X.XXX..X.X.XX..X.#.X
......X.X...X.#X...X..X.#X.X.X.X..X..X...X...X.X.X.#..#XX.#.X...
.#X.X....X.#....#X..X...........X...X.X.X.X.X........#.X......X.
...X.X.X....X.X...X..#X.X.X.X.X..#X....X.....X#.#.X.X...#.X.XX.X
.X#...X.X.X..X.X#..#...#.X...X.X.X..X.X.X.X.X..X.X...#.X...XXX..
..#X.X...X..#..X.#.X.##..#X.X.....#..X...X...#....#.X....XX.X..X
.#....X.X.#..X..........X..X.X#.X.X.X.X.X.X.XX#.X.X...X.X.X..X..
X.X.X......X..X.XX.#.X.X..#...##...........#XXXX....##.##...#..X
...X.XX.X.X.X.##.X..X....X.X.X.#X.X.X.X.X.X.X#X.X.X.X#.X#.XX..X.
X.X..XXX..........XX.X.#X........X...X...##..X...#.........X.X..
...#..#.X.X.X.X.X.X......X.#X.X.X.X.X.X.X.X.X.X.XXX.X##.X.X....#
.X.X.X...X..#X...X.X#X.X..#XXX.........X.........X...#...X..X.XX
X.....#.XX#.X.X.X..#.X#..X.#X.X.#.X.#.X.XX.#X.X.X.X.XXX.XXX..#XX
.XX.X.X..X.X.....X.....X.......XX#...X...X...#.......##..X..X.XX
.XX#....X...X#.X..X.X.X.X.#.X.XXX.X.X.X.X.X.X.X.X.X.X...X.X....X
..#XX.#..XX.XXX.X....X...X.#...X...........X.....X...X##....#.X.
.X.XX#.X.X...X...XX.X.X.X...X.X.#.X.X.X.X.X.X.X.X.X.X.XXX.X..X..
....X.....X.X.XX.X.......XX......X...X...#...#X#.......XX#..X.X.
.X.X.X.#X.....#...XX.#.X.X.X.#X.#.X.X.X.#.X.X.XX#.#.X#X.XXX.....
..X...X..XX.X.X.X.X#..X....X.X.........X#......#.#...X...X..X.X.
.X.X.X.X.#XX...#....##.X.X..#.#XX.X.X.X.X.X.X##...X.X.X.X.X..#X.
..........X.X.X.#.#X.X..X..#X....X...X...X...X.X.X..........#..X
#.X.X.X.#..............X.#.X.#.#X.X.X.X.X.X.X......#.X.X.X.X#.#.
...X.X.X.X.X.XXXXXXXX#........................#.X.X...X..##.#.X.
X.#.........#..........#X.X.X.X.X.X.X.X.X#.X.XX#..#X.XXX........
