XX#XXXX.X#XXX.#.X.XXX.X...#...X.XXX.X.X.X.XXX.#XXXX.X.X.#.X.X...X.XXX.X.X.XXXXX.X.X.X.X.X.X.X.#.X.XXX.X.X.XXX.XXX.XXX.X.X.X##XX.#XX.X.X#X.X.X...X........#XXXX#XX.XX#.XXX.X.#XX.X.XXX.X.X...XX#.X.X.X.X.X.X.X.X#XXXXX.XXX.X.X#XXX.X.X.X.X.X#..X.XXX.X.XXX.X.X#XX
XX#XX#...X#X.......X...X#...##...X.........X...X#X...........X#....#.......#XX.....................X....#..X...X...X.......XXX...#.....#..#..X.X.X.X.X.X.XXXXXXX...X...X.....#.....X....#.#..X.................#XXXX...X.....XXX......#......X...X.....X.....XXX
XXXXX.X.X.#.X.X.X.X.#.X.X#X...X.X.X.X.X.X.X.X.X.X.X.X.X.X.X.X...X.X#X.X.X.XXX.X.X.X.X.X.X.X.X.X.#.X#.#X.X.X.X.X.X.X#X.X#X.X.#.X.X.X.X.##X.X.X.......X##...XXXXX.X.X.X.X.X.X.X..#X.X.X.X.X.X.X.X.X.X.X.X.#.X.X.X.XXX.X.X.X.X#..X.X.#.X#X.X.X.X.X.#.X.X.X.X.X.X.X#
#XXX...........XXX.......X.X.X#......#...#.........X##..#..XXX.X.....X#X...X.....X#X...X...X...#...X.#.............X...X...........X#..X....#X.X.X#..X#X.X.XX#...........X...##........X#..X.....X.X#X...#.#.....#.........#.#...X...X.#...X.......X.....X.....X
XXX.X.X.X.X.X.X#X.X.X.X.#.......X.X.X#X.X.X.X.X.X.X.XXX.X.X#XXX.X.X.X.XXX.X#X.X.X.XXX.X.X.##X.X.X.#.X.X.X.X.X.X.X.X.X.X.X.X#X#X.X.X.#.X#X#X.X...X.X.X.X.....X.X.#.X.X.X.X.X.X.X.X.X.X.X#X.X.X.#.X#.#X.X.X#..X.X#X.X.X.X.X.X.XXX.X.X.##..X.X.X.X.X.X.X.X.X.X.X#..
##...X.#...X...X.....#...X.#.X.#XX..#X.....#...#.X...XXX...XX#....#X...X...X..##...#X#.....X.....X....#X...#XX...X...X....#X....#X.......X....#X...#...#.X.X...#...X#X.........X...X...X.......XXX.....X#X.X##X#...X...#X#...X.........X.......#XX...X.......X.X
X.X.X#..X.X.X.X.X.X.X.X.X.X.XXX.##X.X.X.X.X.X.X#.#X#..X.X.X.#.X.X.X#X.X.X.X.X#XXX.#XX.X.#.X.X.X.X#X.X.X.X.XXX.X.X.X.X.X.X.X.X.X.X.X#X.X.X.X.X.X.X.X#X.X...X.X.X#X.XXX.X.X.X.X.X.X#X.X.X.X.X.X.X#X.X.X.XXX...#.X.X.X.X.X.#.X.X.#.X.X.X.X.#.X.X.X.X.X.X.X.X.X.X.XX
.....X#.#X.........#.........X.....X...#.......#.....X.........#..............##...X...#XX.....X.X...X.....X.............X...X#X...X...X.....X.....X...#.X.....X...X...X...X.....X.......X#X.......X...X..##..#..................X...#...#X#.............X#X...X
X.X.#.X.#.X.X.X.X.X.X.X.X.X.#XX.X#X.X.X.X.X.X.X.X.X.#.X.X.X.X.X..#X.X.X.X.X.X.#.X.#.X.X.X.X.X.X#..X.X#X.X.X.X.X.X.X.#.X.X.X.X.X.X.X#X.X#X.#.X.X.X.X.X.XXX.X.X.X.X.X.X.X#X.X.X.X.#.#.X.X.X.X.#.X.X.X.X.X#X.XXX.X.X.X.X.X.X.X.X.X.X.X#X.X.XXX.X.X.X.X.X.X.X#X.X.#.
XX.........X...X#X.....X#X...X...X......#X.X.......X.....#...X..#.#X...X#X...X...............#...X...#...X.....X...X...X...........X.....X.....X.......X.....X.........X.....X##...X...X.....X#X.......X...X...X#X...##XXX#XXX.....X.....X.....X...X...X#X......
X#X.X.X.X.X.X.X.XXX.X.X.XXX.X.X.X.X.X.X.X..##.X.X.X#X.X.XXX.X.X#X...X.X.X#X.X#X.X.X.X.X.X.X.X.X.X.X.X#X.X#X.X.X.#.X#X.X.#.X.X.X.X.#.X.X.X.X.X.X.#.X.X.X.X.X.X#X.#.X.X.X.X.X.XXX.#.X.X.#.X.#.X.X.X.X.X.XXX.X.X.X.XXX.#.X.X.X.X#X.X.X.X.X.X.X.X.X#X.X#X.#.X.X.#.X.
XX...#...#.......X#XXX...X.........XXX...X.X.XXX...XXX...X.......X.X.....XXX.....X#X#X.#...X.........X...X...#.....X.......X...X#X...X.......X...X...X.....#...##X...X#..X#XX#.............X.......X...#.........#...........X...X...#.....X...X.....X.......#.X
X.X##XX.XXX.X.X.X.X.##X.X.X.X.X.X.X.X.X.X#...##.X.X.X.X.X#X.X.X#X..#X.X.#.X#X.X.#.X.X...X.X.X.X#.#X.X.X.X#X.X.X.X.X.X.X.X.X##.X.XXX.X.X.X.X.X.X.X.X.X.X.X.X.X.XXX.X.X#..X.X.X.X.X.X.X.X.X.X.X.X.X.X.#.X.X.X.X.X.X.X.X.X.X.X.X.X.X.X.XXX.X.X#X.X.X.X.X.X.X.X.#..#
.....X...X#XXX.......X.......XXX.........X.#.............XXX...X.X.....X.....X........#X.#.....X...X.......X...X.....X...XXXXX#..#.......X.............X.......X.....X.X.........#XX...XXX...#...#.........#...X#.#X#XXX...X...X.....X...#.X....#XXX...XXX....#X
X.X.X.X.X.#.X.X.X.X.X.X.X.X.X.##X.X.X.X.X.X.#.X.#.X.#.X.X.X#X#X#..X.X#X.X.X#X.X.X.X.X.....X.#.X.X.X.X.X.X.X.X.X.X.X.X.X.X#XXX.X.X.#.X.X.X.#.X.X.X.X.X.X.X.#.X.X.X.X.X...X##.X.X.X.X.X.X#X#X.X.X.XXX.X.#.X.X.X.X##.X.X.X#X.X.X.X.X.X.X#X.X...X.X#X.X.X.##X.X.X.#X
...X...........X#X.....X#X.......X...#X#.....X...X#X...X.....X...X...X....#X...#XX...#.X.X...X...X...X...X.........#.....XX#..#....X#XXX.....#.#..#X.....XXX.......X.X.X#X.X#XXX.......XX#.......#...#...X.....X.......X.........X...X...X#....X.......#.....#X#
X.X##.X.X.X.X.X.X.X.X#X.XXX.X.X.X#X.X.X.X#X.X.#.X.X.X.X.X.X.X.X.X.X.X.X.X.X.X.X.X.X.X.XXX.X.X.X.X.X.X.X.X#X.#.X.X.X.X.X.X.X.X.X.X.XXX.X#X.X.X...X.XXX.#.X#X.X.X.X.X#....X.....X#X.X.X.X.X.X.X.X.X.#.X.X.X.X.X.#.X.X.X.X.X.X.X.X.X.#.XXX.X#..X.XXX.X.X.X.#.X.X.X.
..#.#X.X#XXX.........X...#..#X..#X.......X........#......X.............X...............X.................X...#...X#..X.........X...#.....X...X#....#X#...X.....X...X.X.X.X.X.X.X..##.......#XX#X...X...#.....X.....X....#X...X.......#...X#X...X#X...X.....X....
X.........X.#.X.X.X.X..#X.X#X.X.X.X.#.X.X.X#X.X.X.X.#.X.X#X.X.X.#.X.X.X.#.X.X.X.X.X.X.X.X.X.X.X.X.X.X.X.X.#.X.X.#.X.X.X.X.X.X.X.X.X.#.X.X.X.X.X.X.XXX.X.X.X.X.X.X.X.X......#...#X.X.X.X.X.X.X.X.X.X.X.#.X.X.X.X.X.X#X.#.#.#.X.X.X.X.X.X.X.X.X.X.X.X.X.X.X.X.X.X.
#X.X.#.X.X...X...XXX#X.........X...#...X.....X...X###XX#X#.#X#XX...X.....X...#XX#..X.......X...X.#...#X#.......X.........X#X...........X.......#...X.........X.......#.X.X.#.X...X...X...X.................X.....X#....X...X.....X.......................X.....#
X#..X...X.X.X.X.X#X.X.X.X.X.X.X.X.XXX.X.X.X.X.X.X.X.X.X.X..#X.X#.#X.X.X.X.X.X#X.X.X.X.#.X.X#X.X#.#X.#.X.X.#.#.X#X.X.#.X.X...X.X.X.X.X.X.X.X.X.#.##X.X.X.X.X.X.X.X.X.#.X#..X.XX##X.X.X#X.X#X.X.X.X.X.X.X.X.#.X.X.X.#.X.#.X.X.#.X.X#X.X.X.X.X.X.X.X.X.X.X.#.X.X.#.
X#.X.X.#.........X.....X...X#X.....X.....X...............X.....X.X.....X.........X...#XX...X#X.X...X.......X#X...X...#...X#.#X...X...X...X...X...X.....X#..X...X...X#....X...X.......X.....#...X#X.X...X#X.....#..##...........X#..X#XXX...X...#...X...X...X....
X.X.....X.X.X.X.X.X.#.X#X.X#X.X.X.X#X.#.X##.X.#.X.X.X.X.X.X.X.#.X.X.X.X.X.X.X.X.X.X.XXX.X.X.X...X.X###X#X.XXXXX.X#X.#XX.#.X.X.X#X#X.X.X.X.X.X.X.X.X.#.X.#.X#X.X.X.X.X.X.X.X.X#X.X.X.#.X.X.#.X.X#.#.#X.XX#.X.X.XXX.#.X.X.X.X.X.XXX.#.X.X##.X#X.##X.X#X.X#X.X.X.X.
...X.X.X...X...X...#...X...X.....#...X.....X...XX#...#.....X.......X.......X...X.....#.......#.#.....X.....XXX...#...XX#.........#.................X.....#X#.........X.......X...X.....X.....X...X.X...X...X...X.....X...X#X.X##.......##XXX...#...X...X.......X
X#....X#X.X#X.##X.X.X#..#.X.X.X.X.X#.#X.X.X.X.X#XX#.XXX.X.X.X.X.X.X.X.X.X.X##.X.X.X.X.X.X.X.X...X.X.X.X.X.X.X.X.XXX.#.XXX.X.X.X.#.X.X.X.X.X.#.X.X#X#X.#.X.X.X.X.X.X.X.X.X.X.X.##X.X.X.#.X.X.X#.#...#X.X.#.X.X.X.X#X.X.X.XXX...#.X.X.X.XX#.X.X.XXX.XXX.X.X.X.X.X.
...#.XXX...X...X..#..X.X#....X#......X...#.....X##..##...X.....#XX.....#.....X.....X...X...X..#....X...X.........X.....#.X...XX#...X...#...#XX...X.....X.....X#X...X...X...X#..X.....X.....X#.#..#...............X.......X..#X.....XXX#X.......X...X.......#....
X.#.XXX.X#X.X.X.X.X.X.....X.X.X.X.X.X.X.XXX.X.X.X.X...X.X#X.X.X.X.X.X.XXX.X.X.X.X.X.X.X.X.X.X#..X.X.X.X.X.X.X.X.X#X.X.X..##.X#XXX.X.X.XXX.X.X#X.X.X##.X.X.X.X#XXX.X.X.X.X.X.X.X#X.X.X.X.X.X.X...X.X.#.X.X.X.X.#.X.X.X.X.##X.#.X.X.X#X.X.X.X.X.X#X.#.X.X.X.XXX.X.
.....#...X#..........X#X.X.....X#X.....#XXXX.......#.X.#X#X#.........X##...X...X.............X#X...........#...X#X..#XX#..#..X#X.......X.....X.....X.....X...#X#.................X.....X.....#.X...X##XX...#.X#X...X...#XX.....X...X.....X#X...X.....#...XXX.#..
X.X#X#X.X.X.X.X.X.X.X.XXX.X.X.X.X.X.X.XXXXX.X.#.X.X.#..#X.X.X.X.X.X.X#X..#X.X.X.X.X.X.X.X.X.X.X#X.#.X.#.X.XXX.X.X.X.X.XXX.X.X.X.X#X.X.X#X.X.X.X.X.X.X.X.X.X.XXXXX.#.X.X.X.##X.X.X.X.X.X.X.X.X.X.X.X.X.X.X.X#.#X.X.X.X.XXX.X.X.X.X.X.X.X.XXX.X.X.X.X.XXX.X.#...X#
.....X.....X#X#..X.....X...X.......X...#X#.....XX#...X.X.....X...#XX#..X#X.......X...X#XX#.....X..#X..#X...X.......X...#.........X#X...X...X#...#X..#X.......#XX...X#X...X#..#XX.....X.....#.................X.........X.....#.......X...X......#X..#X.....#.X.X
.#X.X.###.X.X.X.##X.X.X.#.X.X.X#X.X.X.XXXXX.X.X#X.#.X#..X.X.X.X.XXX.X#..X.X.X.X.X#X.#XX.X.X.X.X.X...X.X.#.X.X.X.X.X.X.X.X.X.X#X.#.X.X#X.X.X#X.X.#.X.X.#.X.X.X.X.X.X..#X.X...X.X.X.X.X.X.X.X.X.X.X.X.X.X.X.X.X.X.X.X.X.X.X.X#X.X.X.X.X.X.X.X.X.X.X.X.X.X.X.X.....
.X.....X.........#..#X.........X.......#XXXX...#.......X...X.....X.....#.....#...X...X.....X#X...#.X#X.......X##...........XXXXX.....X...X#X...X.......#...X.......X......#X.....X.......#.....X#X...X#X...X...X...#XX.....X.....X...........#XX...#...X#...##.X
X.X.X.#.X.X.X.X.X.X.X.X.X.#.X.X.#.#.X.X.X##.X.X#X.X.X.X.X.X.X.X.X.##X.XXX.X.XXX.XXX.XXX.X.X.X.X.X.XXX.X.X.X.X.X.X.X.X.X#X.#.##X.X.X.#.X.X.X.X.#.X.X.X.X.X.X#X.X.X.X.X.X.X.X.X.X.#.X.X.X.XXX.#.XXXXX.XXX.X#X.X.X#X.XX#.X.X.X.X.X.X#X.X.X.X.X.X.X.X.#.#.X..#.#X.XX
...X.....X#..X.....X..#X...X#...##...#..........#X...X.......X.....X...X##X#X#...X...X...X#.....#..X...#XX#X#......XX#.......X...#...........X.....X.X#....X...X.....X...X...X.....X...X##.#XX#XXX...X...X.....XXX#X.....X...X#XXX#X##...X#X...........#.X.X...X
X.X.X.X.X...X.X.X.X##.X.X.X.X.X.X.X#..X.#.X.X.##X.X.X#X.X.X.X.X.X.XXX.X.XXX.X.X.X.X.#XX.X.X.X.#.X.X.X.X#X.X.X.X.#.X#X.#.#.X.X.X.XXX.X.X.X.X.X.X.X.X#..#.X.X.X.X.#.X.X.X.X#X.X.X.X.X.X.##....X.XXX.X.X#X.X.X.X.X.X.X.X.X.X.X.XXX.XXX.X.X.XXXXX.X.X.X.X.X...X.X.X.
#......X.X.X.....#.......X...X.....X.X#X...#X#.......XXX...X.....X##.....X...........X.....X#..X.......X.....#..#..X...#...X.....X...X...X......#X...X#X..#.#X.....X.....#.....#.........#.X...#.....X.....X.........X.......#...X.......X#XXX...X#XXX#.#X......
X.X.X.X#.#X.X.X.X.X#X.X.X##.X#X.X.X.XXX.X.X.X.X#X.X.X.X.X.X.X.X.X#X.X#X.X.X.#.X.X.X.XXX.X.X#X.X.X.X.X.X#X.X.X.X..##.#.X.X.X.X.X.X.X.##X.X#X.X.#.X.X.X#X.X...X.X.X.X.X.X.XX#.X.X#X.X.X.X.X.X.X.X.X.X.X.#.X.X.X.X.X.#.X.X.X.X.XXX.X.X.X.X.X.XXX.X.XX#.X.X.X.X.X#X.
.X.X#....X.....X...X#..XXX#..X...X...X.........XX#.............X#X...X.......X##XX...X...X#X.......X...XXX.....X#........X...X.......X#XXX...X#X.....X...X#X...X#X.....X#XXX...X...#XX#X...........X...X.......X#XXX...#X#...X.....#XX.....X.....X.........X#X..
......X.X.X.X.X.X.X.X.X#XXX.X.X.X.X.X.X.X.X.X.#.X..#X.X.X.X.X.XXX.X.X.X.X.X.X.X.X.X.X.X.X.X.X.X.X.X.X.X.X.X.X.X.X.X.X.X.X.X.X.X.X.X.X.X.X.X.X.X#X.X.X.X.X.X.X.X.X.X.X.X.XX#.#.X#X.X.X.X.X.X.X.X.X.X#X.X.X.X.X.X.X.X#X.X.XXX.X.X.X.X.X.X.X.X.#.X.X.X.X.X.X.X#X.X.
#X.X.X.......X.........XX#...............X#X.....X.X...#XX#XX#XX.......#...X#................#.##X...........X#..X...X##.........X......#..X...XXX...................#...X.....X......#..X...X...X#X.......X.......X.....X.....X.......X.......X.....##X...X....
....X.X.X.X.X.X.#.X.X.X.XXX.X.X.X.X.X.X.X.X.X.X.X.X.X.XXX.X.X.X.X.X.X.X.X.X.X.X.#.X.X.X.#.X#X...XXX.X.X.X.X.XX#.X.X.X.X.X.X.X.X.X.X.X.X.X.X.X.X.X.X.X.X.#.X.X.X.X.X.X.#.X#X.X.XXX.X.X.#.X.X.X#X.X.X.X.X.X.X#X.X.X.X.X.X.X.X.#.X.X.X.X.X.X.X.X.X.X.X.X.#.X.XXX.X.
.X.X.....XX#.....X#XXX...#XX#X...X...X.......X.......#X#.........X...X#......#.#...X#X...X....#..X...X...X...##..........X#X...#.....X#X...........X.X#X...X#X...X......###X...X...X#X.......XXX.....X...X#X...X##..#X.......X...#XX.......XXX.....X#....#XXX#..
..X.X.X.X#X.X.X.XXX.X.X.X.#.X.X.X.X.###.X.X.X#X.X.X#X.X.#.X.X.X.X.X.X...#.X.X...X.X.X#X.X.#.X.X.X.X.X#X.X##.##X.X.X.X.X.X.X.#.#XX.X.X.X.X#X.X.X.X.X#..X.X.XXX#X.X.X.X.X.X.X.X.X.X.XXX.X.X.X.X.X#X.X.X#X.X.X.X.X.XXX.##X.X.X.X.X.X.X.X.X.X.X.X.X.X.X.X.X.X.XXX#X.
.#...X...X..#X...X.............X.....X#XXX...XX#...X.....#...X.......#.X.X#XXX.XX#.........X...X.....X#..X...X...X...#XX.....#XX...X.....##X...X#X.X#...#XX#XXXX.....X#X...........X...X...X...X...#X#.......X#..X...X...X#X...........X.......X.......X...X##..
..X.X.#.X#X.XXX.X.X.X.X.#.X.X.X.#.#.X.X.X#X.X.X.X.X.X.X.X.X.#.X.X.X.X.X...X.X..#X.X##.X.X.#XX.X.X.X.X...X#X.X.X.X.X.XXX.X.X#..X.X.X.X.#.XXX.X.#XX#..X.#.X.X.XXX.X.#.X.X.X.X.X.X.X.X.X.X##.X#X.X.X.X#X.X.X.X#X...X.X.XXX.X.X.X.X.X.#.X.X#X.X.X.X.X.#.X.X.X.X.#.X.
#X.......X...#.....#...#...#XX...X.......XXX.....X...X.....X.....#.....X#...#X.X.....X#X...X.......#XX.#XX.....X.....X......#X.........X#X.....X#..X...X.....X.....X.....X...X#XXX.....X.XXX.......X.....#XX..#X.....X.......X...X#XX#X##X...X...X...X..........
X.X.X.X.XXX.X.X.X.X.X.X.#.#XX.X.X#X.X.X.X.X.X.X.X.#.X.X.X.X#X.X.XXX.X.X.X.X.X#..X.X.####X.X.X.X.X.XXXX#.#.X.X.#.X.X.X.#.X.X#X.X.X.#.X.X.X.X.X.X.X.X.X.X.X.X.#.X.X.X.X.X.X.X.#.X.X.X.X.X..#X.X.X.X.X.X.X#..X.X.X.X.X.#.X.X.X.X.X.XXX.X.X.XX#.X.X.X.X.X.X.X.X.X.X.
.....X...#.....X.........#X#.....X...X#X#....X...........X....#..X...X...X.....X...#...X.......X...XX#..#..#.......X.....#XX.....#...#.....X...............X...X.....X...............X#X.X.....X#X.....X##.......X.....#XX.......#.......X...............X#X#X.X
X.X.X.X.X.X.X.X.X.X.X.X.XXXXX.X.XXX.X.#...X.X.X.X.X.X.X.X#X.X.X.X#X#X.X.X.#.#.X.X.X.X.X.X.X.X.X#X.X.XXX.X.XXX.X.X.X.X.X.X.X.#.X.XXX.XX#.X.X.#.X.X.X.X.#.X.X.X.X.X.X.X.X.#.X.X.X.X.X.X.X...#.X.X.XXX.X.X.X.X.X.X.X.X.X.X.X.X.X.X.X.X.X.X.X.X.X.X.#.X.#.X.X.X.#...
..#X.......#.......#XX...XXXXX...X.....##X.......X#X...X#X#X#X.....X.........#...........X#X...X.....X.....X...X.......X.....X...#...X...X...X...X#X#..#.........X.....#XX#X...X...#..#X.X..#X...X...X.......X.....X.........#.......X.....X...XX##X...X......#X
X...X.#.X.X.X.X.X.X.X#X.X.XXX.X.X.X.X.X.X.X.X.#.X.X##.X.XXX.X.X.X#X.X.X.X.#.X.X.X.X.X.X.XXX.X.XXX.X.X#X.X.X.X.X.X.X.#.X#X.X.X#X.X#X.#.X.X.X.X.#.XXX.X#X.X.X.X.X.X.X.X.XXX.X.X.X#X.XXX.X...X.X.X.X#X.X.#.X.#.X#X.X.X.X.X.X.X.X.X.X.X.#.X.X.X#X.X#X..#X.#.X.X.X.X.
..#X...X.....X#X.....X.....X.......X.........X.....XXX...X.......X...X...##....X#X...X#..#.....#XX.#...#.........X#X...X...X.X...#...............X.......X#X...X...X...X.......X...X....#X.......X.......X#XXX...X...#XX#X....#..X.....XX#XX...X..#X.....X...#..
X.X.X.X.#.X#X.XXX.X.X.#.X.X.X.X.X.X.X.X.#.X.X#X.X.#.X.#.X.X.X.X.X.X.X.X.#XX.X.X.X.X.X.X.X.X.X.X.##..X.X.X.X.#.X.XXX.#.X.#.##..X.XXX.X.X.X.X.X.X.X.X.X.X.X.X.X.X.X.X.X.X.X.X.X.XXX.X.X.X.X.X.X.X.X.X.X.X.X.X.X.X.X.#.X.X.X.X.X.X.X#X.X.X.X.X.X.X.X...X.X.XXX.X.X.
X#...X.....X...X...X...#X#.....X.....X#..X...XXX.............X...........#...X.........#..#X#X.....#.......X#X...#...X#......X...X...X#..#XX#X.....#...#...................#...X.......X.....X#X.....X#X.....................X###..X.........#...X#..X...X......
XX#.X#X.X.XXX.X.X.X.X.X.X.X.X.X#X.X.X.X.X#X.X.X#X.X.X.X.X.X.X#X.X.X.X.X.XXX.X.X.X.X.X.X.X.X.X.X#X.X.X.X.X.X...#.#.X.X.X.X.X.X.X.X#X.X#..X.X...X.X.XXX.X.#.X.X.X.X.X.X.#.X.X.#.X#X.X.X.X#X#X.X.XXX.X.X.X.X.X#X.X.X.X.#.X.X.X.X.X.#.X#X.X.X.X.X.X.X.X.X#X.#.X.X.X.
XX...X..#..X...............X...#...X...X#X.....X..#X...#XX.....#X#XX#X...XXX.....X...X.........X.....X...#XX.XXX.......X#X.......X.X.X#X....##...#XX....#X#X...X#X#X#XX##X...#X##..X#X...X.....X...X.....#XXXX...XXX...X#.#X..#....XX#XX...#......#.#........X..
X.X.X.X.X.X.X.#.X.X.X.X.X.X##.XXX.X.X.X.X.X.X.XXX.X.X.X.X.X.X.X.X.X.XXX.X.#.#.X.X#X.X#X.X.X.X.X.X#X.#.X.X.X...X.X.X.X.X#X.X.X.X.X..#..X.X.X.X.X.#.X.X.X#X.X.X.X.X.X.X.X.##X.X#X.X.X.XXX.X.#.X.X.#.X#X.X.X.XXX.X.X#X#X.X.#.X.X.X#X.X.#.###.X.X.X.X.#.X.X.X.X.X#X.
.......X.......X#X...X#X#.#X...#XX.........X#X##..#..X.......#.......X.........X#..X.....X##.....X.........#.#.....X#X#X.....X...#...X...X..#..#.......X............#....X#..X...X...X.....X#......XXX.....#.....XX#.....X.....X........##.....X##...X...X#X....
X.X.#.X#X.X.X.X.X#X.X.X.X.X.X.X.X.X.X.X.X.X.X.X.X#X.X.X.X.X.X.X.X.X.X#X.X.X.X.X.X.X#X.X.X.##X.#.X.X##.X.X.X...X.X.X.X.X.#.X.##X#..X.X.X.X#X.X.XXX.X.X.X.#.X.X.X.X.#.#.X.X.X.X.X.X#X.X.X.#.X...X.X.X.X.X.X#..X.X.X.#XX.X#X.X.X#X.X.X.X.X.X.#.X.X.X#X.X.#.X.X.X.X.
...X#..X...#XX...X.......X.........X...XXX.......X.......X#X.....##XXXX#XX...X.....XX#XX...X..#X...X.X...X#.#..X.........X...X.X.X.......X.....X#X...X...X###X...X.....#.........X.......#XX.X...#.......X.X##.....#.X.......X.....#.X#X...X..............#..#X#
X.X.X.X.X.X.X.X.#XX.X.X.X.X.X.X.X.X.X.X#X.X.X#.#X.#.X.X.XXX.X.X.X.X.XXX.X#X.X.X.X.X.X.X#X.XX#.X.X.X#.##.X#X.X.X.X.X.X.X.#.#.X...X.X.X.X.XXX.X#..##X.X.X.XXX.X.X.X.X.X.XXX.X.X.##X.X.#.X.X.X#X.X.X.#.X.X.X.XXX.X.X#...#X.X.X.X.X.X.X.....X.X#.#X.X.X.X.X.#.X.X.#.
#X....#..X.......#...X#X...#...X.......X.....X.X.....X...X.....X.....X...X.....X#...#......X.......X....#....X.....X...X.....X#......X#.#X...#.XXX.......#.........X...X...#...X...X...X...X.......X...X...X.....X.X.#...X.......#X#.#.X...X..##...X#X...X......
X.X#X.X.X.#.X.#.X.#.##X.X.X.X.X.#.X.X.#.X.X.X.X.X#X.X##.X.#.X.X.X.X.X.X.X#X.X.X.X.X.X.X.X.X.X.X.X.XX#.X.X#X.X.X.#.X#X.X.X.#.X...X.X.X.X.X.X.X.XXX.X.X.#.#.#.##X.X.X.#.X.X.X.X.XXX.X.X.X#X.X.X.X.X.X.X.X.X.X.#.X.X.XXX.X.X.X.X.X.X.X...X.X.X.X.##X.X.XXX.X.X.#.X.
...X.........XXX.....X.......X...#XX.....X.......X...X#X.....X.....X.....X...#.....X##...X...X...X#XX#...#.....#.....#...X...#.#..#X...X.......X...XXX.....#XXX#.....#......#XX#.......X....#.#XXX...........#.....X...X.....X.....##........#X#X#...X.....#...X
X.X#X.X.X.X.X#X.X.X.#.X.X.X.X.X.X.X.X.X.X.X.X.#.XX#.X.X.X.#.X.X.X.X.X.X.XX#.X.X.#.X#..X.X.X.X.X.XXXXX.X.XX#.#.X.X.X.XXX.X.X.X.XXX.X.X.X.X.X.X#X.X.X#X.X.X.X.XXX.X.X.X.X.X.#.X.XX#.X.X.X.X#X.X#X.#.X.X.X.X.X.XXX.X.#.X.X#X.X.X.X.X.#.X.X#X.X.X.X.X#X.X.X.X.X.X.X.
...#...#XX...X...X....#..X...........X.......X...X......#X.....X.....X...X.......X#..X...........XXX...#XX#X.......X#X.........X.........#...X.....X...X.....#.....X...X...X...##XXX.....X...X.......##X.X..####.......X...X.....X....#..#XX.....X.......#......
X.X.X#X#X.X.XXX.X.X.X#..X.#.X.X.X.X.X.X.#.X.X#X.X.X.#.X#.#X.X.X#X.#.X.X.X#X.X.#.X.X.#.X.X.X.X.X.X.X.X.X.#XX.X.#.X.X.X.X.#.X.X.X#X.X.X.X.X.X.XXX.X.X.X.#.X.#.X#X.X.X.#.X.X.X.X.XXX.X.X.#.#.X.XXX.X.X.X.X..#X...X.X.#.X.X.#.X.X.X.X.X.X.#.X.X.X.X.X.X.X.X.X#X.X##.
.....X.......#.......X.X.....X#..X#X.....#...XX#...#.......X...X...X.....XXX#X.........X...X.X...........X...X...X.....XX#...X#X#X...X.......X...X.........X##...X.............X.......X.....X...XXX#...#..#.X...#XX.....X...X.......X.........#.....#...X...X.X
.#X.X.X#X.X.X.X.X.X.X.X.#.X.X.X#X.X.X.X.XXX.X.X#X.X.X.X.X.X.X.X#X.#.X.X.X.X.X.X.X.X.X.X.X.X#.#X.X.X.X.X.X.X.X.X.##.#X.X#XX#.X.XXX.X.X.X.X.X.X.X.X.X.X.X.X.X.XXX.X#X.#.X.X.X.X.X.X.X.X.#.#.#.X.X.X##.X.X.X.X.X.X.X.X.X.X.X.X.X.X.X.X.X.X.X.X.X.X.X.X.XXX.XXX.X#..
.#.........X.....#XX.......X...X.......#X#XX...X.......X#X.....X.....X......#..X...X.........#...X...#...........X.#...XXX.....X...X...X...X.........#X#.....X#XXXX#XX...X#X.......X......##.....X.....X...............X.........#.......X..#X...X...XX#.X.....#
X.X.X.#.X.#.#.X.X.X.X.X.X.X.X.XXX.X.X.X#X.X.X.#.X.X.X.X.X.X.#.##X.X.X.X.X.X.X.X#X.X.X.X.X.X.XXX.X##.XXX.X.X.X.X.X.X.X.X.X.X.X.#.X.X.X.X.X.X.X.X.X.X.X.##X.X.X.X.XXX.X.X.X.#XX.X.X.X.X.X.X.XXX.X.X.X.X.X.X.X.X.X.X.X.X.X.X.X.X.X.X.X.#.X.X#X.X.X.X.X.X.X..#X.X.XX
.....XX#.....#.........XXX.....X...X...X...........X#X.....X...X...X...X...X...X.....X#X...X#X#XXXXX#X.X#XXX#X.............X.................X...X#X...#...X.....X.........#XX#X.....X#X...X...#.....#...X...#...X#XXX.....X...X...XXX...X#X...........#....#X#X
X#X.X#X#X.X.X.X.X.X.X.X#X.X.X.X.X.X#X.X.X.X.X.X.X.XXX.X.X.X.X.#XX.X.X.X.X.X.X.X#X.X.X.XXX.X.XXX.XXX.X...X.X.X.#.X.X.X.X.X.X.X.X.#.X.#.X.X.X.X.X.X.X.X.XXX.X##.X.X.#.X.X.X.XXX.X#X.#.X.X.X.X.X.X.#.X.X.X.X.X.X.X.XXX.X.X.#.X.X.X.X.X#X#X.X.X.X.X.X.X.X.X.X.X.X.#X
......#.#X.......#...X#X.....#.......X.....#XX#X...X...X.......X...............X...#...#.....X...X....#X.......X#X#..X#X.......X##XX...XXX#X...........X...X..#....X#..#...X...X..#X.....X.........X...........X#X.......X.........XXX....#..X...X#X.....X.....X
X.#.X.X.X#X.X.#.X.X.X#X.X.X.X.X.X.X.X.X.X.X#X.X.X.X.X.X.X.X.X.#.X.X.X.X.X.X.X.XXX.X.X.X.X.X.X.X.X.X.X.X.#.X.X#X.X.X.#.X.X.X.X.#XX.X#X.X.X.X.X.X.X.X.X.#.X.X.X#X.X.X.X.X.X.X.X.X.X...X.X.X#X.X.X.X.X.X.#.X.X.X.X.#.X.X.X.X.X.X.X.X.X.X.X.X.#.X#X.X#..X.X.XXX.X.X.
#X...#...X...X#X.....X.....X...X...X.....X#X.....X.......X#X.....X...X#X...X#XXX.........XX#.........#....##XX.....X.....X#X...X...X...........X..#X.....X.....X.....X...........#.X###..X...X.X#X...XXX...#.......X#..X...XXX...X.....X#X.....#.X#..X...XXX....
X.X.X..#X.X.X.XXX.X.X.X.X.X.#.X.X.X.X.#.XXX.X.X.X##.X.X.X.XXX.#.X.X.X.XXX.X...X.X.X.X.#.X#XXX.X.X.X.X.X#X.X.X.X.X.X.X.X.X.#XX.X#X.X.#.X.X.X.X.X##.X.X.X.X.#.X.X.X.X.X.X.X.X.X.X#X.X#X.X.X.#.X#.#X.#.X#X#X.X.X.X.X.X.X.X.X.X#X.X.X.X.X#X.X.X.#.X#..X.X#X.X.X.X.X.
......#X.......#...X.....X.............X#X..#X....#XXX.....X...X.......X...X#......X#X...XXXXX...X#X...........X.....X.....#...X.....X#X...##....#.....X.....#...X.......X...XX#...X.........X.......XXXXX.....X.....X.....X.........X.....X...X.X#..X.........X
X.X.X.#.X.X.X.X#X.X#X.X.X.X.X.X.X.X.X.X.X.X.XXX.X#X.X.#.X.X.X.X.X.X.X#X.X.X.X.X.X.XXX.X.X.XXX.X.X.X#X#X.X.X.X.X.X.X.X.X.X.XXX.XXX.X.X.X.X.X.X#X.X.X.X.X.X.X.X.X.X.#.X.X.X##.X.XXX.XXX.X.X.X.XXX.X.X.X.X#X.X.#.X.X.#.X#X.#.XXX.X.X.X.X.X.#.X.X.X...X.X.X.X.X.X.X#
.X..##.....X...#...X#X.....X#XXX...X#X.......X...X.......#.......X...X......#X#X#X.#.......X.........#...X...X.....X...X...#.XXXXX.......#....#X..#X#X.....X#........X.#.#.....#...X##...#...#XX...#...X.....X...X...XXX...X...X...X...X.......X.X#....X...X...X
.#X.X.X.X.X###X.X.X.X.X.X.X.X.X.#.X.X.X.X.X.X.X.X.X.X.X.X.X.X.X.X.#.X#X.X.X.X...X...X.X.X.X.X.X.X.X#X.X.X.X.X.X.X.X.#.X.X.X..##XX.X.X.X.X.#.X#X.X.X.X.#.X.X.#.#.X.X.X#....X.X.#.X.X.X.X.X.#.XXX.X.X.X.#.X.X.X#X.X.X.X.#.X.X.X.X#X.X.X.X##.X.X.X#....X.X##.X.X#..
....#.#X...XXX...X#....X...............XXX.........X#X.......X........#X#X.X.X.X.X#....#XX.....##X.....X.......X...........#...X.....X##.....#........#X.....X##XX...X.X.X...X.........X.....X..........#X...X.................X.......XXX#X...X.#.X...X.....X.X
X.X.X.XXX.X.X.X.X...X.X.X.X.X.X.X.X.X.X.X#X.X.X.#.X.XXX.#.#.X#X.X.X.X.X.X.........X.X.XXX.X.X.X.XXX.X.X#X.X.X.X.X.X.X.X.X.X.#.X.X.X.XXX.X.X.X.#.X.X.X.#.X.X.X.XXX.X.X.#..#X.X.X.X.X.X.X.X.X.X.X.X.X.X.X.X.X.X.X.X.X.X.X.X.X.X.X.X.X.X.X.X.XX#.X.X.X.#.X#X.X.X.XX
##X#...X.........X#X.....#...X#X...#.....X.X#X...X...X...#...X..#X#XXX...X.X.X.#.X#X...X...X.....#X#...X...X.....X#XXX#X...........XXX.....X#....#..#X...X.....X.......#...X.....X#XXX...X.....X...X##XX...X.....X...X#X...X.....X#X.......X...........X...#...X
X#X.X.#.#.X.X.#.X.X.X.X.X.X.XXX.X#X.X.X.X...#.X.X##.X.X.XXX.XXX.X.#.X..#X...XXX.X.X.X.X.X.X.X.X.X.#.X.XXX.X.X.X.XXX.X.X.X.X.X.#.X.X.#.X.X.X..#X.#..#X.X.X.X.X.X.X.X.X.X.X.X.X.X.#.X.X.X.X.X.X.X.X.X.X.X.X.X.X.#.X#X.XXXXX.X.X.X.X.X.X.X.X.X.X.#.X.#.#.X..#X#X.X.
XX.........X#.#X.......X.....#...X...#XX..#X#............X...#..#....X.X.X.X#X.......X.........#.......#X#...X...#....#..X...X#X.......X....#....##X.........X.....X#X.......X.............X.................X...X...X#X.....#XX.......X.....X#..#...#XX.X......
X.X.#.X.#.X....#X.X.X.X.X.X.X.X.X.X.XXX#X.X.X.#.X.X.X.X.#.X.X.X#X.X#X.......X.X.X.X.X.X.X.X.X.X.X#X.X.XXXX#.X.X.X.X.X.#.X.X.X.XXX.X.X.X.X.X#..X.#.X.X.X.X.X.X.X.X.XXX.X.X#X.X.X.X.X.#.X.X.X#X.X.X.X.X.X.X.X.#.#.X.X.X.X.X.X.X.X#X#X.X.X.X.X.XXX.X.X.X.X#..##X.X.
.....#X#..###.##...X.......X.........#XX....#X...X#X...#.......X...X.X.#.X.X...X...X.....X#X.....XXX...#XX.........X...........X..#X.......X.X......#..X...X...X...X...##X.....X...X#X#X.....#XX...#X#...#XX.......#.......X#....X#X.....X...X.....X...X.XXX...X
X.X.X.X.X.X.X...X.X#X.X.X.##X.X.X.X.X.X.X#X.X#X.X.##X.X.X.X.X.X.#.X.....X#X.X.X.X.X.X.X.XXX.X.X.X.X.X.XXX.X.X.#.X.X.X.X.X.X.X.X.X###X.X.X.X.X.#.X.X.X.X.X.X.X.X.X.X.X.X.X.X.X.X.X.X.X...X.X.XXX.X.X.X.#.XXX.X.X.X.XXX.X.X.X.X.X.X.X.X.X.#.#.X.X.X.X.X.X.XXX.X.X.
...X#....X...#.X...#XX...XXX...X.X.......X...#.....X....#X#X.......#.X.X.X.............X#X...X.........#.....#...X.....XXX##......#..X#X.........#.X#X.....................X.........X#....#X#.........#XX...#XX...X...X....#X..#...#X.....#...X.........X......
X.X.X.X.X.X.X.X.X.X.X##.X#X.X.X#.#X.X.X.X.X.#.X#.#X.X.X.X.X.#.X.X.##..X...X.X.X.X.X.X.X.X.X.X#X.X#X.X.X.X.X.X.#.X.#.X.X#X.X.X.X.X.X.#.X.X.X.X.X.#...X#X.X.X.X.#.X.X.X.X.X.X#X.X.X.X.X.X.X.X#XXX.X.X##.X.X.X.X.X.X.##X#.#X.X.X.X.X.X.XXX.X.XXX.X.X.X.X.X.X.X.X.X.
.....X...............X...X.....X.....X.........X.X...X#X.....#...XXX.X.X.XX#XX...X##XX.......X...X#..X.....X...X...X...X.....X...X....#....XXX...X#....X...X...X#X...X...XXX...X#X#X...X...XXX...X#..X.............X...X...#.....X...X#X...#.......XXX.....##X..
X.X.X.X.X.X.X.X.X.X#X.X.X.X.X.X.X.X.##X.X.X.X.X.X..#X.X#X.X.#X#.X#X.......X.X#X.X.X.X.X.X.X.X.##X..#X.X.X.X.X.X.X.X.X.#.X#X.X#X.X.X#X.X.X.X.X#X.X.X.X.X#X.#.X.X.X.X.X#X.#.X.X.X#X.XXX.X#X.X.X.X.XXX.X.X.X.X.X.X.X.X.X.X.X#X.X.X.X.X.X.XXX.XXX.X.#.X#X##.X.#.X.X.
...X...X...X#X..#X.....#.....X...X#X...#..#X....#X.....#...XX#...X..###X.X...X.........X...X#.....#......X...................X........#X.....X##...X...X#X.........#XX.........X...X...X.........X.......#...##X.....X...X.....X.......X...X...X...##XXX#.......
X.XXX.X.X.XX#.X.X.X.X.X.##X.X.X.X.X.X.X.X##.X.X.X.X.X.#.X.X#XXX.XXX.#.XXX.X.X.X.X.X.X.X.X.X#X.X.#.X.X.X.X.X.X.X.X.X.X.X.X.X.X.X.X.X.X.X.X.X.X.X.X.X.X.X.XXX.#.X.X.X#X.#.X.X.X.X#X.X.X.XXX.X.X.X.X.X.X.X.X.X.X#X.#.X#X.X.X.X.X.X.X.X.#.X.X.X#X.X#X.X.XXX.X.X.#.X.
...X.......X...X.....X...X..........#....X.....X.....X......#X...X.....X.......X...XXX.....X...X...X#X.......X#..#X#XX#..#X#.....X#X#X.....#.............X...X...X.....#...X#.#X.......##X#X...X...X...#...#.......X.......X.......XX#.....X...X.....X...#XX.X#X
X.X.X.X.X.X.X.X.#.X.X#X.X.X.X.X.#.X.X.X####.X.X#X.X#X.X.X.#.X.#.X.X.X.X.X.X.X.X.X.##X.X.X.X.X.X.#.X.X.X.X.X.X.X.XXX#X.X#X.X.X.X.X...X.X.X.XXX.X.X.X.X.X.X.X.X.X.X#X.X.XXX.X.X#X.X.X.X.XXX.X.X.X.X.X.X.X.X.XX#.X.X.XXX.X.X.X##.X.X.X.X.X.X.X.X.#.X.X.X.X.#.X.....
.....XXX.........X...X.....X...XX#..#....##X...##..X.....X#X.........X...X...X.....X.....X...X.........X...X...#XXXX...X.....X...X#....X#.#X...#XX...X.....X.....X...#XX.....X...##X..#X.....X............#X.XX#X#X#X#XX...X...#.......X.....X#..X........#X#X.X
X.#.#.X.X.#.X.X.#.X.XX#.X.X.#.##X.X#..X.X.X.X.#XX.X.X.X.X...X.X.#.X.X.#.#.X.X.X.X.X.#.#.X.X.X#X.X.X.X.#.X.X.#.#.XXX.X.X.X.X.X#X.X.X#X.X.X.X.#.XXX.X.###.X.X.X.X.X.X.#XX.X.X.X.X.X.XXX.X.X.X.X#X.X.X.X.X.#.....X.X.XXXXX.X.XXX.X#X.X.X#X.#.X.XXX.X.X.#.#.X.X..#..
XX.......X#X#X.......X...X.....X....#..#.....X#X.....X...X#..X#XXX.............X.....X.......X..#..XXX...........#.........XXX.....X.....#...XXX.....X...#.....X.....X.....X#......X.......#XX...X#..X...#.X.X.....X#X.....X...X...X#......#XX.....#XX...X##...#
X##.X.X.X.X.X.X.#.X.X#X.X.X.X.XXX.X.X.XXX.X.XXX.X.X.X.X.X.X.X.X.X.X.X.X.X.X.X.#.X.X.X.X.X.X.X.X.X.X#X.X.X.X.#.#.#XX.#.X.#.X##.X.X#X.X.X.X.X.X#X.X.X.XXX.X.X.X.X#X#X.X.X.X.X#.#X.X.##X.##X.X#X.X.XX#.X##.X.X#X.X.X.X.X.X.#.X.X.X.X.X.X.X.X.X.X.X.X.X.##X.X.X.X.X.
#....X#X.........X...X.....X...X...X...#...#XX...X...................X#..X#XXX...X.......X.....X...X.....XXX#X...X...X#X##XX..#X.......X.....X.....##X.....#.....X.......X...X#X...X...X...X.....##..X.....X.....X.....##........X...X#XXX.....#.....X..........
..X.XXX.X.X#X.X.X#X.#.X#X.X.X.X.X.X.X.XXX.X.X.X.#.#.X.X.X.X.X.X.X.X.X.X.X.X.X.X.#.X.X.X.X.X.X.X.X.X.X.X.X#X.X.X.XXX.X.X.XXX.X.XXX.X.X.X.X.#.X.X.X.#XX.#.X.X.X.#.X.X.#.X.X#X.X.X.#.X.X.X.X.#XX.X.X.X.X.X.X.XXX.X.X.X.#.X.#.X.X.X.X.X.X.X.X.X.X.XXX.X.X.X.X.X.X.X.
#X...X...X#..X...X..#..X...............X.............X#X...##.#X...X...X.............#.....X##.........X.........X.......X.....X#X...#...X.......XXX...X#X.....X...XX#...X...........X.....X#X.....#.....XXX...X...X.....X#X...X.............X#XX#.....X...X#X.X
X.X.X.X.X.X.X.X.XXX.X.X.X.X.X.X.X.X.X.X.#.X.X.X.X.X.XXX.#.#.#.X.X.X.#.X#X.X#X.X.X.X.X.X.X.X.XXX.X.X.X.##X.X.X.X.X.#.X.X.X.X.X.X.X.X.XXX.X.X.X.X.X##.X.#.X.X.X.X.X.X#X.X.X.X.X.X.X#X.X.X.X.X.XXX.X.X.X.X.X.X.X.X.X.X.X.X.X.XXX.X#X.X.X.X.X.X.XXXX#X#.X.X.X.X.....
.................XXX.......XXX#X...X#X.....X#X...X..#X.......#..#X.....#X#XXXX#X...X#.#XXX...X...X#X...X#X#XX#.....X#X.......X.......X.......#...X.........X.......X...X...X##...X.......#...X#X.....X...............X.....#...X.X##...X...X##X#X#XX.......X.X.X
X.X.X.X.#.X.X.X.X.X.X.X.X.X#X.X.X.X...X.X.X.#XX.X.X.X.X.X.X.XXX.X.X.X.X.X.XXX.X.#.X#..X.X.X.X.X.X.XXX.X.X.X.XX#.X.X.X#X.X.X.X#X#X.X.X.X.X.X.#.X.XXX.X.X.X.XXX.X.X.XXX.X.X.X.X.X.X.X.X.X.X.X.X.X.X.X.X#X.X.X.#.X.X.X.XXX.X.X.X.X..#.#X.X.X.X.X.X.X.X#X.X.X.X.X...
#X..#X#X...X#X.........XXX#X.....#..#..X.....X.....X...#.X#..#.......#.....X.........X.............#.........#.#.......X...#XX...X.....X...X...#XX...##X...XXX...XXX........#..X.....X...........X...X...##XXX#X#X...X...X#...#X.X.XXX.............X...X.....X.X
X.X...X.X.X.XXX.X.X.X.X.X.X.X.#.#.X.X.X.X.X.X#X.X.X.X.X...X.XXX.X.#.X.X.#.X#X.X.X.X.X.X.X.X.X.X.X#X.X.#.X.X.#...X.X#.#X.X.X.X.#.X#X.X.X.X.X.X.X.#.X.XXX.#.X.X.X.X#X.X.X.X.X.X.X.X.X.X.X.X.X.X.X.X.X.X#X.XXX.X...X.X.X.X.X.X.X.#.....#.#.X.X.X.X.X.#.X.X#X.#.X#..
....##.......X...#X#........#X.......X...#...X.X.......##..#XX...#XX...X#..X...X#X.#.....#..#X#X.....X...##.#.#X...X#............#XX.................X...........X.....X...X.......X.....X...XXX.....X...X....##...........X....#X.X...X...X...#.........X...X.X
X.X.X#X.X.X.X.X##.XXX.X.X.X.X.X.X.X.XXX.X.X.X..#X.X.X.X.X.XX#.X.XXX#X.XXX.#.X.X.X...X.#.X.#.X.XXX.X.X.X.X...X.X.#.X.X.X.X.X.X#X.X.X.X.X.X.X.X.X.X.#.X.X.X.#.X.#.#.X.X.X#X.X.X.X.X.X#X.X.X.X.##X.X.X.#.X.X.X##.X.X.X.X.X.X.X#X.X.XXX.X.X.X.X#X.XXX.X.X.#.X#X.X...
...X.XXX#X.....X...X#X...X##.....#...X.......#.....XXX.....X.....X#X...X.........X.XXX.....#...X#X.......#.X.........#XX...X#..X.....X##...X...X#X.....X...X...X...X.....X...X...##X#..#.....X.....X#......X.......X.#...XXXXX...#.........XX#XX...#.X#..X...X.X
X.X#..X.X.X.X.X.X.X.X##.XX#XX.X.X.#.XXX.X.X.X.X.X.X#X.X.X.#.X.X.#.X.#.X.X.X.X.X#X#..X.X.X.X.X.X.X.#.#.X.X.X.X.X.#.X.XXX.X.XXX.X.X.X.XXX.X.X.X.X#XXX.X.X.X#.#X.X.X.X.X.X.X.X.X.#.X.XX#.XXX.X.X##.X.X.X.X.X.X.X.X.X.X#.#X.X.X##.X.X.X.#.X.X.X.#.X.X.X..#..X..#.#..
.....X.......#.......X#XXXXX...X#....X...#.....X...X.....#...X.............X...X...X.....#...........X##.......X#X...X.....X.....X...X...X.....XX##X.....X.X...........X...........#..##XX...XXX.....X...X...XXX...X.......X.......X#X...X#........X..#X.X.X.X.X
X.X.X.X.X.X.XXX.X.#.X.X.XXX.X.X.X##.X.X#X.X.X.X#X.X.#.X.X#X.X.X.X.X.#.X.X.X.X.X.X.X.X.X.X.X.#.X.X.X.XX#XX.X.X.X.X.X.XXX.X.X#X.X.#.X.#.X.X.X.X.#.X.X#X.X.X.X.X.X.X.X.X.###.X.X.X.X#X.X.X.X.X.#.X.X.X#X.X.XXX.##X.X.X.#.X.X.X.X.X.X.X.XXX.X.X.X.X.X.X.X.X.....X...
.X#X...X#X...X...X.......X.......X.....X.....X##.....X...X.......X.X...X#X......#......X...X...X#X.X.#.X.#...#.......XXX.....X...............X.....X...X.....X#X..#X...X#..X...X.X...X.............X.....X...X.......##..X.....X#....X.....X...X.......X.X.X.X.X
.#X.X.X#XXX.X#X.X#X.#.X.XXX.X.X.XXX.#.X.X##.XXX.X.X.X#X.X.X.X.X.X#.#X.XXXXX.#.X.X.X.#.X.X.X.X.X#...#.#....X.X.X#X.X.X.X#X.X.X.X.X.X.X.X.X.X.X.#.X.X#X.X.X.#.XX#.X#X.#.X.X.X#X.X#.#X.X.X.#.X.X.X.X.XXX.X.XXX.X.X.#.X.#...X.X.X#X#..X.X.X.X.##X.X.X.X.X.X.##X.....
.......XXX...X...X..#X...X...X...XX#.....X...#..#X...X.....X#XX#XX...X#XX##X...X#..X#X.........X.X.X.X.X###X...X.X.....X...X...XXX...#XX...X...X...X.......XXX...X......#X#X.....X.......##X..#X#XXXXX...X.....X...XXX.X.....X...#X#.....X#..#.....X.......X.#.X
.#X.X.X.X.X.X.X.X#X...X.#.X.X#X.X.X.X.X.XXX.X.#.XXX.X##.X.X.X.X.X.X.X.XXX.X.#.X.X.X#X.X.X.X.X.X.#.........X.X.X#.#X.X.XXX.##X.X#X.X.X.X#X.X.X.X.X.XX#.X.X.X#X.X.##X.#.X.X.X.X.X.X.X.X.X.#...X.X.#.XXX.X.XXX.X.X#X.#.#XX.X.X.X.X.X.X.X.X.X.X.XXX.X.X#X.X.#.#XX...
...X.............X..##.......#.......#...X.......X...X...X.............X.........#X#..#X...XXX...X.#.X.X#X.....X.....X#X...X...X.......X#X.........X...X...X.....X...#X#....#XX#...X...X#.#..#.....X.....X...#XX.....#.....X...X.......X.....X...XXXXX...X#X.X.X
X.#.X.X.X.X.#.X.X.X...X.X.X.XXX.X.X.XXX.X.X.X.X.X#X.XXX.X.#.X.X.X.X.X.X.X.#.X.X##.XXX.XXX.X#X.X.X#X...XXX.X.X.X.X.X.XXX.X.XXX.X.X.X.X.X.X.X.X.X.X.X#X.X#X.XXX.X.X.X.X.XXX.X##.X.#.X.X.X.X.X.X.X#X.X#X.X.X.X.XXX.#.X.X.X.X.X.X.#.X.X.X.X.X.X.##X.X#XXX#X.X#......
#X.....X##...XXX...X##XX#X..#XXX...XXX.......X...X...X.....X...X#X...#.....X.#XX...X...X...X.....XXX.X##..#..X...X...X.....X.......X.......X...#...X...XX#XX...X...X...#.................X.....X.....X.......X..#.#X...X...........#XX...X...X...X#XX#...###.X.X
X.X.#.#.XXX.X.X.X.X.XXX.X.X.XXX#X.X#X.X.X.X.X.X.X.X.X.X.X.#.X.#.X.X.#XX.X.X#..X.X.X.X.X.X.XXX.X.X.X...X.X.X.X.X.X.X.X.X.X.#.X.X.X.X.#.X.#.X.#.X.X.X.#.X.X.X.X.#.X.#.X.XXX.X.X.X.X.X.X.X.X#X#X.X.X.#.X##.X.X.X#X.#.X.X.X.X.X.X.X.X.X.X.X.X.X.X#.##.X#X.##....#..#
....#X...X...........X....#..XXXXX#......X.....X...X...X...........XXX...#XX.X.............X...X#..X#....................#.....XXX.....X.........#...X.................X#..#X#...X#X#X.............XXX#X...X.....X.........XX#####...........#.....#...X.X.XXX.X
X.X.X.X.X.X.X.X.X.X.X.X.X.X.X.XXX.X#X.X.X#X.X.X.X.X.X.X.X.#.#.X.X.X.#.X.XXX...X#X.X.X.X.X.X.X.X#X.X##.X.X.X#X.X.X.X.#.X.#XX.X.X#X.X.X.X#X.X.X.X.X.X.X#X.X.X.X.#.X.X.X.X.#.XXX.X.X.X.#XX.#.X.X.X.X.X.XX#.X.X#X.#.X.X.X.X.X.X.XXX.XXX.X.X.X.X.X.X.X.X##.X.X#..X...
...X#........X#X#X.....X.......X...X...#XX#X.............XXX...X.........X.X.X.X.#...X...X.....X...X..#X...X...X#XX#...X#X...XXX.....X...##X...X.......X#..X#XXX...#.....XX#...X.....X...#X#...X.....X.....X#..X.....X#X.....X...X...X#X...#...#...#.....X#X.X.X
X.X#.#X.#.X.X#X.#.X.X.X.X.X.X.X.X.##X.X.XXX.X.#.X.X.X.X.X.X.X.X#X.X.X.X.##........X.X#X.X.X.X.XXX.X.#.X.X.X.X.X.X.XX#.X.X.X.X#X.X.X.X#.#.#X.##X.X.#.#.X.X.X#X.X.X.XXX.X.X.X..#.#X.X.X.X.X.X.X.X##.X.X.X.X.X.X.X.X.X.X.X#X.X.X.X.X.#.X.XXX.X.X.XXX.XXX.X.X.X.....
X##....X...X#X.....X.....X...#.....X.X...X.....#XX#..#...........#X#XX.....#.X.#.X.....#.....XX#.....X#..X...#.....##X.......X.....X...#.X...X.....XXX...X#X.......X#X.....#.X.....X.........X#X..##.....X.........X...X...X...........X.......X...X...#....#X.X
X.X.X.X.X.X#..X.X.X#X.X.X.X.X.X.X.X#.#X.X.X.X.XXX.X.X.X.X.#.X.X.XXX.X#X.X.#.XXX.X.X.X.XXX.X.X#X#X.X.X...X.#.XXX.X#....X.X.#.X.X#X.X#X.XXX.X.XXX.X.X#X.X.X#..X.X.X.#.XXX.X.X.X.X.X.X.X.X.X.X.X.X.X...X.#.X#X.X.#.X.X.X.X.X.X.#.X.X.X.X.X.#.X.X.X.X#X.X.X.X.X.##..
...X.........X#X...XX#.....X...X#....#.......#.X..#X...X##...X...X...XX#XX...X.......X#XXX...XXX..#...#X.....X...X.X.X#XXX#X.......X...X.....X...X#X.....X#..X...#...#...X#....X#......X...#.....#.X...XXX...#XX.........#.....XXX###X.....X.....X.........X#.#.
X.X.X.X.#.X.#.XXX.#.XXX.X.X.X.X.X.X.X.X.X.X.X..#X.X.X.X.X.X.X.X.X.X.X.X.X.X.X.X.#.X.X.XXX.X.#.#.X.X.#.X.X.X.X.X.X.X#..X.X.X.X.X.#.X.X.X.X.X.X.X.X.X.X.X.X.#.X.X.XXX.XXX.#.X.X.X#..X.X.X#X.X.X.X.X.X.X.X#X.X.XXX.X.X.X.##..X.X.X##.X.X.X.X.X#X.X.XXX.X.X.X.X.X.X.
#....X...X.....X.....#...X.......X....##...#.X.X...............X.................XXX...X.........X...#...X.........X.X.......X#X.........X...........X...........X...##X...X...X.#XX.....X.....X#......X...##X...X...X#..X#X...X.......X...XXX...X...X.X#......X
##X.X.X.X#X.X.X.X.X.X.X.XXX.X.X.X#X#X.X.X.X#...#X.X#X.X.X.X.X.XXX.X.X.X.X.X.X.X.X.X#X.X.X.X.X.X.X.X.XXX.##X.X.#.X.X#X.X.X.X.X.X.X.X.X.X.X.#.X.X.X.X.X.X.X.#.X.X.X.X.X#..X.#.#.X.XXX.X.X#X.X.X.X.X.X.X.X.X.#.#.X.X.X.X.X.##X.X.X.##X.X.X.X.X.X#X.X.X.X#....X.X.X.
.........X...X.....X.....X...X#X...X.......X.#.....X##XX...X...XX#XX#X...#.X#X.....X.....#...X.......X#....X#XXX...X.....X#X.......#XX.....X#..X...X...X...X#X.........#.........X.....#.....X...X#X#X.................X.....##..X...X.......XXX.....#.X.##X....
.#X.#.X.X#.#X.#.X.X#X#X.#.X.#.X.X.X#X#X.X.X.X.X.X#X.X.X.X.X#X.X.X.X.XXX.X....#X.X.XXX.X.#.X.X#X.X.X.X.X.X.X.X.X.X.XXX.X.X.X.X.X.X.X.#.X.X.#.X.X.#.X.X.X.X.XXX.X.X.X.X##.X.X.X.X.X.#.X.X.X.X.#.X.X.X.XXX.X.X.X.X.X.X.X.X#X.X.X.X.X.X.X.#.X.X.X.X.X.X.#.X...X..##.
...X#X...X#......#...X.............X.....X.....X#..........X.........X....#X#X.X#X.#X#.........X#XXX.....X.........X...X.....X...X#......X...X.............#..#X#X...X.....X#X.......X...#...........X...#...X#XXX#X#X.....X...........X...X.....X.....#.#.X..#X
#.X.X.X.X.X.X.X.X.X.X.X.X.X.X.X.X.X.X#X#X.X.X.X.X.X.#.X.X.X.X.X.X.X.X.X.#.X.X...X...X#X.X.X.X.X.X.X.X.X.X.X.X.X.#.X.X.X.X.X.X#X.X.X#X.X.X.X.X#X.X.X.X.X.X.#XX.X.X.X.X.X.#.X#XXX.X.X.X.X.X.X.X.X.X.X.X.X.##X.XXX.X.X.X.X.X.X.X.X.X.X.X.X.X.X#X.X.X.X.X.X.X....#X.
X#.....X#....X........#X...X...X#X...X.......#...#XX...X#....X...X.......X#.##.X.X.X...#XX...X.......#.......#XX.........X.....X...XXX.......XXX...#.X#X...X..#........XXX#X#X...X.........X#X...X.......XXX.X..#......#.....X#XXX...X.......X.....X.....#.X.X..
XXX.X.X.X#X.X.#.X.X.X.X.X.#.X.X.X.X.X.X.X.#.XXX.X.X.X.#.X.X#X#X.###.X.X.X...#.......X.X.X#X.X.X.X.X.X.X.X.X.X.X#X.X.X.X.X.X.##.#X.X.X.X.X.X.X.X.X.X..#..#.X.X.X.X.X.X.X.X.XXX.X.X#X.X.X.X.X.XXX.X.X.X.X.X.##..X.X.X.X.X#X.X.XXX.X.X.#.X.X.X.X.#.X.X.X.X.X.X#X#.#
XXXX.....#XX...XXX...X.......X.........X...##X...........X#..X...#..#X....##XX.X.X.X.....X.......X#X...X...X...X#..X##........#X.......X#X.........X...X.......#X#X#.......X.....X...X...#...#XX...X#X.......X...X...X...X...X.........X...X...X.......X...X....
X#X.X.X.X.X.X.X#X.X.X#X.#.X.X.X.X.X.X.X.X.X.X.X.#.X.X.X.X.#.X..#X.#.X.X.X...X...X#X.X.X.X.X.X.X.X.XXX.X#X.X#X.#.#.X.XXX.X.X.X.X.X.X.X.XXX.X.X.X.X.X#X.X.X.X.X.XXX.XXX.#.X.X#X.X.X.X.X.X.X#X.XXX.X.X.XXX.X.X.X.X.X.X.X#X.X.X.X.X.X.X.X.X.X.X.X.X.X.X.X.X##.X.X.X.
XX.....X.......X.......X...X.....X...X.........##X...X##.....#.X...X.....#.X.X.X.X.....X.....X#X...X..#X.........X...#...X...X.....#...X..#..#XX...X.......X#..#...X#XXX...XXX#...#X.....#...X.......X...#XX.........X...........#XX...............X#XXX.......X
#.#.X.X.X.X.X.X.X.X.X#X.X.XXX.X.X#X.X.X.X.X.X.XXX.X.X.XXX.X#X.X.X.X.X.X.XXX......#X.#.X.X.X.X.X.X.X#X.X.X.X.X.X.X.X.X#X.X.X.X##.X.X#X.X.X.X#X.X.X.X.X.X.X.X.X.XXX.X.X.X#X.X.X.X.X.XX#.X.XXX.X.X.X.X#X.X.X.X.X.X.X.X.XXX.X.X.X.X.X.X.X.X.X.X.X.X.X.#XX.X.X.X.X.X.
...X.......X.......#.X.....X...#.........XX#...X.......X...............X#X.X.X.X#....X...X.........X.....X#X...X.....XXX.....X...X#X.......X.........X#X#X...X#X.......X.......#...X...X##.....X...#.........X...X...X#X#X...X##.....X...X#X...#...X.....X...#..
X.X#X.X.X.X.X.X.#.X...X.X.XX#.X.X#X.X.X.X#X.X.##X.X.X.X.X.X.X.X#X.X.X.X.....X....#X.X#X.X.X.X.X.X.X.X.X.##XXX.X.X.X.X.X.X.X.X.#.XXX.X.X.X.X.X.#.X.X.X.X.XXX.X.X.X.X.X.X.X.X.X.XXX.X.X.##X.X.X.X.#.X#X.X.X.X.X.X.##X.X.X.X.X.XXXXX.X.X.X.XXXXX.X.X.X.X.X.X.#.X.X.
....#X#XXX.....X..#X.X.X...X.....X...X...X.....X...X.....XX#...X##XX...X.X.X.X.X.X...X.......X#X.......XXXXXXX...X.........X.....X.....X#X...X...#.......X.........X.....X...#X#XX.....#...X.......XXX...X#X.....##X.......##XXX...#.....##X.....X...X..........
X.X#X.X.X##.X.X#X.X....#X.X.X.X.X.X.X##.XX#.X.#.X.X#X.X.X.X.#.X.XXX.X.X.X.......X.X.X.#.#.X.XXX.X.X.X.X#XXX##.X.##X.#.X.X.#.X.X.##X.X.X.#.X.X#X.X.X.X.#.X#X.X.#.X.X.X.X.X##.X.X.#.#.#.XXX.X#X.X.X.X.X.X.XX#.X.X.X.#XX.X.X.X.XXX.X.X.X.X.X.X.X.X.XXX.X.X.X.X.X.X.
.........XX#...X#X.X.X.X.......X...X#.#.#X...#.....X#X.......X...#.......#.#.X.X......#X...##X.....X...XX#X#.....X...X...X...X...XX#.........#.....X...X.X.X...XXX...X...X...........X#X#..X...X#X.......X#....X...X#XXX.....X.........X.....#...X.....X...X.#.X
.#X.X.X.X.#XX.X.X.....X.X.X.X.X.X.#.....X.X#X.X.X.X...X.X.X.X.X.X.X.X.X.X...XXX.X.X.X.X.X.X.#.X.X.X.X.X.X.X##.X.X.X.X.#.X#X.X.X.X.XX#.X.#.X.XXX.#.X#X.X#.#.#X.X#X.X.X.X.X.X.X.X.#.#.X.XX#.#.X.X.X#X.#.X.X.X#X.X.X.X.X.X#X.#.X.X.#.X.X.#.X.X.X.X.X.X.X.X.X.X#....
###.#..X...X.....X.X#X.....X.......##.#X...X...X#X.X.X...XXX.......X...X..#..X.....XXX...#.....X#X...........X.....X.....X.........#XX...X#.#X...XXX.......X...X...........X#.#..#XX...X.........X...X.....X...........X...X...X...X......#X.........X.....X.#.#
X.##X.X.X.X#X.X.X#....X.X.X.X.X.X.X.X.X.X.XXX.X.X....#X.X.X.#.X.X.X.X.X.X.X.X.X.X.X#X.X.##X.#.X.XX#.X.X.X.X.#.X.X.X.X.X.XXX.X.X.X#X.X#X.X.X.X.X.X#X.X.X#X.X.X.#XX.X.X.X.X.#.###.X.X.X.X#X.X.X.X.#.#.X.#.X.XX#.X.X.X.X.X.X.X.X.X.X.X#X.X.#.X.X.X.X.X.X.X.X.X.X...
...#.......X..#X...#.#XX.....#...#...X.....X.....X#X...........#X#.......#.....X...X.....X...X#..#XX...X...X...X.....X...X#X...XXX...XXX...X.....X......#X....#X.#...#X#.....X##.......#...X...X...#...X...X...X#XX#...............X..#XX#.....X#X.......X...X.X
X.X.X.X.#.X.X.X.X.X.X.X##.X.X.X.XXX.X#X.X.X.X.X.X.X.X.X.#.X.X.X.X.X.X.X.X.X#X.X.X.X.#.X.XX#.X.X.XXX.X.X#X.X.X.X.#.X.X.X.X.XXX.X##.X.X.X.X.X.X.X.X.X.X.X.#.X.#.X...X.X.XXX.X.X.X.X.X.X.X.X#X.X.X.X.X.X.X.#.X#X.X.X.XXX.X.X.X.#.X.#.XXX.X.X.X.X.#.XXX.X.X.#.X.X#..
#....X...X.............X.X#X...#XX.......X...X.......#...X...X.....X...X#..#.........X...X.......X.....XXX.......X.........X...X...............X...#...X...#X#.X#..X...X...#....#..X.....X.................#XX.....X...X.X..#X...#XXXX....##XX...X#X...X.......X
X.X#X.X.#.X.X.X.X.X.X.X...XXX.X.X.X.X.X.X.X.X.X.X.X.X.X.X#X.X.#.X.X#X.X.X.X.X.X.X.X.X.X.X.X.X.X.X.X.X.X.X.X.X.X.X#X.X.X.X.X.X.XXX.#.X.X.X.X.X.X.X.XXX.X.X.X.X#..X.X.X.X.X.X.X.X.X.#.X.X.X.X.X.X.X.X.X.X.X.X.X.X.X#X.X.X#.#X.X.X#X.XXX.X.X.X.X.X.X.X.X.X.X.X.X.X#
.............X#X...#.X##.X.X..#......X#X.......X...#....#X.....#...X.........X##...X.........X.....X.........X#X..#X...X.......X#..X...XXX#XX#.....#...........#...............X#X.....X...X...X...X#.#XXX.......X.....X.#X#.......X.....X#.......#.#X.....X##XX
.#X.X.X.X.X.XX#XX.X..##.....#.X#X.X.X.X.X.X.X.X.X.X.X.X...X.X.XXX.X#X.X.X.X.X.XXX.X.#.#.X.X.X.X.X.X.X.X.X.X.X.X.#.X.X#X.X.X.X.X.X.#.X.X#X.X.X.X.X.XXX.X.X.X.X.X.X.#.X.X.X.X.X.X.X.X.#.X.X.X.X.X#X.X.X.X.X.X.X.X.X#X.X.X...X.X.X.X.X.X.X.X.##X.X.X.#.X.X.X.XX#XXX
...#...X##...#XX....#..X.X.X...X...#....#XXX.........X##.X...XXX#....#...X##...X.....X...X.....X.......#...X.........X.....#.#...X.....X.......X...#XX...X...X...#..#X...X...#.....X...........X.....X.......#...X...#X##....#XX.....X.....XXX...X.......X#XX#XX
#.X.X.X.X.X.#XX.X.#.X.##X....#X.X.X.X.X.X.X.X.X.X.X.X#X.X.X.X#XXX.#.X.X.X.X.X.X.X.#.X.X.X#X.#.X#X.X.X.X.X.X.X.X.X.#.XXX.X.X...X.X.X.X.#.X.X.X.X.#.XXX.X.X#X##.X.#.#...X.X.X.XXX.X.X.X.X.X.X.X.XXX.X.X#X.X.X.XXX.XXX.X.X#..X.XXX.X.X.X.#.X.X.X#X.X.X.X.#.#.XXX.XX
.....X.....X#X.....X...XXX.#.X.......X.........XX#...X.......XXX...X.............X.........X##...X...X...X.....#...XXX...X#X#........X...X...X.....#.....X.........X.X.#.....X#X.....#XX...#XX##..#..X...X...X...X.....X.X...X.....X.....X...X.......#.....#...X
X.X.X.X.X.X.X.X.#.X.X.X.X..#X.X.X#X.X.X.X.X.#.X#X.X.X#X.X.X.#.#.X.X.#.X.X.X.X.X.X.X.X.X.X#X.X#.#.#X.X.X.X.X.X.#.X.#.X.X.#.#.X.X.#.X.X#X.X.X.X.X.X.X#X.X.XXX.X.X.X.X.X...X.X.X.X.X.X.X.X.X.XX#.X.X#X.X.X#X.X.X#X.X.X.#.X.X.X.X.X.X.X.X.X.X.X.X.X.#.X.X#X.X.X.X.X.
X#XX.....X.......X.......X.......XXX.....XX#...X.......#X#X#...........#...X...X.....X...#.....X#XXX.........#...............X#X.X#..X.........X.....X...#XX...#.....##..X.......#.........X.....#.#...X.....X.....X.............X.....X.........X#X.....X..#...
XXX.X.X.X.X.X.X.X.X.X.#.X#X.X.X.X.X.X.X.X#X.X.X.X.X.X.XX#.X.#.X.#.X.X.X#X.X.X.X.X.X.X.X.X.X.X.X.#XX.X.X.X.X.X.X#X.X.X.X.X.X.X.......X.X#X.X.X.X#X.X.X.X.X.X.X.X.X.X.X.#.X.X.#.#.X.X.#.X.X.##X.#.X...X.XXX.X.X.X.X.X.X.X.X.X.X.X.X.#.X.#.#.X.X.X.X.XXX.X.X.X.X.X.
XX...X.......X.......X##XXX##X..#......#XX...X.....#...X.....X...XX#...X.....#.....X.......#....#X...X...XXX...XXX#X...X#X...#.X.X.#.....X...X##...X.............#XX.......#XX.......X#X...X...XX##....X...X#..X.......#XX#X...X...X.......X#X#X...###.......X..
X.X.#.X.X.X.X.X.X.X.XXX.XXX.#.X.X.X.X.X.X.X.X.X.X.X.X.X.X.X.X.X.X##.#.X.X.X.X.#.X.X#X.X.X#..X.X.X.#.X.X.X##.X.X.X.X.X.X#X.X.#...X#X.X.X.X.X.X.X.X.X##.X.X.X.X.X#X.X.X.X.X.XXX.#.X.X.X.X#X.X.X.X#X.X.X#X.X.XXX.X.X.X.X.X#X.X.X.X.X.#.X.X.X.##X.X.X.X.XXX.X.X.##X.
.........X#X.....X...X...X.......X#XX#...........X...X...X.......X...X.....X...#...XXX...X.X...X.........X...........#XX.....X#X#X...X.............X...XX#XX...X.....X...XXX.....#.#...........X..#..X.....#.....X...X#......X.........X#XXX.........X...XX#....
X.#.X.X.X.X.X.X.#.X.X.X.#.#.X.X.X.X.XXX.X.X.X.X.##X.#.X.X.X.#.#.##X.X.X.X.X.X.X#X.X.X.X.X.X.X.X#X.X.#.X.X#X.X.X.X.X.XXX.X.X.X.X.X.X.X.X.X.X.X.X.X.X.X.##X.X#X.XXX.X.X.X.X#X.X.X.X...X.X.#.X.X.XXX.X.X.X.X.XXX.X.X.X.X#..X.X.X.X.X.X.X.X.X.X.X#X.X.X.X.X.X.X.X.X.
XX###X.......X#X.............X.......#...X#XXX...X...........X#X..#....X.........X.............X...#...X#.#..X...X#..X.....X.............X#..X#XXX.....#.......X#X.......X.....X#X.##..X#X...X#X......#X...X#X.......X.X...X...X.#XX........#..X#X.............X
X.X...X.X.X.X.XXX.X.X.X.X.X.X#X.X.X.X.X#X.X.X.X.X.X.X.X.X.X.X.X.X.X.X.X.X.X.X.X.#.X.X.X.X.X.X.#.#.X.X.X.#...X.X.X...X.X.X.X.X.X.X.X.X.X.X.X.X.X.X#X.X.X.X.X.X.X.XXX.X.X.X.X.X.X.....X.X#X.#.XXX.X.X.#.X.X.X.XXX.X.X.X.X.X.X.X.##.#X.X.X.#.X.X.#.##X.X.X.#.X.X.X.
....#X.#.X#X...#...X.#.##X...XXX#.#X...X.............X#.#XXX.......#.......X...X...X#X...X...X#..X.......X#X.....X#X.....X.....X#X...X.....X......#XXX...#XX.....X...#XX.....#XX.X.#...X.....X.....X#X.......X...#.............X.......#...X#....X...X#X...X#X..
X.X.X........#X.X.X#....#.X.X.X.X.X.X.X..#X.#.X.X.X.X.X.X.X.X.#.X.X.X.X.X.X.X.X.X.X#X.X.X#X.X#X.X.X.X.X.X.X.#.X.X.X.X.X.X.X.X.X.#.X.X.X.X.X#X.X.X#X.X.X.X.#.X.X.X.X.XXX##.X.XXXX#..#.#X.X.X.X.X.X.#.#.#.X.X.X.X.X.X.#.X.X.X.X.X.X.X.X.X.X.X.X.X.#.X.#.X.#.X#..X.
XX...X##.X.X.X.....X.X.#...X#....X.....#.X...X...X.....X.....X...X.....X.....X.....X.....#...X.......X.........X.....XXX.....X.....X...X.....X#..X.............X.....#XX..#XX##XX#...X...X.....X.......X#XX#.......X#X#..X#..#...#XX.....X.....X...X.....X#X.X..
X.X.X.X...X#X.X.X.X...X#X.X...X.X#X.X.#XX.X.X.X.X#X.X.X.X.X.X.#.X.X.X.X.X.#.XX#.X.XXX.X.X.X.X.X.X.X.X#X.#.X.X.X.X.X.X#X#X.#.X#X.X.X.X.#.X.X.X.X.X.X.X.X.#.X.X.X.X.X.X.X.X.X.X.XXX.X.X.#.X.X.X.X.X.X.X.X.X.X.X.X.X.X#X.#.X#..#XX.XXX.X.#.X.#.#.X.X.X.X.#.XXX...#.
.......X.X.X...X....#X#....#.X...X#X...X...#.....X...X...X...........X...#...X...#XX...X...X...#...#XXXX...X#X...#...XXX...###XX...........X.........X#..#...X.....X.....X.....X...X.........X.....X#X.........##X.....#..#..X...X.....X.....X.......X...X..#...
X.X.X#X.....X.X.X.X.X.X.X.X.X.X.X.X#X.X.X.X.X.X.X.X#X.X.X.X.X.X.X.X.X.X.XXX.XX#.X.X.X.X.X.X#X.X.X.X.XXX.X.#.XXX.XXX.X.X.X.X.X.#.X.X.X.X.X.X#X.X.X.X.#.X#X.X.X.X.X.X.X.X.X#X.X.X.X.X#X#X.X.X.#.X.X.XXX.X.X.X.X.XXXXX.X.X.X.X.X.X.X.X.X.X.X.X.X.X.X.X.X.X.X#X.X.X.
XX...X.X.X#X.......X...#...........X.........X#X...X.......X...#.X#X.....X...X.............X.....#...X.......X...#.......X.........#XX...X...X...X#X...X.........#...X...X...X.......X...X.....X...X.....#...XXXXX#X.......X.......X.......X...XXX.......X...#X#
X.X.X#......X.X.X.X#X.X.X.X.X.X.X.X..#X.X.X.X.#XX.X.X.#.X.#.X.X...X.X.X.X.X.XX#.X.X.#.X.X.XXX.X.X.X.X.X.X.X.X.X.X.X.X.X.#.X.X.X.X.X.X#X.X.#.X#X.#.X.X.#.X.X.X.#.X.X.X#X.#.X.X.X.X.X#X.X.X.X.X.X#X.X.X.X.XXX.X.XX#XX.X##.X.X.X.X.X.X.X.X.X.#.#.X#X.X.X.X.X.X.X##.
.......#.X.#XX...X......#X#X...X...X#X.#...X...X....#XXX........#X#..X.......XXX...X...#...X...#.........#.........X...X.....X#X.....X.......X...........#.X#..#.....X....#......X#X...X...X...X.......X#X.....XXX...X..#....X##.......X.......X...XX#..........
X.X.X.X.XX#.X.X.X##.X.X##.X.X.X.X.X.X...X.X.X.X#X.X#X.X.X.X.#.X.X.X.X#X.X.X.X.X.X.X#X.XXX.X.X.X.X.X.X.X.X.#.X.X.X.X.X.X.#.X.X.XXX.X.X.X.X.X.X.#.X.X.X.X.X....#X.#.#.X.X.X#X.X.X.X#..X.X.X.X.X.X.X.X.X.XXX.#.X.X.X.X.#.X#..X.X.X.X.X.#.X#X.X.X.X.X.X#XXX.X.X.X.X.
X#...X...##......XXX...X.....#.......X#........X...X.......X...X.....X...X.........X...X.........X...#.....X#..#XX.........X...X...#.....X#X.....XX#..#X..#X#......X.....X...X.....X...............X...X...#...........X.#.......X#X..#.#XXX.......#XX.XXX...X#X
XXX.X.X.#.X.X.X.X.X.X.X.X.X.XXX.X.X#..X.X.X.X.X.X.X.X.X.X.X.X.X.X.X.X.X.X#X.X.X.X.XXX.X.X.X.X.X.X#X.X#X.X.X.X#..X.X.X.X.X.X.#.X#X.X.X#X.XXX.X.X.X##XX.X.X.X...X.X.X.X.X.X.X.X.X.X.X.X.X.X.X.X.X.X.X.X.#.#.X.X.X.X.X.X.X.X.X.X.X.X.X.X.X.X.X.X.#.X.X.X..#X.X.X.X.
XX........#X...X.........X...#...##X.X...X##XX.......#..#X.........X...X#XXX#X...X#X.....#...XXX.X.....#.....X.X...X...#XX.....X......#XXX...X...XX#X#.....#.X...#.....X...#.....X...X...#...XXX.....X.......#XX#X.#XX#......X#X.....#.........#.....#..........
X.X.X.X.X#X.X.X.X.X.X.#.X#X.X.X.#.X.X.X.X##XX.X.X.X.X.X.X.X.X.X.X.X.X.X##XX.X.X.X.X.X.X.XX#.X.X#..#.X.XX#.X.X.#.X.X.X.X.X#X.X.XXX.X.X.X.X.X.X.X.X.#XXXX.X.X#X.X.X.X.X.X.#.X#X.X.X.X.X.#.X#X.X.X#X.X.X.X.#.X.X#X.X...X.X.#.X.XXX.X.X.X.X.X.X.X.X.X.X.X.X.X.X.X.X#
.....X...X.......X...#X#.X...............XXX...X#X.....X...X#X...X.....XXX.....X.....#...X.......#...XXX#X.................X...X...X#X.............#XX...X##.......X.......X...X.........X......#XXX...X#X...X...X#....X...X#X....##..#X...X##..#X.....X...X#XXX
X.X.X.X.X#X.X.X.X.X.XX#...X.X.X.X.X.X.X.X.X.X.X.X.X.X.X.X.X.X.X.X.X.X.X.X.X.X.X#X.X.X.X#X.X.X.X.X.X.X.X#XXX.X.X.X.X.X.X.X.X.X.X.X.X.X.X.X.#.#.#.X.XXX.#.X.X.X.X.X.X.X.X.X.X.#.X#X.X.X.X.X.X.X.X#X.X#X.XXX.X.XXX.##..X.X.X.X#X.#.X...X.XXX.X...X.X.#.X.X.#.#.X.#X
#..#.....#...X.......XXX.###...X#.#..X.............X.................#.......X#....X...X.....#X#.......XX#...X#X#.#X.#XX#X...............#...#XX...#.........#...#.....##X.....XXX...X#X#..#...X...X...X.....X...X.#.......X.....#.#...X...X#......X...........X
X.X.X.X.X.X.X.X.X.X.X.X..#X.X.X.#.#.X.X.X.#.X.X.X.X.X.X.X.X.X.X.X.#.X.X.#.X.X.##X.X#X.X.X.X.X.X.X.X.X.X.X#X.#XX.X.X...#.#.X.X.X.X.X.X.X.X.X.XXX.X.X#X.X.X.X.XXX.X.#.X.XXX.X.X.X.#.X.X...X.X.X#...#X.X.X.X.X.X.X.X.#.X.X.#.X.X.X#..X.X.X.X.X.X.X.X.X#X.X.X.X.X.#.
..#.#X.....X.....#.....X........##XX...X...X#..#.......X#XXX#X...#.....X...X...X...X.....X.......X#XXX...X..#X...X..#X.....X...X#XX#.X#X...X#X.....X#X...XX#XX.....X...X...X.........X.#.....#.#.X.........X.........X...X#....X.#...........#XX...X#..X...#....
X.X.XX#.X.X.#.X.X.X.X.X.X.X.X#X.X.X.X.X#X.X#X.XXX.X.X.XXX.X.XXX.XX#.#.X#X.X.#.XXX.X.X.#.X#X.X#.#X.X.X.X.X.X#X.X.X#X.X.X.#.X.X.X##.X#.#X.#.XXX.X.X.X.XXX.X#XXX.X.X.X.X.X.X.X##.X.#.X.X#..#.X.X.X.X.X.X.X.X.X.X.X.X.X#X.X.X.X.X.X#X.X.X.X.X.X.#.X.X.X...X.X.XXX.X.
X#...X...X...X.....X.....#.....X.......X...X.#XXXX#X...X.....#...X#X...#.......X.....X#..X...X#X...........X.....X.....#.............X.....X.....X...X...XXX...#...........X...X#.#X...#...X.......#...X#X...#XX...X.......#...X.....X#X#X.........X#X.....X#..#
X.X.X.X.X#X.X.X.#.##X.X.X..#X.X.X.X.X.XXX.X...XXX.X##.X.X.X.XXX.X....#X.X.X.X.##X.X.X.#.X.X.X.X.X.X.X.X.X.XXX.X.X##.X.X.X.X.X.X.X.X.X.X.X.X.X.X.X.X.X.X.X.X.X.X#X.X.X.X.X.X.#.X...X.X.X.#.X.X.X.#.X.X.X#XXX.XXX.X.X.X.#.X.#.X.X#X.X.XXX.XXX.X.X.X.X.X.X.X.X.X.X.
.........X.......#XX...#XX.##X.....X...X#X###..X...#XX...X...X...X.X.X.....X#X.....#.............XXX...XX#XXXX...X...X..#XXX...X...X...X.....X.................#XX...X#X.......#.X.............##X.....#XX...X.........X.......X.X...X...X...#...X.....X.....X#.
X.X#X.X.XXX.X.X.XX#.X.X.X...X.X.#.X.X.X.X.#XX.X.X.X.X.X.X.X.#.X.X.XXX.X.X.X.X.X.X.X.#.X.X.X.X.X.X.X.X.X##.XXX.#.X.X.X##.X.X#X.#.X.X.X.X.X.X.X.X.X.X.X.X.X.X.X.XXX.X.XXX#X.X.#.X.X.X.X.#.X.X.X.#XX.X.X.XXX.X.X.X.X.X.X.X.X.X.X.X..#X.X#X.X#.#X.X.##X.#.X.X.X.X.X.
....#X..##XX#X...X...X...#.X.....X.........X.......................#...X.........#.....X#X...#.........#...X.........#.....X.....X.........X.....X#XXX##...X..##.....##XX#...X.......X#X.X.#...X...X...X.........X#X.....X#X...X.X...#...X.X...XXX...X.....##...
X.X.X.#.X.X.X#X.X.X.X.#.X#X.X.X.X.X.X.X.X.X.X.X.X.X.#.X.X.X.X.X.X.X.X.X#X.X#X.X#..X.X.X.XXX.XXX.X.X.X.XXX.X.X.X.X.X##.X.X.X.X.X.X.X.X.#.X.#.X.X.XXX.X.X.#.X##.#X#.#.X.XXXXX.X.X.X.#.X.X..#..X.X.#.X#X.X.X.X.X.X.X.XXX.X.X.X.X.X#..X.#XX.X.X.X.X#X.X.#.X.X.XX#.X.
...X....#....X...........X.....#.....X#X.......X#XXX###X...X.X...X#....X...X...X#..X.....#..#X...X...X#X.......#...X...X....#XXX.....X#X.....#...X..#......X#X.XXX.....X#X.....##XX#...#...X.......X.....#...X.....X...#.....#XX.X#XX#.........X.......X...X...#
.##.X.X.X.X.XXX.X.X.X.X.X.X.X.X.X.X.X...X.X.X.X.X.X.XXX.X.X#.#X.#.X.X.X.X#X.X.X.X.X.X.X.X.X.#.X.#.X.#.#.X.X.X.X.X.XXX.X.X.X#X.X.X.X.X.X.X.X.XXX.X#X.X.X.#.X.....X.X.X.X.X.X.X.XXX.XXX.X.#.X.X.X.X.X.#.X.XXX.X.X.X.X#X.XX#.#.#.X.....X.X.#.X.X.X.X.X.X.#.X.X.X.X.
.X.....X#X#..X...XXX...X.....X.....X..#X...X##.......X.....X.......X....#X.......#.....X...#.......X.......X.....XXX.......X.......#..#....XXX#X.....#...#.X.X.#...X.......#...X...X...........X#X.....#XX##.....X.....#...#....#X.X...X...XX#.....X.#..........
X.X.X.X.X.X.X.X.X#X.X.X.X.X.##X.X.X#X.X.X.X.X.X.X.X.X#.#X.X.#.X.X.X.X.X.X.X.X.X.X.X.X.X.X.X.X.X.X.XXX.X.X.X#X.X.X.X.X.X.X.XXX.X.X.X.X.X#X.X.XXX.X.X#X.#.X.....X.X.X.X.X.X.XXX.#.X.X.X.X.X.X.X.X.#XX.X.X.XXX.X.#.X#X.X.X.#.X.X.X.X#X.X.X#X.X#X.X.X.X#.##.X.X.#.X.
.....#...........X.......X.....#...X.....#.....#...X#.#......X...X.....#...X...X#..X.........#XX...X...#.#XX#X.......XXX...X##...X.....X.....X.....X......#X.X.........X...X...........X#XXX.....X#X.....X...X...#X#.........X...X.....X...X...X.....X...X...#..
X.X.XXX.X.X.X.X.X#X.X.X.X.X.X.X.##X.X.X.X.X.X.X.#.XXX.X.X.X#X.X.X.X.X.X.X.##X.X#..X.X.X.X.X.#.X#X.X.X.X#..#X#XX.X.X.X.X.X.#.X.X.X.X.X.#.X.X.X.X#X.#XX.X.#.XXX.X.X.X.X.X#.#X.X.X.X.X.X.X.X.X##.X.X.X.X.X.X.X.#.X.XXX.X.X.X.X.X.X.X.X.X.#.X.X.X.#.X.X.X.X.X.X.XXX.
X#...X#X...X#X...X..#X.......X........#X...#.......X...X...X.......X.............X.....X#..X...X.......X.X.X.X...#...................X...#.....X...X...#...X...X#..#...X.X.....X..##.......X...X#....X...........X..#X...XXX.......X...............#...X.....##.
X.X.#.XXX.X.X.X.X.X.X.X.X.X.X.X.X.X.X.X.X.X.X.X.X.X.X.X#X.X.X.#.X.X.X.X.X.X.X.X.X.X.X.#.X.#.X.X#X.#.X.X.......X#.#X.X.X.X.X.X.X.X.X.X#X.XXX.X.X.X.X.X.XXX.X.X.X.X.X.X.X.X.X.X.X#X.X.X.X.X.XXX.XXX.#.X.X.X.X.X.X.X#X.X.X.X.X.X.X.X.X#X.X.X.X.X.X.X.X.X.X.X.X.#.X.
.......X.......X...X...#XX.....X#..X.........#XX#......XXX...X...X...X#X...#X#XX...X.....X.....X#X...#.X.X.X.X.X.X...#...X...X...X##.....#XX...........#XX.......X.........X#X.#..#.#X.X#..#...X...X.....X#X...X.............XX#...X..#X...X#X...X.........X...X
X.X.X.X#X.X#X.X.X.X#X.XXX.X.X.X.X.X.X.#.X.X.X#X.X.X.X.X.#.X.X.X.X.X.X.X#X.XXXX#.X.X.X.X.X.X.X.X.X.X.X.....X#....X.X.X.X.X#X.X#X.XXXXX.X#..X#X.X.X.X.X.XXX.X.X.X#X.X.X.X.X.X.X#..X.X.X..#..XXX.X.X.X.X.X.XXX.X.X.X.X.X.X.X.X.X#X#X.#.X.X.X.X...X.X.X.X.X.#.X.X.X.
..#.#X...X#XXX.....X...X.....X...X...X...X...X...#XX...................X...#X#.........X...X.......X.X.X.##..X.X...X#..#XX...XX##XXX...#.X.X#..#XX#X...X.....X#X...X...#.......X#X....#.#..X...........#XX.......X..#X...#...X#X.....#.....X#.#X...X...X........
X.X.X.X.X.X##.X.X.X.X.X.X.X.XXX.X##.X.X.##X.X.#.X.X.X.X.X.X.X.X.X.#.#.XXX.XXX.X.X.X.X.XXX.X.#.X.X.X#.##..#.#..X.X.X.X.X#X.X.X.X..#X.X.X.....X.XXX.X.X.X.X.X.X.X.X.X.X.X.X.X#X#..X.X.X.X.X#X.X.X.X.X.X.X.X.X.X.X.X#X.X.X.XX#.X.X.X.X.X.X.X.X...#XX.X.X.X#X.X.X.X.
#..X.......X.....X.......X...X...X.......XXX...........#...X...X..#X...X...X...XXX#X...X.....#XX...#...#.X.X#X.........X.......X.......X#.#X#..#...........X.............X...#.X.....X...X.....X#XXX#X.....X...X..#X.....X.......X.....X...#.XXX.........#X#...X
#.X.X.##X#X.X.X.X.X.X.X.X.X.X.X.X.X.X.X.X.X##.X.X.X.X.X.#.X.X.X#X.#.X.X.X.X.X.X##.X.X.X.X.X.XXX.X.X.X.#.....X.X.X.X.#.X.X.X.X.X.X.#.X.X.#.X.X.X.X.X.X.X.X.X.X.X.X.X.#.X.X.X.XXX.X.X#X.X.XXX.X.X...#.X.X.X.#.X.X.#.X.X#X.X#X.X.X.X.X.#.X.X.X#..X.X.X.X.X#X.X.X.X.
.......X.....X.......X...............X#X.....#.X...X.....X.......#.............X.........#...X........#X.X#X...X...X.....#X#.....X##.....X...X.....X...X.......X...X#X.......#.....X.....#X#...X#.....#X.............X...X...#XX...X.........X.....X#..#........
X.X#X.X.X.X.X#X.X.X.X#X.X.X.X.X.X.X.X..#.#X.X#.#X.X.#.X.X.X.X.X##XX.X.X.X.X.X.X#X.X.X.X.XXX.X.X.X.X.X.X...X.#.X.X.X#X.X.X.X.X.X.X.X#X.X.###.X.X.X.X.X.X#X.X.X.X#X.X.X.#.X.X.X.X.X.#.#.X.X#X.X.X.X.X.X.X.X.X.X.X.X.X.X.X.XXX.XXX.X.X.X.X.X.X.X.X.X.X#.#X.#.X.#.#.
...#XX...X#....X...X#....X...#...X#...#.#....X..#X.....#...X...X.X#X##XX#X...XXX...X#X...X.......X...X.X.X...........X##....##.....XXX...X.......X.....X..#X...X#X#.#..X#XXX#....X...X...#..#X...X...X..#X#X...X#..X.....X...X.......X...#XX.....XXX.....X#X...#
X.X.X.X.X.X.X.X.X.X...X.X.X.X.X.X.X.X.X.X.X.X.X.#XX.X.XXX.X#X.X...X.X.X.X.X.X.X.X.X.XXX.XXX.X.X.X.X.X#...#X.X.X.X.X.X.#.X.X#X.X.#.X.X.X.X.#.X.X.X.#.X.#.X.X.X.X.X.X...X#X.X.X.X.X.X.X#X.#XX.XX#.X.X.X#X.X.X.X.X.#.X#X.X#X.X.X.X.X.X.X.X.X.X.X.X.X#X.X.#.#X#.X.XX
...........X.......X.#XX.......X#..X#X...X#......X#X...X...X....#X...............X...X...X...#.....XXX.#.X...X#X...X....#..X.....X.........X#XXX.....X...X...X....#X.X#X.....X...........X...X......#.#......X#.#X#X...X.........XXX...........X#....X...#..##XX
X.#.X.X.X.X.X.X.X.X.XXX.X.X.X.XXX.X#X.X.X.X.X.X.X.X.X#X.X.XXX.X.X.#.X.X.X.X.X.X.X.X.X.X.X.X.X.X.X.X##...X.X.XXX.X.X.X.X.X.X.#.X.X.#.X.X.X.X.X.X#X.#.X.X.X#X.X#X.X.X...X.X.X#X.X.X.#.X.X#X.X.X#X.X.X.X.X.X##.X.X...X.X.X.X.X.X.X.X.X#X.X.X.X.X.X.X.X.X.X.X.X.#XXX
XX...#XX.....XXX.....X.....X#..X...X.......X...X.....X.....X...##..#X#...X...XX#...............#X#....#X.....X.........#.....X.....X##XX.......X...X.....X#......#..#X.........#XX...#XX.....X..#X.....##......X#....X...X...#.....X#XXX#X...X...X...........#XX
X.X.##X.X.X.X#X.X.X.X.X.X.#...X.X.X.X.X.#.X.X.X.X.X.X.X.X.X.X.X.X.XXX.X.X.#.X.X#X.X.X.X.X.X.X.XXXXX.X.X.X.X.X.X.#.X.X.X.#.X.X.X.X.X.X.X.X.X.X.X.X.X.X.X.X...X.X.##X.X.X.X.X.X.X.X.#.XXX.X.X.X.X##.X.X.#.X.#.X.X.X.#.X.X.X#X.X.X.X.X.#.X.X.X.X.X.X.X.X.X.X.X.XXXX
.....X...X...X.....#...X...X#X.......X##.........X.....X...........X...#.......XXX#XX#...XXX#XXX#X#X.......X...X...X.....X.......X.......X...X...#...X...#.X...#XX..#....XXX.........#...X.....X.....X...X...#.....X.....X....#X.....................XX#..#X#X#X
X.X.XXX.X.X.X.X.X.X.X.X.X.X.X.X.X.X.X.X.X.X.#.X.X.X.X.X#X.X.X.X.X.#.X.#.X.X.X.X.X.X.XXX.X.X.X.XXX#X.X.X.X.X.X.##X.X.X.X.X.X.X.X.X#X.X.X.X.X.X#X.X.#.X.X.X.X.X.X.X.X.X.X.X#X.X.X.X.X.XXX.X.X.X#X.X.X.X.X.X.X.X#X.#.X.X.X.XXX.X...X.X.X.X.X.X.X.X.X.X.X.XXX.#.XXXX
...XXX...........#...............#XX.....X...X#X...X...X...XX#...X.........X.........X.........#XX...X###X.....XXX...X.....X#X....#XXX.......X#.................#....X#..#...X...X...X.......X...#...........X...X...X...X...X.#XX...X...X#X...XX#.....X.....#XX
X.X#X.X.X.X.X.X.X.##X.#.X.X#X.#.X.X.#.X.#.X.XXX.X.#.X.XXX.X#X.X.X.X.X.X.#.X#X.X.X.#.#.#.X.X.X.XXX.X.XXX#X.X.X.X.#.X.X#X.X.X..#X.X.X.X.X.X.X.X...X.X.X.X.X.X.X.X.X.X.X.X.X.X.X.X.X#X#X.X.X.X.XX#.X.X.X.X.X.X.X.X.#.X.X.X.X#X.#.X.X#X#X#X.X.XXX.X#XX#.X.#.X.X.XXXX
...X.....X...X#X...X##X#...##..X.......X.....X.........X...X...X.....#...X.....X#XXX.....X#X#..#.....##X...X.........X...XXX.X...X.....X...X#X.X...#...#...XX#...X.....X.........X.......X#XXX.....X#X..#..X#............X.......X.X.X.....#...XXX#X.....#X#X#XX
X.X.X.X.X.X.XXXXX.X.XXX.X.X.X.X.X.X.X.X#X.X.#.X.X.X.X.X.X.XXX.X#X.X.XXX.##X.X.XX#.X.X.X.#.X.X.X.X.X.X#X.X.X.X.X.X.X.XXX.X#X...X.XXX.X.X.X.X.XXX.X.X.X.X.X.X.XXX.X.X.X.X.X.X.X.X.X#X.#.X.X.X.#.X.X.X.XXX.X.XXX.X.X.X.X.X.#XX.X.X.#.....X.X.X.X.X.XXX#X.X.X#XXX.XX
#X...X#X.....XX#.....X...X...X.....X#XXXXX.......X#X.......X...X.X#..X...X#X...X.....X.......X...X...X.........X...X#X...X.X#....X...X.......X.......X#......X.......X.....X#X...#...#...........X...##X#..#..#X...#XX...#...X#X.X#X.X.X#X.......X#X...X#X#X...X
X.X.X.X.X.X.X.XXX.X.X.#.X.X.X.X.X.#.X.XXX.X.X.X.#...X.X.X.X.X.X#....#.X.X.X.X.X.X.X.X.X.X.X#X.X.X.X.X.#.X.#.X.X#X.XX#.X.X.....X.XXX.X.X.X.X.X.#.X.X.X...X.X.X.X.X.X.X.X.X.X.XXX.X#X.X.#.X.#.#.X.X#X#.#X.X.X.X.X.X.X.X.X.X.X.X.....X.....#.X.X.X.X.#.X.#.#XX.X.X.
.........#.....X#X.............X.......X.....X#...#X...#.......X.X.X.........X.....X...X...X...........X#..X...X...X.....#.X.X...X.....#XX.......#...X.##X.....X...#...X.....X#XXXXX...X...#XX...X...X.......X...X...........X#X.X.X.X.X...X...X.....#...X......
X.X.X.X.X.X.X.X.X.X#X.X.#.X.X.X.#.X.X.X.X.#.#XX.X#X.X.#X#.X.X.X.XXX.X.X.X.X.X.X.#.X.X.X#X.XXX.X.X.X.X.X.X.#.X.X.X.X.X.X.X.XXX.X.X#X.X.X.X#X.X.X.X.X.X.X.X#X.X.X.X.XXX.X.X.X#..X.X##.X.X.X.X.X#X.X.X.X.X.X.X.X.X.#.X.#.X.X.X.#........#X.X.X.#.XXX.X.X.X.X.X.X.X.
X#XX...X...X#X.....XXX...X##.....X...X...X...X...X.....X#X.X#X...X.....#...#.....X.....X...X...X#X.XXX...#.......X...X.....X.....X...X...X...X#X.........###.....#X#.......X.#...X...........X.........##..#.......X...X#X...#.X.X.X.X.........XX#.........X...X
X.X.X.X#X.X#..X.X.X.X.#.X.XXX.X.X.X.X.X.X.X.X.X.X.X.X.X.X.....X.X#X.X.XXX.#.X.X.X.X.#.XXX.X.X.X.X..#X.X.X.X.X.#.X.X.X.X.X#X.X.X.X.X.X.X.XXX.X..#X.X.X.X.X.X#X.X.X.X#X.X.X.X.#XX.X##.X.X.X.X#X.X.X.X.X.X.X.X.X.X.X.X#X.X.X.X#..#..#..X.X.#.X.#.X.X.X.X.X.X.X.X.X.
.......X....#...#X.........X...X...............X...X#X....#X#X.......#XX#X...#.....X...#........#X.........#...#.........X...X...........X...X...X##..#X...X...#....#XXX.....#.....X...#X#.....X##..##.........X...X......#X.#X#.X.#...X...X.........X...#......
X.X.X.X.X.X.X.X.X.X.X.X.X.X.#.#.X.X.X.X.X.X.X.X.X.X.X.X#X.X.X.X.X.X.XX#XXXX.X.X.X.X#X.X.X.X.X.X.X.X.#.X.X.X.X.XXX.X.X.X.X.X.X#X.X.X.X.X.#.X.X#X.X.#.X.X.X.XX#.XXX.X.X.X.X.X.X.X.X.X.X.X.X.X#X.X.XXX.X##.X.X.X.X.X.X.X.X.X#X.X.X...X.X.X.X.X#X.X.X.#.X.X.X.X.X.X.
..#X.......X...#...X...X#X.......##X...X...#...........X.......X##...#XXXX.....X...#.......#...#.....X#X.......#X#X#XX.......X...XXX#X.......X.......#.....X##XX...X.....X.......#.........##....X...X...#X##X.........X#X.....X#..........X...X#X.....X.....X#X
X.#.X.X.X.X.X.#.X.X.X.X.#.#.X.X.#.XXX.X#X.X.X.X.X.X.X.X#X.X.X.X..#X.X.X#X.X.X.X#X.XXX.X.X.X.X.XXX.X.X.XXX.X.#.X.XXX.X#X.X.X.X.X.X.X.X.X.X.X.X.X.X#X#X.X.X.X.XXX.X.X.X.X.X.X.X#X.#.X.X.X.X.X.X.X.#.X.X.X.XXX.X.X.X.X.X.X.X.X#X.X.X.X.X.X.X.X.#.XXX.X.X.X.X.X.X.X.
.....X...X................#X#X.....X...X.....X#XX#...X#..#...#..#XXX...X...X...X...X#..#XX.....X#..#...#XX#X.....X.....X##............#X.X.......X.....X.....#.......X.......X..#....#.X#X.....#....#.#..X.......X#X.......#.....#...#...#.....#..#X.....X......
X.X.X.X.X#X.X.X.X.X.X.X.X.X...X.X.X#X.XXX.X.XXX.X#X.X.X.XXX.X.X.X#X.#.X.X.X.X.X.X.X.X.X.X#X.X.X.X#X.X.XX#.XX#.X.#.X.X#X.XXX.X.X.X.X.X.X..#X.X.X.XXX.X.#.X.X.X#X.X.X.X.X.#.X.X#X.#.X.X...X.X.X.X.X.X.X.##X.X.X.X.XXX.X.#.X.##X.X.XXX.X.X#X.X.X.X.X.XX#.X.XXX.X.X.
...X.....X.X##X#..#X...XXX.X.XXX...X...X#X...X...X.......#.......X...................X...XX#.....#.....#...X...X.....X...X...X#X#X.X#X.X.X.##X...X...X.....X.X...X.......X...X...#....#X.....X...X.....X...X...XXX.....X.....X...#.....X..#X.......XXX...XX#...X
.##.X.X.X..#X.X.X..#X.X.#.....#.X.X.X.X.XX#.XXX.X.X.X.X.X.X.X.X.X.#.X.X.X.X.X.X.X.X.X.X.X.X#X.#.XXX.X.X.X.X.X.X.X.X.X.X.X.X.X#..X...X#......X.#.X.X.X.X.X.X#..X.X.X.X.X.X#X.X.X.X.#.X.#.#.X.X.X.X.X.X.X.X.#.X.X#X.X.X.X.X.X.X.X.X.X.X.X.X.X#X.X.X.X.X#X.X.X.X.X.
#....X...#.X.....X#X.....#.X.X...........#...X.....X#XX#.....X.....X#..X#.#X...X#X.........#...XXXXX...............X.........X.X.X.X.#.X.#.#.............X#..X#X.....X...XXX...#..#..X.....X.........#.........X...X.....XX#.......X.X.....#XX#X.....X..........
X#X.X.X.X...X.#.##X.X.X.X...X#X.X.X.X.X#..X.XXX.X.X##.#XX.X.X#X.X#X..#X.X#..X.XXXXX.X.X.X.X.X.X.X#X.X.X.X.X.X.X.X.X.X.X.X.X.X...........X.X.##X.X.X.X.#.X..#....X.X.X.X.X.X#X.X.X.X.#.X.X.#.X.X.X.X.X#X#X.#.X.XXX.X.X.X.X#X.X.X.X.X#.#X.X.X.#.X#X.X.X.X.X.X.X.X.
XX.......#.X...XXX...X#X.X.X...X...X#X##.X...X...X#....X...#.X...X..#......X...#X#...XXX.........X...X#X...X...#.......X...#XX.X.#.X.X.X#....XXX...X...#.#.X.X.##X.X.......X..#....#...X.....X#X...X#X.X...#...X.......XXX...#XX#......X.......X#XX#..#X...X...X
X.X.X.X.X..#X.###.#.#.X.....X.X.X.X...X.X.X.XXX.X.X.X.#.X.X...X.X.X.##X.X.X.X.#X#.X.X#X.X.X.X.X.XXX.X.XXX.X#X.XXX.X.X.X.X.X.X..#X.X###X.X.X.X.X#X.X##.X.....#..#.#.#X.X.#.X.X.X.X.X.X.X.X.X.X.X.X.XXX..#X.XXX.#.X.X.X.X#X.X.XXX.X.X.#.X.X.#.X.X.#.X#X.XXX.X#X.X#
.....X##XX.X...X.......#.X.X.......X#........X.....X........##XX......#X.......X..#..X.....#...##X.....X...#.XX#...#X#.......#.....XXX...X.....X...X..#X.X.XXX.X.X...X...X#......#.......X.........#..#....XX#.....X#X.......X...#XX.......XXX.....X...X...X...X
X.X.X.X.X....##.X.#.X###X..#X.X.X.X.X#X.X.X.XXX.X.X.X.X.X.X.X.X#X.X.X.#.X#X.X.X.X.X.X.X.X.X.X.XX#.X.X.X.#.X..#X.X.XX#XX.X.X.X.X.X.X.X.X.X#X.X.XXX.X.X.X...#XX.....#.X#X.XX#.X.#.X.#.X.X.X#X.X.X.#.X#X.X.X.X.X.X.X.XX#.X.X.X.X.#.XXX.X.X.#.X.X#X.X.#.X.X#X.X.X.X.
...X.....#.X.X...X...X..#X.X#X...X...X...X...X...#.....X...X...X...XXX.....X.......X...X#X.....#..#X.......X....#X.X.#...X##...X.........X.#...X#X...X.X.X.#.X.X.X...X...X...#XX.....##X.....#XX.......X.......X...X#..X.X.......#.....X.....X...#.....X.....X#.
X.X##.X.X.X..#X.X.X.#.X.X...#.X.X#X.XXX.X.X.X.X.X.X.X.X.X.X.X.X.X.X#X.X.X#X.X.X.X.X.X.X.X.X.X.XX#.X.X.X.X.X##.#.X.....X.XX#.#.X.X.X.X#X##...X.#....#X..#........X.X.XXX.X.X.X##.X.X.XXX.X.X.X###X.X##.X.X.#.#.X#X.X.X.X..#X.X.X.X#X.X.##X.X.X.X.X.X.X.X.X.X.X.X.
...XX#.....#.............X#....XXX...#X#...........X#X.............X.....X.....X#X...........XXX.......#XX#XXX...X#X#....X.......X...X....#X...X.X.X.X.X.X.X.X.##....#.......X...X...#...##XXX.......X.....X...X.......X...X#..#XX...X#X...X.........X#..X#X....
#.X.X.X.X.X#X.#.X.#.X.X.X.X.#.X#X.X.X.X.X.X.#.X.X.XXX.#.X.X.X.X.X.X.X.X.X.X.X.X.X.X.X.X.X.X.X#X.X.X.X.XXX.XXX.#.X.X.X.X.XXX.X.X.X.X.X#X.X.X#X#..#.......X...X...X.X.X..#X.X.X#X.X.X.XXX.X.X.X.X.X.X.X.X.X.#.#.X.#.X.X.X#X.X.X.XXX.X.#...X.XXX.#.X.X.X.X.X.XXX.X.
.......X...XXX.X##...X.....X.............X...XXX...X...X...X#X...X.....#.....#....##X#X#XX...X.....X...X...X.........X...X...#.......#X#...X.X.X.X.X.X.X.X.X#X.X#X...X#X...X#X.......#.........X...X...X.....X...X#X...#..#....X.....X#....X...X#X#X.......X#X..
X.X.X.X.X.X.X...X.X.X.X.X.X.X.X.X.X#X.X.X#X.X.X##.X#X.X.X.X#X.X.X#X#X.X.#.X.XX#.X#X.X.XXX#X.X.X.X.X#X.X.X.X.X.X.X.X.#.X.X.X.XXX.X.X.X.X.X.X.........X.........X#X.X.X.X.X.XX#.X.X.X.XX#.X.X.##X.X.X.#.X.#.X.X.#.#.X.X#X.X.X.X.#.X.X.#...X.X.X.X.X.X#.#X.X.X.X#X.
...#X#.......X#....X...X.....X...X#XX#...X.....X...X.......X...X...X.....X...X...X.....#X#XX...X...XXX.......#...X...........X#X#X.........#.X.X.X.X#X.X.X.X.X#X...........#.....X#..X...X#..X.............#.........X.......X.....X#X.X...........X.#...X#.....
X.XXX.X.X.#.X.X.X.X.X.X.#.X.X.X.X#.#X.X.XXX.X.X#X.X#X#X.X.XXX.X#X.#.X.X.X.X.X#X.X.X.X.XXX.##X.##X.X.#.X.X.X.X.X.X.X.X.X.X.X.X.X.X.X.X.X.X.XXX#XXX.....#X#...XXX.X.X#X.X.X.X.X.X.X.X.X.X.X.X.X.X.X.X.X.X.X.X.X.X.X.X#X.X.X.X.X#X.X.X.XX#.X.X.X.X.X.X.X.X.X.X.X.X.
...X...X...X...X.........#.......X.......#..#XXX...X...X...X...X....#..X.....X.......#XX...X...XXX#......#XX...X.....X##.##X........#X...XXX.X.X.X.X.X.X#X.X.X....#..X...#.....X...X.......X...X...X...X.......#.......X...X...X.....#.....X#X#X...........X...X
X.X#X.X.#.X.X.X.X.X.X.X.X.X.X.X.X.X#X#X.X.X.X.X.X.#.X.X.X.X#X.XXX.X.X.X.X.X.XXX.X.#.X.X.X.X.X.X.X.X.X.X.X.#.X.X.X.X.X.X...X.X.#.X.X...X.X#X..#......X.........X.X.X.X.X.XXX.#.#.X.X.X.X.X.X.X.X.X.##X.##X.X.X.X.X.X.#.X.X.X#X.X.X.X.#.X.X.###...#.X.X.#.X.X.X.X.
...................X#X.......#.....X.......X#..............X...X##.........X.X##...#..........#......X.............#...X#......X#X..#X...X.X.X.X#X.#.X.X.X.X.X.XX#.......X#X...........#...........X#X...X#XX#...#XX.......X.......#.....X.X#X.X#X...X#X........
.#X.X.X.X.X.X.X.X.X.X.X.X.X.#.X.X.X.X.X.X.X.X.X.X.X.X.X.X.X.X.X.X#X.X.X.X.##....X.X.X.X.X.X#X.X.X.X.X#X.X.X.X.X.X.###.X.X.X.#.X.X.X#X..#.......#X.....##..X.....#.X.X.X.X.X.#.X.X.X.#.XXX.X.X.#.X.X.X.X.X.#.X.X.X.##X.X.X.X.#.X.#.X.X.X.X#......#.X.X.X#X.X.X.X.
.#...X...X...X...X.......X.....X#X.....X.......X...X...X...........X...X.....#.#.......X...X.....X...#XX...X...X...X.......X.........X.X.X.X.X...X.X.X#..X#X.X.X#...#X.........X...X...#...X#..X..............#........#.......X.....#..#..X.X#........X...X...X
