#FILE polygon 7
2
0 0
2017 2027
906
0 1
405 1
916 2
1252 3
1504 4
1704 5
1871 6
2014 7
2140 8
2251 9
2351 10
2442 11
2525 12
2602 13
2674 14
2740 15
2803 16
2862 17
2917 18
2970 19
3020 20
3068 21
3113 22
3157 23
3198 24
3238 25
3277 26
3314 27
3384 29
3417 30
3481 32
3511 33
3569 35
3597 36
3624 37
3676 39
3701 40
3749 42
3795 44
3839 46
3881 48
3941 51
3998 54
4034 56
4069 58
4119 61
4151 63
4182 65
4212 67
4241 69
4297 73
4324 75
4363 78
4388 80
4460 86
4483 88
4527 92
4559 95
4590 98
4620 101
4649 104
4668 106
4705 110
4714 111
4749 115
4783 119
4808 122
4848 127
4879 131
4894 133
4938 139
4987 146
5027 152
5053 156
5072 159
5156 173
5190 179
5223 185
5239 188
5260 192
5335 207
5354 211
5382 217
5427 227
5453 233
5470 237
5491 242
5551 257
5574 263
5589 267
5633 279
5675 291
5692 296
5712 302
5738 310
5754 315
5776 322
5842 344
5865 352
5893 362
5912 369
5944 381
5957 386
5975 393
6010 407
6027 414
6039 419
6081 437
6108 449
6130 459
6143 465
6158 472
6181 483
6249 517
6270 528
6285 536
6298 543
6309 549
6327 559
6343 568
6350 572
6369 583
6386 593
6406 605
6424 616
6448 631
6470 645
6496 662
6511 672
6533 687
6546 696
6556 703
6584 723
6595 731
6610 742
6630 757
6647 770
6665 784
6705 816
6722 830
6728 835
6754 857
6769 870
6785 884
6794 892
6804 901
6826 921
6840 934
6858 951
6886 978
6930 1022
6957 1050
6974 1068
6987 1082
6998 1094
7008 1105
7017 1115
7033 1133
7054 1157
7066 1171
7077 1184
7107 1220
7120 1236
7144 1266
7155 1280
7162 1289
7172 1302
7185 1319
7206 1347
7220 1366
7228 1377
7241 1395
7246 1402
7258 1419
7272 1439
7281 1452
7294 1471
7334 1531
7345 1548
7354 1562
7368 1584
7388 1616
7396 1629
7407 1647
7431 1687
7441 1704
7455 1728
7479 1770
7488 1786
7503 1813
7521 1846
7535 1872
7543 1887
7553 1906
7565 1929
7584 1966
7618 2034
7636 2071
7648 2096
7657 2115
7665 2132
7679 2162
7685 2175
7705 2219
7714 2239
7722 2257
7733 2282
7740 2298
7770 2368
7778 2387
7788 2411
7802 2445
7815 2477
7833 2522
7846 2555
7853 2573
7873 2625
7884 2654
7893 2678
7903 2705
7910 2724
7930 2779
7945 2821
7957 2855
7965 2878
7974 2904
7987 2942
8026 3059
8038 3096
8047 3124
8061 3168
8081 3232
8093 3271
8100 3294
8124 3374
8139 3425
8148 3456
8172 3540
8181 3572
8196 3626
8217 3703
8224 3729
8236 3774
8251 3831
8265 3885
8276 3928
8312 4072
8323 4117
8330 4146
8342 4196
8351 4234
8359 4268
8366 4298
8384 4376
8394 4420
8403 4460
8421 4541
8435 4605
8443 4642
8452 4684
8466 4750
8475 4793
8480 4817
8486 4846
8493 4880
8504 4934
8530 5064
8541 5120
8548 5156
8554 5187
8559 5213
8571 5276
8578 5313
8584 5345
8592 5388
8597 5415
8604 5453
8622 5552
8629 5591
8637 5636
8649 5704
8665 5796
8670 5825
8677 5866
8686 5919
8713 6081
8722 6136
8728 6173
8738 6235
8746 6285
8761 6380
8766 6412
8775 6470
8785 6535
8792 6581
8797 6614
8805 6667
8819 6761
8829 6829
8836 6877
8847 6953
8860 7044
8871 7122
8878 7172
8883 7208
8895 7295
8907 7383
8912 7420
8932 7570
8942 7646
8948 7692
8960 7785
8965 7824
8971 7871
8983 7966
8991 8030
9003 8127
9009 8176
9014 8217
9022 8283
9034 8383
9039 8425
9057 8578
9062 8621
9074 8725
9078 8760
9088 8848
9097 8928
9113 9072
9122 9154
9132 9246
9139 9311
9145 9367
9150 9414
9168 9585
9173 9633
9179 9691
9191 9808
9197 9867
9223 10127
9229 10188
9234 10239
9238 10280
9247 10373
9252 10425
9266 10572
9271 10625
9280 10721
9284 10764
9289 10818
9295 10883
9316 11114
9322 11181
9327 11237
9331 11282
9340 11384
9345 11441
9355 11556
9360 11614
9369 11719
9373 11766
9378 11825
9385 11908
9401 12100
9408 12185
9416 12283
9425 12394
9432 12481
9436 12531
9446 12657
9449 12695
9457 12797
9463 12874
9482 13121
9488 13200
9496 13306
9502 13386
9511 13507
9518 13602
9527 13725
9531 13780
9536 13849
9557 14143
9563 14228
9567 14285
9573 14371
9580 14472
9584 14530
9591 14632
9594 14676
9602 14794
9607 14868
9624 15123
9630 15214
9634 15275
9640 15367
9645 15444
9653 15568
9658 15646
9661 15693
9665 15756
9670 15835
9680 15994
9681 16010
9691 16171
9696 16252
9705 16399
9717 16597
9726 16747
9731 16831
9751 17171
9756 17257
9765 17413
9775 17588
9781 17694
9789 17836
9807 18160
9812 18251
9821 18416
9829 18564
9834 18657
9837 18713
9841 18788
9848 18920
9856 19072
9863 19206
9867 19283
9873 19399
9883 19594
9889 19712
9893 19791
9899 19910
9908 20090
9914 20211
9918 20292
9924 20414
9932 20578
9941 20764
9947 20889
9957 21099
9963 21226
9967 21311
9970 21375
9980 21590
9986 21720
9990 21807
9997 21960
10000 22026
10008 22203
10012 22292
10015 22359
10020 22471
10024 22561
10033 22765
10039 22902
10047 23086
10053 23225
10057 23318
10062 23435
10068 23576
10074 23718
10078 23813
10094 24197
10098 24294
10101 24367
10111 24612
10117 24760
10122 24884
10131 25109
10136 25235
10140 25336
10145 25463
10147 25514
10152 25642
10155 25719
10159 25822
10172 26160
10177 26291
10180 26370
10190 26635
10198 26849
10209 27146
10214 27282
10217 27364
10227 27639
10235 27861
10245 28141
10249 28254
10255 28424
10261 28595
10267 28767
10283 29231
10289 29407
10295 29584
10301 29762
10307 29941
10311 30061
10317 30242
10323 30424
10329 30607
10332 30699
10336 30822
10347 31163
10351 31288
10354 31382
10362 31634
10365 31729
10370 31888
10377 32112
10382 32273
10385 32370
10393 32630
10396 32728
10402 32925
10407 33090
10412 33256
10418 33456
10420 33523
10425 33691
10430 33860
10439 34166
10443 34303
10446 34406
10450 34544
10456 34752
10461 34926
10465 35066
10471 35277
10474 35383
10480 35596
10483 35703
10487 35846
10495 36134
10499 36279
10502 36388
10510 36680
10514 36827
10523 37160
10527 37309
10530 37421
10534 37571
10537 37684
10541 37835
10550 38177
10554 38330
10562 38638
10565 38754
10577 39222
10581 39379
10587 39616
10590 39735
10603 40255
10606 40376
10612 40619
10615 40741
10628 41274
10633 41481
10635 41564
10638 41689
10642 41856
10649 42150
10653 42319
10658 42531
10664 42787
10674 43217
10677 43347
10685 43695
10691 43958
10693 44046
10698 44267
10701 44400
10707 44667
10711 44846
10718 45161
10722 45342
10728 45615
10731 45752
10742 46258
10745 46397
10749 46583
10752 46723
10764 47287
10769 47524
10775 47810
10783 48194
10786 48339
10792 48630
10795 48776
10804 49217
10810 49513
10816 49811
10823 50161
10827 50362
10833 50665
10838 50919
10841 51072
10846 51328
10852 51637
10855 51792
10863 52208
10866 52365
10872 52680
10878 52997
10884 53316
10890 53637
10893 53798
10900 54176
10906 54502
10912 54830
10918 55160
10922 55381
10926 55603
10929 55770
10937 56218
10940 56387
10944 56613
10947 56783
10954 57182
10960 57526
10963 57699
10974 58337
10978 58571
10981 58747
10990 59278
10993 59456
10999 59814
11006 60234
11009 60415
11011 60536
11014 60718
11023 61267
11026 61451
11028 61574
11031 61759
11039 62255
11042 62442
11044 62567
11047 62755
11055 63259
11061 63640
11064 63831
11069 64151
11073 64408
11075 64537
11078 64731
11086 65251
11089 65447
11091 65578
11094 65775
11101 66237
11104 66436
11106 66569
11109 66769
11116 67238
11119 67440
11121 67575
11124 67778
11130 68186
11133 68391
11137 68665
11147 69355
11151 69633
11156 69982
11157 70052
11161 70333
11165 70615
11168 70827
11173 71182
11176 71396
11180 71682
11189 72330
11193 72620
11197 72911
11200 73130
11203 73350
11207 73644
11210 73865
11214 74161
11217 74384
11221 74682
11229 75282
11232 75508
11235 75735
11242 76267
11245 76496
11248 76726
11255 77265
11258 77497
11261 77730
11268 78276
11271 78511
11274 78747
11280 79221
11283 79459
11285 79618
11289 79937
11290 80017
11294 80338
11298 80660
11301 80902
11303 81064
11307 81389
11309 81552
11312 81797
11317 82207
11320 82454
11322 82619
11331 83366
11335 83700
11342 84288
11346 84626
11350 84965
11351 85050
11355 85391
11357 85562
11360 85819
11364 86163
11367 86422
11369 86595
11372 86855
11375 87116
11378 87378
11382 87728
11388 88256
11391 88521
11394 88787
11399 89232
11405 89769
11410 90219
11413 90490
11416 90762
11421 91217
11424 91491
11427 91766
11432 92226
11435 92503
11438 92781
11443 93246
11446 93526
11449 93807
11453 94183
11456 94466
11459 94750
11465 95320
11467 95511
11470 95798
11475 96278
11479 96664
11486 97343
11488 97538
11491 97831
11495 98223
11499 98617
11502 98913
11504 99111
11507 99409
11509 99608
11512 99907
11513 100007
11517 100408
11519 100609
11527 101417
11529 101620
11536 102334
11540 102744
11545 103259
11549 103673
11555 104297
11559 104715
11565 105345
11567 105556
11570 105873
11572 106085
11575 106404
11577 106617
11584 107366
11588 107796
11592 108228
11596 108662
11602 109316
11606 109754
11611 110304
11613 110525
11616 110857
11619 111190
11623 111636
11630 112420
11632 112645
11638 113323
11642 113777
11645 114119
11648 114462
11650 114691
11655 115266
11659 115728
11664 116308
11668 116774
11671 117125
11674 117477
11676 117712
11681 118302
11683 118539
11686 118895
11687 119014
11691 119491
11694 119850
11696 120090
11699 120451
11701 120692
11706 121297
11710 121783
11713 122149
11716 122516
11719 122884
11721 123130
11724 123500
11727 123871
11729 124119
11732 124492
11735 124866
11737 125116
11740 125492
11743 125869
11745 126121
11748 126500
11751 126880
11753 127134
11756 127516
11759 127899
11760 128027
11763 128412
11765 128669
11770 129314
11774 129832
11776 130092
11779 130483
11781 130744
11785 131268
11787 131531
11790 131926
11791 132058
11794 132455
11796 132720
11800 133252
11804 133786
11807 134188
11811 134726
11815 135266
11819 135808
11822 136216
11826 136762
11830 137310
11832 137585
11838 138413
11840 138690
11844 139246
11848 139804
11850 140084
11853 140505
11856 140927
11857 141068
11860 141492
11862 141775
11865 142201
11869 142771
11872 143200
11876 143774
11879 144206
11883 144784
11886 145219
11890 145801
11893 146239
11897 146825
11899 147119
11902 147561
11908 148449
11912 149044
11915 149492
11918 149941
11919 150091
11922 150542
11928 151448
11931 151903
11933 152207
11935 152512
11938 152970
11939 153123
11943 153737
11947 154353
11949 154662
11953 155282
11955 155593
11960 156373
11962 156686
11966 157314
11968 157629
11973 158419
11975 158736
11978 159213
11982 159851
11984 160171
11988 160813
11990 161135
11993 161619
11997 162267
11999 162592
