#FILE polygon 8
3
0 0
203 1
101 543
116
0 1
28 1
65 2
89 3
107 4
121 5
133 6
143 7
152 8
160 9
174 11
180 12
191 14
200 16
212 19
219 21
234 26
244 30
266 41
271 44
280 50
288 56
293 60
316 83
321 89
330 101
336 110
341 118
344 123
349 132
360 154
364 163
367 170
373 185
376 193
380 204
387 225
391 238
397 259
400 270
408 302
411 315
413 324
416 338
424 378
428 400
431 417
435 441
438 460
440 473
447 522
451 552
456 592
460 626
464 662
466 681
473 751
479 817
482 852
483 864
486 901
490 953
492 980
495 1022
498 1066
499 1081
501 1112
505 1176
510 1261
512 1297
514 1334
517 1391
521 1471
523 1513
525 1556
527 1600
530 1669
532 1716
534 1765
536 1815
539 1893
542 1974
544 2030
546 2088
548 2147
550 2208
551 2239
553 2303
555 2368
558 2470
560 2540
562 2612
563 2649
565 2724
568 2841
569 2881
571 2963
573 3047
574 3090
576 3178
578 3268
579 3314
581 3408
582 3456
583 3505
585 3605
587 3707
588 3759
589 3812
590 3866
592 3976
593 4032
595 4146
597 4264
598 4324
599 4385
