#FILE polygon 10
4
0 0
54 270
81 423
101 543
119
0 9
252 9
455 10
788 19
1004 28
1166 37
1292 46
1400 55
1490 64
1571 73
1643 82
1769 100
1823 109
1922 127
2003 145
2111 172
2174 190
2309 235
2399 271
2597 370
2642 397
2723 451
2795 505
2840 541
3047 748
5064 2775
5109 2829
5190 2937
5244 3018
5289 3090
5316 3135
5361 3216
5460 3414
5496 3495
5523 3558
5577 3693
5604 3765
5640 3864
5703 4053
5739 4170
5793 4359
5820 4458
5892 4746
5919 4863
5937 4944
5964 5070
5982 5160
6018 5358
6034 5454
6061 5625
6079 5742
6142 6183
6178 6453
6223 6813
6259 7119
6295 7443
6313 7614
6376 8244
6430 8838
6457 9153
6466 9261
6493 9594
6529 10062
6547 10305
6574 10683
6601 11079
6610 11214
6628 11493
6664 12069
6709 12834
6727 13158
6745 13491
6772 14004
6808 14724
6826 15102
6844 15489
6862 15885
6889 16506
6907 16929
6925 17370
6943 17820
6970 18522
6997 19251
7015 19755
7033 20277
7051 20808
7069 21357
7078 21636
7096 22212
7114 22797
7141 23715
7159 24345
7177 24993
7186 25326
7204 26001
7231 27054
7240 27414
7258 28152
7276 28908
7285 29295
7303 30087
7321 30897
7330 31311
7348 32157
7357 32589
7366 33030
7384 33930
7402 34848
7411 35316
7420 35793
7429 36279
7447 37269
7456 37773
7474 38799
7492 39861
7501 40401
7510 40950
7408 41492
5391 39465
