250 1501
0 1
0 2
0 3
0 4
0 5
0 6
0 7
0 8
0 9
0 10
0 11
0 12
0 13
0 14
0 15
0 16
0 17
0 18
0 19
0 20
0 21
0 22
0 23
0 24
0 25
0 26
0 27
0 28
0 29
0 30
0 31
0 32
0 33
0 34
0 35
0 36
0 37
0 38
0 39
0 40
0 41
0 42
0 43
0 44
0 45
0 46
0 47
0 48
0 49
0 50
0 51
0 52
0 53
0 54
0 55
0 56
0 57
0 58
0 59
0 60
0 61
0 62
0 63
0 64
0 65
0 66
0 67
0 68
0 69
0 70
0 71
0 72
0 73
0 74
0 75
0 76
0 77
0 78
0 79
0 80
0 81
0 82
0 83
0 84
0 85
0 86
0 87
0 88
0 89
0 90
0 91
0 92
0 93
0 94
0 95
0 96
0 97
0 98
0 99
0 100
0 101
0 102
0 103
0 104
0 105
0 106
0 107
0 108
0 109
0 110
0 111
0 112
0 113
0 114
0 115
0 116
0 117
0 118
0 119
0 120
0 121
0 122
0 123
0 124
0 125
0 126
0 127
0 128
0 129
0 130
0 131
0 132
0 133
0 134
0 135
0 136
0 137
0 138
0 139
0 140
0 141
0 142
0 143
0 144
0 145
0 146
0 147
0 148
0 149
0 150
0 151
0 152
0 153
0 154
0 155
0 156
0 157
0 158
0 159
0 160
0 161
0 162
0 163
0 164
0 165
0 166
0 167
0 168
0 169
0 170
0 171
0 172
0 173
0 174
0 175
0 176
0 177
0 178
0 179
0 180
0 181
0 182
0 183
0 184
0 185
0 186
0 187
0 188
0 189
0 190
0 191
0 192
0 193
0 194
0 195
0 196
0 197
0 198
0 199
0 200
0 201
0 202
0 203
0 204
0 205
0 206
0 207
0 208
0 209
0 210
0 211
0 212
0 213
0 214
0 215
0 216
0 217
0 218
0 219
0 220
0 221
0 222
0 223
0 224
0 225
0 226
0 227
0 228
0 229
0 230
0 231
0 232
0 233
0 234
0 235
0 236
0 237
0 238
0 239
0 240
0 241
0 242
0 243
0 244
0 245
0 246
0 247
0 248
0 249
1 2
1 4
1 6
1 8
1 10
1 12
1 14
1 16
1 18
1 20
1 22
1 24
1 26
1 28
1 30
1 32
1 34
1 36
1 38
1 40
1 42
1 44
1 46
1 48
1 50
1 52
1 54
1 56
1 58
1 60
1 62
1 64
1 66
1 68
1 70
1 72
1 74
1 76
1 78
1 80
1 82
1 84
1 86
1 88
1 90
1 92
1 94
1 96
1 98
1 100
1 102
1 104
1 106
1 108
1 110
1 112
1 114
1 116
1 118
1 120
1 122
1 124
1 126
1 128
1 130
1 132
1 134
1 136
1 138
1 140
1 142
1 144
1 146
1 148
1 150
1 152
1 154
1 156
1 158
1 160
1 162
1 164
1 166
1 168
1 170
1 172
1 174
1 176
1 178
1 180
1 182
1 184
1 186
1 188
1 190
1 192
1 194
1 196
1 198
1 200
1 202
1 204
1 206
1 208
1 210
1 212
1 214
1 216
1 218
1 220
1 222
1 224
1 226
1 228
1 230
1 232
1 234
1 236
1 238
1 240
1 242
1 244
1 246
1 248
2 3
2 6
2 9
2 12
2 15
2 18
2 21
2 24
2 27
2 30
2 33
2 36
2 39
2 42
2 45
2 48
2 51
2 54
2 57
2 60
2 63
2 66
2 69
2 72
2 75
2 78
2 81
2 84
2 87
2 90
2 93
2 96
2 99
2 102
2 105
2 108
2 111
2 114
2 117
2 120
2 123
2 126
2 129
2 132
2 135
2 138
2 141
2 144
2 147
2 150
2 153
2 156
2 159
2 162
2 165
2 168
2 171
2 174
2 177
2 180
2 183
2 186
2 189
2 192
2 195
2 198
2 201
2 204
2 207
2 210
2 213
2 216
2 219
2 222
2 225
2 228
2 231
2 234
2 237
2 240
2 243
2 246
2 249
3 4
3 8
3 12
3 16
3 20
3 24
3 28
3 32
3 36
3 40
3 44
3 48
3 52
3 56
3 60
3 64
3 68
3 72
3 76
3 80
3 84
3 88
3 92
3 96
3 100
3 104
3 108
3 112
3 116
3 120
3 124
3 128
3 132
3 136
3 140
3 144
3 148
3 152
3 156
3 160
3 164
3 168
3 172
3 176
3 180
3 184
3 188
3 192
3 196
3 200
3 204
3 208
3 212
3 216
3 220
3 224
3 228
3 232
3 236
3 240
3 244
3 248
4 5
4 10
4 15
4 20
4 25
4 30
4 35
4 40
4 45
4 50
4 55
4 60
4 65
4 70
4 75
4 80
4 85
4 90
4 95
4 100
4 105
4 110
4 115
4 120
4 125
4 130
4 135
4 140
4 145
4 150
4 155
4 160
4 165
4 170
4 175
4 180
4 185
4 190
4 195
4 200
4 205
4 210
4 215
4 220
4 225
4 230
4 235
4 240
4 245
5 6
5 12
5 18
5 24
5 30
5 36
5 42
5 48
5 54
5 60
5 66
5 72
5 78
5 84
5 90
5 96
5 102
5 108
5 114
5 120
5 126
5 132
5 138
5 144
5 150
5 156
5 162
5 168
5 174
5 180
5 186
5 192
5 198
5 204
5 210
5 216
5 222
5 228
5 234
5 240
5 246
6 7
6 14
6 21
6 28
6 35
6 42
6 49
6 56
6 63
6 70
6 77
6 84
6 91
6 98
6 105
6 112
6 119
6 126
6 133
6 140
6 147
6 154
6 161
6 168
6 175
6 182
6 189
6 196
6 203
6 210
6 217
6 224
6 231
6 238
6 245
7 8
7 16
7 24
7 32
7 40
7 48
7 56
7 64
7 72
7 80
7 88
7 96
7 104
7 112
7 120
7 128
7 136
7 144
7 152
7 160
7 168
7 176
7 184
7 192
7 200
7 208
7 216
7 224
7 232
7 240
7 248
8 9
8 18
8 27
8 36
8 45
8 54
8 63
8 72
8 81
8 90
8 99
8 108
8 117
8 126
8 135
8 144
8 153
8 162
8 171
8 180
8 189
8 198
8 207
8 216
8 225
8 234
8 243
9 10
9 20
9 30
9 40
9 50
9 60
9 70
9 80
9 90
9 100
9 110
9 120
9 130
9 140
9 150
9 160
9 170
9 180
9 190
9 200
9 210
9 220
9 230
9 240
10 11
10 22
10 33
10 44
10 55
10 66
10 77
10 88
10 99
10 110
10 121
10 132
10 143
10 154
10 165
10 176
10 187
10 198
10 209
10 220
10 231
10 242
11 12
11 24
11 36
11 48
11 60
11 72
11 84
11 96
11 108
11 120
11 132
11 144
11 156
11 168
11 180
11 192
11 204
11 216
11 228
11 240
12 13
12 26
12 39
12 52
12 65
12 78
12 91
12 104
12 117
12 130
12 143
12 156
12 169
12 182
12 195
12 208
12 221
12 234
12 247
13 14
13 28
13 42
13 56
13 70
13 84
13 98
13 112
13 126
13 140
13 154
13 168
13 182
13 196
13 210
13 224
13 238
14 15
14 30
14 45
14 60
14 75
14 90
14 105
14 120
14 135
14 150
14 165
14 180
14 195
14 210
14 225
14 240
15 16
15 32
15 48
15 64
15 80
15 96
15 112
15 128
15 144
15 160
15 176
15 192
15 208
15 224
15 240
16 17
16 34
16 51
16 68
16 85
16 102
16 119
16 136
16 153
16 170
16 187
16 204
16 221
16 238
17 18
17 36
17 54
17 72
17 90
17 108
17 126
17 144
17 162
17 180
17 198
17 216
17 234
18 19
18 38
18 57
18 76
18 95
18 114
18 133
18 152
18 171
18 190
18 209
18 228
18 247
19 20
19 40
19 60
19 80
19 100
19 120
19 140
19 160
19 180
19 200
19 220
19 240
20 21
20 42
20 63
20 84
20 105
20 126
20 147
20 168
20 189
20 210
20 231
21 22
21 44
21 66
21 88
21 110
21 132
21 154
21 176
21 198
21 220
21 242
22 23
22 46
22 69
22 92
22 115
22 138
22 161
22 184
22 207
22 230
23 24
23 48
23 72
23 96
23 120
23 144
23 168
23 192
23 216
23 240
24 25
24 50
24 75
24 100
24 125
24 150
24 175
24 200
24 225
25 26
25 52
25 78
25 104
25 130
25 156
25 182
25 208
25 234
26 27
26 54
26 81
26 108
26 135
26 162
26 189
26 216
26 243
27 28
27 56
27 84
27 112
27 140
27 168
27 196
27 224
28 29
28 58
28 87
28 116
28 145
28 174
28 203
28 232
29 30
29 60
29 90
29 120
29 150
29 180
29 210
29 240
30 31
30 62
30 93
30 124
30 155
30 186
30 217
30 248
31 32
31 64
31 96
31 128
31 160
31 192
31 224
32 33
32 66
32 99
32 132
32 165
32 198
32 231
33 34
33 68
33 102
33 136
33 170
33 204
33 238
34 35
34 70
34 105
34 140
34 175
34 210
34 245
35 36
35 72
35 108
35 144
35 180
35 216
36 37
36 74
36 111
36 148
36 185
36 222
37 38
37 76
37 114
37 152
37 190
37 228
38 39
38 78
38 117
38 156
38 195
38 234
39 40
39 80
39 120
39 160
39 200
39 240
40 41
40 82
40 123
40 164
40 205
40 246
41 42
41 84
41 126
41 168
41 210
42 43
42 86
42 129
42 172
42 215
43 44
43 88
43 132
43 176
43 220
44 45
44 90
44 135
44 180
44 225
45 46
45 92
45 138
45 184
45 230
46 47
46 94
46 141
46 188
46 235
47 48
47 96
47 144
47 192
47 240
48 49
48 98
48 147
48 196
48 245
49 50
49 100
49 150
49 200
50 51
50 102
50 153
50 204
51 52
51 104
51 156
51 208
52 53
52 106
52 159
52 212
53 54
53 108
53 162
53 216
54 55
54 110
54 165
54 220
55 56
55 112
55 168
55 224
56 57
56 114
56 171
56 228
57 58
57 116
57 174
57 232
58 59
58 118
58 177
58 236
59 60
59 120
59 180
59 240
60 61
60 122
60 183
60 244
61 62
61 124
61 186
61 248
62 63
62 126
62 189
63 64
63 128
63 192
64 65
64 130
64 195
65 66
65 132
65 198
66 67
66 134
66 201
67 68
67 136
67 204
68 69
68 138
68 207
69 70
69 140
69 210
70 71
70 142
70 213
71 72
71 144
71 216
72 73
72 146
72 219
73 74
73 148
73 222
74 75
74 150
74 225
75 76
75 152
75 228
76 77
76 154
76 231
77 78
77 156
77 234
78 79
78 158
78 237
79 80
79 160
79 240
80 81
80 162
80 243
81 82
81 164
81 246
82 83
82 166
82 249
83 84
83 168
84 85
84 170
85 86
85 172
86 87
86 174
87 88
87 176
88 89
88 178
89 90
89 180
90 91
90 182
91 92
91 184
92 93
92 186
93 94
93 188
94 95
94 190
95 96
95 192
96 97
96 194
97 98
97 196
98 99
98 198
99 100
99 200
100 101
100 202
101 102
101 204
102 103
102 206
103 104
103 208
104 105
104 210
105 106
105 212
106 107
106 214
107 108
107 216
108 109
108 218
109 110
109 220
110 111
110 222
111 112
111 224
112 113
112 226
113 114
113 228
114 115
114 230
115 116
115 232
116 117
116 234
117 118
117 236
118 119
118 238
119 120
119 240
120 121
120 242
121 122
121 244
122 123
122 246
123 124
123 248
124 125
125 126
126 127
127 128
128 129
129 130
130 131
131 132
132 133
133 134
134 135
135 136
136 137
137 138
138 139
139 140
140 141
141 142
142 143
143 144
144 145
145 146
146 147
147 148
148 149
149 150
150 151
151 152
152 153
153 154
154 155
155 156
156 157
157 158
158 159
159 160
160 161
161 162
162 163
163 164
164 165
165 166
166 167
167 168
168 169
169 170
170 171
171 172
172 173
173 174
174 175
175 176
176 177
177 178
178 179
179 180
180 181
181 182
182 183
183 184
184 185
185 186
186 187
187 188
188 189
189 190
190 191
191 192
192 193
193 194
194 195
195 196
196 197
197 198
198 199
199 200
200 201
201 202
202 203
203 204
204 205
205 206
206 207
207 208
208 209
209 210
210 211
211 212
212 213
213 214
214 215
215 216
216 217
217 218
218 219
219 220
220 221
221 222
222 223
223 224
224 225
225 226
226 227
227 228
228 229
229 230
230 231
231 232
232 233
233 234
234 235
235 236
236 237
237 238
238 239
239 240
240 241
241 242
242 243
243 244
244 245
245 246
246 247
247 248
248 249
1 3
1 5
1 7
1 9
1 11
1 13
1 15
1 17
1 19
1 21
1 23
1 25
1 27
1 29
1 31
1 33
1 35
1 37
1 39
1 41
1 43
1 45
1 47
1 49
1 51
1 53
1 55
1 57
1 59
1 61
1 63
1 65
1 67
1 69
1 71
1 73
1 75
1 77
1 79
1 81
1 83
1 85
1 87
1 89
1 91
1 93
1 95
1 97
1 99
1 101
1 103
1 105
1 107
1 109
1 111
1 113
1 115
1 117
1 119
1 121
1 123
1 125
1 127
1 129
1 131
1 133
1 135
1 137
1 139
1 141
1 143
1 145
1 147
1 149
1 151
1 153
1 155
1 157
1 159
1 161
1 163
1 165
1 167
1 169
1 171
1 173
1 175
1 177
