753 1501
1 752
0 2
2 752
0 3
3 752
0 4
4 752
0 5
5 752
0 6
6 752
0 7
7 752
0 8
8 752
0 9
9 752
0 10
10 752
0 11
11 752
0 12
12 752
0 13
13 752
0 14
14 752
0 15
15 752
0 16
16 752
0 17
17 752
0 18
18 752
0 19
19 752
0 20
20 752
0 21
21 752
0 22
22 752
0 23
23 752
0 24
24 752
0 25
25 752
0 26
26 752
0 27
27 752
0 28
28 752
0 29
29 752
0 30
30 752
0 31
31 752
0 32
32 752
0 33
33 752
0 34
34 752
0 35
35 752
0 36
36 752
0 37
37 752
0 38
38 752
0 39
39 752
0 40
40 752
0 41
41 752
0 42
42 752
0 43
43 752
0 44
44 752
0 45
45 752
0 46
46 752
0 47
47 752
0 48
48 752
0 49
49 752
0 50
50 752
0 51
51 752
0 52
52 752
0 53
53 752
0 54
54 752
0 55
55 752
0 56
56 752
0 57
57 752
0 58
58 752
0 59
59 752
0 60
60 752
0 61
61 752
0 62
62 752
0 63
63 752
0 64
64 752
0 65
65 752
0 66
66 752
0 67
67 752
0 68
68 752
0 69
69 752
0 70
70 752
0 71
71 752
0 72
72 752
0 73
73 752
0 74
74 752
0 75
75 752
0 76
76 752
0 77
77 752
0 78
78 752
0 79
79 752
0 80
80 752
0 81
81 752
0 82
82 752
0 83
83 752
0 84
84 752
0 85
85 752
0 86
86 752
0 87
87 752
0 88
88 752
0 89
89 752
0 90
90 752
0 91
91 752
0 92
92 752
0 93
93 752
0 94
94 752
0 95
95 752
0 96
96 752
0 97
97 752
0 98
98 752
0 99
99 752
0 100
100 752
0 101
101 752
0 102
102 752
0 103
103 752
0 104
104 752
0 105
105 752
0 106
106 752
0 107
107 752
0 108
108 752
0 109
109 752
0 110
110 752
0 111
111 752
0 112
112 752
0 113
113 752
0 114
114 752
0 115
115 752
0 116
116 752
0 117
117 752
0 118
118 752
0 119
119 752
0 120
120 752
0 121
121 752
0 122
122 752
0 123
123 752
0 124
124 752
0 125
125 752
0 126
126 752
0 127
127 752
0 128
128 752
0 129
129 752
0 130
130 752
0 131
131 752
0 132
132 752
0 133
133 752
0 134
134 752
0 135
135 752
0 136
136 752
0 137
137 752
0 138
138 752
0 139
139 752
0 140
140 752
0 141
141 752
0 142
142 752
0 143
143 752
0 144
144 752
0 145
145 752
0 146
146 752
0 147
147 752
0 148
148 752
0 149
149 752
0 150
150 752
0 151
151 752
0 152
152 752
0 153
153 752
0 154
154 752
0 155
155 752
0 156
156 752
0 157
157 752
0 158
158 752
0 159
159 752
0 160
160 752
0 161
161 752
0 162
162 752
0 163
163 752
0 164
164 752
0 165
165 752
0 166
166 752
0 167
167 752
0 168
168 752
0 169
169 752
0 170
170 752
0 171
171 752
0 172
172 752
0 173
173 752
0 174
174 752
0 175
175 752
0 176
176 752
0 177
177 752
0 178
178 752
0 179
179 752
0 180
180 752
0 181
181 752
0 182
182 752
0 183
183 752
0 184
184 752
0 185
185 752
0 186
186 752
0 187
187 752
0 188
188 752
0 189
189 752
0 190
190 752
0 191
191 752
0 192
192 752
0 193
193 752
0 194
194 752
0 195
195 752
0 196
196 752
0 197
197 752
0 198
198 752
0 199
199 752
0 200
200 752
0 201
201 752
0 202
202 752
0 203
203 752
0 204
204 752
0 205
205 752
0 206
206 752
0 207
207 752
0 208
208 752
0 209
209 752
0 210
210 752
0 211
211 752
0 212
212 752
0 213
213 752
0 214
214 752
0 215
215 752
0 216
216 752
0 217
217 752
0 218
218 752
0 219
219 752
0 220
220 752
0 221
221 752
0 222
222 752
0 223
223 752
0 224
224 752
0 225
225 752
0 226
226 752
0 227
227 752
0 228
228 752
0 229
229 752
0 230
230 752
0 231
231 752
0 232
232 752
0 233
233 752
0 234
234 752
0 235
235 752
0 236
236 752
0 237
237 752
0 238
238 752
0 239
239 752
0 240
240 752
0 241
241 752
0 242
242 752
0 243
243 752
0 244
244 752
0 245
245 752
0 246
246 752
0 247
247 752
0 248
248 752
0 249
249 752
0 250
250 752
0 251
251 752
0 252
252 752
0 253
253 752
0 254
254 752
0 255
255 752
0 256
256 752
0 257
257 752
0 258
258 752
0 259
259 752
0 260
260 752
0 261
261 752
0 262
262 752
0 263
263 752
0 264
264 752
0 265
265 752
0 266
266 752
0 267
267 752
0 268
268 752
0 269
269 752
0 270
270 752
0 271
271 752
0 272
272 752
0 273
273 752
0 274
274 752
0 275
275 752
0 276
276 752
0 277
277 752
0 278
278 752
0 279
279 752
0 280
280 752
0 281
281 752
0 282
282 752
0 283
283 752
0 284
284 752
0 285
285 752
0 286
286 752
0 287
287 752
0 288
288 752
0 289
289 752
0 290
290 752
0 291
291 752
0 292
292 752
0 293
293 752
0 294
294 752
0 295
295 752
0 296
296 752
0 297
297 752
0 298
298 752
0 299
299 752
0 300
300 752
0 301
301 752
0 302
302 752
0 303
303 752
0 304
304 752
0 305
305 752
0 306
306 752
0 307
307 752
0 308
308 752
0 309
309 752
0 310
310 752
0 311
311 752
0 312
312 752
0 313
313 752
0 314
314 752
0 315
315 752
0 316
316 752
0 317
317 752
0 318
318 752
0 319
319 752
0 320
320 752
0 321
321 752
0 322
322 752
0 323
323 752
0 324
324 752
0 325
325 752
0 326
326 752
0 327
327 752
0 328
328 752
0 329
329 752
0 330
330 752
0 331
331 752
0 332
332 752
0 333
333 752
0 334
334 752
0 335
335 752
0 336
336 752
0 337
337 752
0 338
338 752
0 339
339 752
0 340
340 752
0 341
341 752
0 342
342 752
0 343
343 752
0 344
344 752
0 345
345 752
0 346
346 752
0 347
347 752
0 348
348 752
0 349
349 752
0 350
350 752
0 351
351 752
0 352
352 752
0 353
353 752
0 354
354 752
0 355
355 752
0 356
356 752
0 357
357 752
0 358
358 752
0 359
359 752
0 360
360 752
0 361
361 752
0 362
362 752
0 363
363 752
0 364
364 752
0 365
365 752
0 366
366 752
0 367
367 752
0 368
368 752
0 369
369 752
0 370
370 752
0 371
371 752
0 372
372 752
0 373
373 752
0 374
374 752
0 375
375 752
0 376
376 752
0 377
377 752
0 378
378 752
0 379
379 752
0 380
380 752
0 381
381 752
0 382
382 752
0 383
383 752
0 384
384 752
0 385
385 752
0 386
386 752
0 387
387 752
0 388
388 752
0 389
389 752
0 390
390 752
0 391
391 752
0 392
392 752
0 393
393 752
0 394
394 752
0 395
395 752
0 396
396 752
0 397
397 752
0 398
398 752
0 399
399 752
0 400
400 752
0 401
401 752
0 402
402 752
0 403
403 752
0 404
404 752
0 405
405 752
0 406
406 752
0 407
407 752
0 408
408 752
0 409
409 752
0 410
410 752
0 411
411 752
0 412
412 752
0 413
413 752
0 414
414 752
0 415
415 752
0 416
416 752
0 417
417 752
0 418
418 752
0 419
419 752
0 420
420 752
0 421
421 752
0 422
422 752
0 423
423 752
0 424
424 752
0 425
425 752
0 426
426 752
0 427
427 752
0 428
428 752
0 429
429 752
0 430
430 752
0 431
431 752
0 432
432 752
0 433
433 752
0 434
434 752
0 435
435 752
0 436
436 752
0 437
437 752
0 438
438 752
0 439
439 752
0 440
440 752
0 441
441 752
0 442
442 752
0 443
443 752
0 444
444 752
0 445
445 752
0 446
446 752
0 447
447 752
0 448
448 752
0 449
449 752
0 450
450 752
0 451
451 752
0 452
452 752
0 453
453 752
0 454
454 752
0 455
455 752
0 456
456 752
0 457
457 752
0 458
458 752
0 459
459 752
0 460
460 752
0 461
461 752
0 462
462 752
0 463
463 752
0 464
464 752
0 465
465 752
0 466
466 752
0 467
467 752
0 468
468 752
0 469
469 752
0 470
470 752
0 471
471 752
0 472
472 752
0 473
473 752
0 474
474 752
0 475
475 752
0 476
476 752
0 477
477 752
0 478
478 752
0 479
479 752
0 480
480 752
0 481
481 752
0 482
482 752
0 483
483 752
0 484
484 752
0 485
485 752
0 486
486 752
0 487
487 752
0 488
488 752
0 489
489 752
0 490
490 752
0 491
491 752
0 492
492 752
0 493
493 752
0 494
494 752
0 495
495 752
0 496
496 752
0 497
497 752
0 498
498 752
0 499
499 752
0 500
500 752
0 501
501 752
0 502
502 752
0 503
503 752
0 504
504 752
0 505
505 752
0 506
506 752
0 507
507 752
0 508
508 752
0 509
509 752
0 510
510 752
0 511
511 752
0 512
512 752
0 513
513 752
0 514
514 752
0 515
515 752
0 516
516 752
0 517
517 752
0 518
518 752
0 519
519 752
0 520
520 752
0 521
521 752
0 522
522 752
0 523
523 752
0 524
524 752
0 525
525 752
0 526
526 752
0 527
527 752
0 528
528 752
0 529
529 752
0 530
530 752
0 531
531 752
0 532
532 752
0 533
533 752
0 534
534 752
0 535
535 752
0 536
536 752
0 537
537 752
0 538
538 752
0 539
539 752
0 540
540 752
0 541
541 752
0 542
542 752
0 543
543 752
0 544
544 752
0 545
545 752
0 546
546 752
0 547
547 752
0 548
548 752
0 549
549 752
0 550
550 752
0 551
551 752
0 552
552 752
0 553
553 752
0 554
554 752
0 555
555 752
0 556
556 752
0 557
557 752
0 558
558 752
0 559
559 752
0 560
560 752
0 561
561 752
0 562
562 752
0 563
563 752
0 564
564 752
0 565
565 752
0 566
566 752
0 567
567 752
0 568
568 752
0 569
569 752
0 570
570 752
0 571
571 752
0 572
572 752
0 573
573 752
0 574
574 752
0 575
575 752
0 576
576 752
0 577
577 752
0 578
578 752
0 579
579 752
0 580
580 752
0 581
581 752
0 582
582 752
0 583
583 752
0 584
584 752
0 585
585 752
0 586
586 752
0 587
587 752
0 588
588 752
0 589
589 752
0 590
590 752
0 591
591 752
0 592
592 752
0 593
593 752
0 594
594 752
0 595
595 752
0 596
596 752
0 597
597 752
0 598
598 752
0 599
599 752
0 600
600 752
0 601
601 752
0 602
602 752
0 603
603 752
0 604
604 752
0 605
605 752
0 606
606 752
0 607
607 752
0 608
608 752
0 609
609 752
0 610
610 752
0 611
611 752
0 612
612 752
0 613
613 752
0 614
614 752
0 615
615 752
0 616
616 752
0 617
617 752
0 618
618 752
0 619
619 752
0 620
620 752
0 621
621 752
0 622
622 752
0 623
623 752
0 624
624 752
0 625
625 752
0 626
626 752
0 627
627 752
0 628
628 752
0 629
629 752
0 630
630 752
0 631
631 752
0 632
632 752
0 633
633 752
0 634
634 752
0 635
635 752
0 636
636 752
0 637
637 752
0 638
638 752
0 639
639 752
0 640
640 752
0 641
641 752
0 642
642 752
0 643
643 752
0 644
644 752
0 645
645 752
0 646
646 752
0 647
647 752
0 648
648 752
0 649
649 752
0 650
650 752
0 651
651 752
0 652
652 752
0 653
653 752
0 654
654 752
0 655
655 752
0 656
656 752
0 657
657 752
0 658
658 752
0 659
659 752
0 660
660 752
0 661
661 752
0 662
662 752
0 663
663 752
0 664
664 752
0 665
665 752
0 666
666 752
0 667
667 752
0 668
668 752
0 669
669 752
0 670
670 752
0 671
671 752
0 672
672 752
0 673
673 752
0 674
674 752
0 675
675 752
0 676
676 752
0 677
677 752
0 678
678 752
0 679
679 752
0 680
680 752
0 681
681 752
0 682
682 752
0 683
683 752
0 684
684 752
0 685
685 752
0 686
686 752
0 687
687 752
0 688
688 752
0 689
689 752
0 690
690 752
0 691
691 752
0 692
692 752
0 693
693 752
0 694
694 752
0 695
695 752
0 696
696 752
0 697
697 752
0 698
698 752
0 699
699 752
0 700
700 752
0 701
701 752
0 702
702 752
0 703
703 752
0 704
704 752
0 705
705 752
0 706
706 752
0 707
707 752
0 708
708 752
0 709
709 752
0 710
710 752
0 711
711 752
0 712
712 752
0 713
713 752
0 714
714 752
0 715
715 752
0 716
716 752
0 717
717 752
0 718
718 752
0 719
719 752
0 720
720 752
0 721
721 752
0 722
722 752
0 723
723 752
0 724
724 752
0 725
725 752
0 726
726 752
0 727
727 752
0 728
728 752
0 729
729 752
0 730
730 752
0 731
731 752
0 732
732 752
0 733
733 752
0 734
734 752
0 735
735 752
0 736
736 752
0 737
737 752
0 738
738 752
0 739
739 752
0 740
740 752
0 741
741 752
0 742
742 752
0 743
743 752
0 744
744 752
0 745
745 752
0 746
746 752
0 747
747 752
0 748
748 752
0 749
749 752
0 750
750 752
0 751
751 752
